<?xml version="1.0" encoding="UTF-8"?>
<testsuites>
  <testsuite name="" tests="94" assertions="311" errors="0" warnings="0" failures="0" skipped="0" time="1.468938">
    <testsuite name="Project Test Suite" tests="94" assertions="311" errors="0" warnings="0" failures="0" skipped="0" time="1.468938">
      <testsuite name="App\Blackjack\GameBlackjackTest" file="/home/p0ntan/dbwebb-kurser/mvc/me/report/tests/Blackjack/GameBlackjackTest.php" tests="8" assertions="22" errors="0" warnings="0" failures="0" skipped="0" time="0.053789">
        <testcase name="testCreateAndInitGame" class="App\Blackjack\GameBlackjackTest" classname="App.Blackjack.GameBlackjackTest" file="/home/p0ntan/dbwebb-kurser/mvc/me/report/tests/Blackjack/GameBlackjackTest.php" line="18" assertions="4" time="0.042812"/>
        <testcase name="testPlaceBet" class="App\Blackjack\GameBlackjackTest" classname="App.Blackjack.GameBlackjackTest" file="/home/p0ntan/dbwebb-kurser/mvc/me/report/tests/Blackjack/GameBlackjackTest.php" line="36" assertions="2" time="0.001844"/>
        <testcase name="testCheckOptionsBlackjack" class="App\Blackjack\GameBlackjackTest" classname="App.Blackjack.GameBlackjackTest" file="/home/p0ntan/dbwebb-kurser/mvc/me/report/tests/Blackjack/GameBlackjackTest.php" line="60" assertions="2" time="0.001930"/>
        <testcase name="testCheckOptionsBust" class="App\Blackjack\GameBlackjackTest" classname="App.Blackjack.GameBlackjackTest" file="/home/p0ntan/dbwebb-kurser/mvc/me/report/tests/Blackjack/GameBlackjackTest.php" line="84" assertions="2" time="0.001028"/>
        <testcase name="testCheckOptionsHighBet" class="App\Blackjack\GameBlackjackTest" classname="App.Blackjack.GameBlackjackTest" file="/home/p0ntan/dbwebb-kurser/mvc/me/report/tests/Blackjack/GameBlackjackTest.php" line="113" assertions="2" time="0.000858"/>
        <testcase name="testDoubleDown" class="App\Blackjack\GameBlackjackTest" classname="App.Blackjack.GameBlackjackTest" file="/home/p0ntan/dbwebb-kurser/mvc/me/report/tests/Blackjack/GameBlackjackTest.php" line="139" assertions="4" time="0.001653"/>
        <testcase name="testSplit" class="App\Blackjack\GameBlackjackTest" classname="App.Blackjack.GameBlackjackTest" file="/home/p0ntan/dbwebb-kurser/mvc/me/report/tests/Blackjack/GameBlackjackTest.php" line="165" assertions="4" time="0.002181"/>
        <testcase name="testPlayerAddCard" class="App\Blackjack\GameBlackjackTest" classname="App.Blackjack.GameBlackjackTest" file="/home/p0ntan/dbwebb-kurser/mvc/me/report/tests/Blackjack/GameBlackjackTest.php" line="205" assertions="2" time="0.001484"/>
      </testsuite>
      <testsuite name="App\Blackjack\PlayerBlackjackTest" file="/home/p0ntan/dbwebb-kurser/mvc/me/report/tests/Blackjack/PlayerBlackjackTest.php" tests="9" assertions="27" errors="0" warnings="0" failures="0" skipped="0" time="0.027198">
        <testcase name="testCreatePlayer" class="App\Blackjack\PlayerBlackjackTest" classname="App.Blackjack.PlayerBlackjackTest" file="/home/p0ntan/dbwebb-kurser/mvc/me/report/tests/Blackjack/PlayerBlackjackTest.php" line="18" assertions="3" time="0.000522"/>
        <testcase name="testAddAndResetHand" class="App\Blackjack\PlayerBlackjackTest" classname="App.Blackjack.PlayerBlackjackTest" file="/home/p0ntan/dbwebb-kurser/mvc/me/report/tests/Blackjack/PlayerBlackjackTest.php" line="34" assertions="3" time="0.000481"/>
        <testcase name="testAddAndResetMultipleHands" class="App\Blackjack\PlayerBlackjackTest" classname="App.Blackjack.PlayerBlackjackTest" file="/home/p0ntan/dbwebb-kurser/mvc/me/report/tests/Blackjack/PlayerBlackjackTest.php" line="54" assertions="6" time="0.000965"/>
        <testcase name="testAddAndGetCurrentHand" class="App\Blackjack\PlayerBlackjackTest" classname="App.Blackjack.PlayerBlackjackTest" file="/home/p0ntan/dbwebb-kurser/mvc/me/report/tests/Blackjack/PlayerBlackjackTest.php" line="78" assertions="4" time="0.004157"/>
        <testcase name="testAddAndGetCurrentHandException" class="App\Blackjack\PlayerBlackjackTest" classname="App.Blackjack.PlayerBlackjackTest" file="/home/p0ntan/dbwebb-kurser/mvc/me/report/tests/Blackjack/PlayerBlackjackTest.php" line="99" assertions="3" time="0.001987"/>
        <testcase name="testSetAndGetMoney" class="App\Blackjack\PlayerBlackjackTest" classname="App.Blackjack.PlayerBlackjackTest" file="/home/p0ntan/dbwebb-kurser/mvc/me/report/tests/Blackjack/PlayerBlackjackTest.php" line="123" assertions="2" time="0.001725"/>
        <testcase name="testGetTotalBet" class="App\Blackjack\PlayerBlackjackTest" classname="App.Blackjack.PlayerBlackjackTest" file="/home/p0ntan/dbwebb-kurser/mvc/me/report/tests/Blackjack/PlayerBlackjackTest.php" line="139" assertions="1" time="0.015313"/>
        <testcase name="testSplitHand" class="App\Blackjack\PlayerBlackjackTest" classname="App.Blackjack.PlayerBlackjackTest" file="/home/p0ntan/dbwebb-kurser/mvc/me/report/tests/Blackjack/PlayerBlackjackTest.php" line="157" assertions="4" time="0.001497"/>
        <testcase name="testSplitHandEmpty" class="App\Blackjack\PlayerBlackjackTest" classname="App.Blackjack.PlayerBlackjackTest" file="/home/p0ntan/dbwebb-kurser/mvc/me/report/tests/Blackjack/PlayerBlackjackTest.php" line="187" assertions="1" time="0.000551"/>
      </testsuite>
      <testsuite name="App\Blackjack\RulesBlackjackTest" file="/home/p0ntan/dbwebb-kurser/mvc/me/report/tests/Blackjack/RulesBlackjackTest.php" tests="9" assertions="25" errors="0" warnings="0" failures="0" skipped="0" time="0.015812">
        <testcase name="testGetHighestValue" class="App\Blackjack\RulesBlackjackTest" classname="App.Blackjack.RulesBlackjackTest" file="/home/p0ntan/dbwebb-kurser/mvc/me/report/tests/Blackjack/RulesBlackjackTest.php" line="17" assertions="1" time="0.001242"/>
        <testcase name="testRuleBlackjack" class="App\Blackjack\RulesBlackjackTest" classname="App.Blackjack.RulesBlackjackTest" file="/home/p0ntan/dbwebb-kurser/mvc/me/report/tests/Blackjack/RulesBlackjackTest.php" line="37" assertions="5" time="0.001981"/>
        <testcase name="testRuleSoftBlackjack" class="App\Blackjack\RulesBlackjackTest" classname="App.Blackjack.RulesBlackjackTest" file="/home/p0ntan/dbwebb-kurser/mvc/me/report/tests/Blackjack/RulesBlackjackTest.php" line="67" assertions="5" time="0.001878"/>
        <testcase name="testRuleBust" class="App\Blackjack\RulesBlackjackTest" classname="App.Blackjack.RulesBlackjackTest" file="/home/p0ntan/dbwebb-kurser/mvc/me/report/tests/Blackjack/RulesBlackjackTest.php" line="99" assertions="5" time="0.001891"/>
        <testcase name="testRuleSplit" class="App\Blackjack\RulesBlackjackTest" classname="App.Blackjack.RulesBlackjackTest" file="/home/p0ntan/dbwebb-kurser/mvc/me/report/tests/Blackjack/RulesBlackjackTest.php" line="131" assertions="5" time="0.002445"/>
        <testcase name="testComputerRules16" class="App\Blackjack\RulesBlackjackTest" classname="App.Blackjack.RulesBlackjackTest" file="/home/p0ntan/dbwebb-kurser/mvc/me/report/tests/Blackjack/RulesBlackjackTest.php" line="159" assertions="1" time="0.001682"/>
        <testcase name="testComputerRules18" class="App\Blackjack\RulesBlackjackTest" classname="App.Blackjack.RulesBlackjackTest" file="/home/p0ntan/dbwebb-kurser/mvc/me/report/tests/Blackjack/RulesBlackjackTest.php" line="179" assertions="1" time="0.001834"/>
        <testcase name="testComputerRulesAces" class="App\Blackjack\RulesBlackjackTest" classname="App.Blackjack.RulesBlackjackTest" file="/home/p0ntan/dbwebb-kurser/mvc/me/report/tests/Blackjack/RulesBlackjackTest.php" line="199" assertions="1" time="0.001440"/>
        <testcase name="testComputerRulesBust" class="App\Blackjack\RulesBlackjackTest" classname="App.Blackjack.RulesBlackjackTest" file="/home/p0ntan/dbwebb-kurser/mvc/me/report/tests/Blackjack/RulesBlackjackTest.php" line="219" assertions="1" time="0.001417"/>
      </testsuite>
      <testsuite name="App\Card\CardGraphicTest" file="/home/p0ntan/dbwebb-kurser/mvc/me/report/tests/Card/CardGraphicTest.php" tests="3" assertions="8" errors="0" warnings="0" failures="0" skipped="0" time="0.002573">
        <testcase name="testCreateCardGraphicNoArgument" class="App\Card\CardGraphicTest" classname="App.Card.CardGraphicTest" file="/home/p0ntan/dbwebb-kurser/mvc/me/report/tests/Card/CardGraphicTest.php" line="16" assertions="3" time="0.001468"/>
        <testcase name="testGetClassName" class="App\Card\CardGraphicTest" classname="App.Card.CardGraphicTest" file="/home/p0ntan/dbwebb-kurser/mvc/me/report/tests/Card/CardGraphicTest.php" line="34" assertions="2" time="0.000568"/>
        <testcase name="testGetAsGraphicString" class="App\Card\CardGraphicTest" classname="App.Card.CardGraphicTest" file="/home/p0ntan/dbwebb-kurser/mvc/me/report/tests/Card/CardGraphicTest.php" line="51" assertions="3" time="0.000537"/>
      </testsuite>
      <testsuite name="App\Card\CardHandTest" file="/home/p0ntan/dbwebb-kurser/mvc/me/report/tests/Card/CardHandTest.php" tests="10" assertions="36" errors="0" warnings="0" failures="0" skipped="0" time="0.007732">
        <testcase name="testCreateCardHand" class="App\Card\CardHandTest" classname="App.Card.CardHandTest" file="/home/p0ntan/dbwebb-kurser/mvc/me/report/tests/Card/CardHandTest.php" line="16" assertions="6" time="0.000529"/>
        <testcase name="testAddAndGetCard" class="App\Card\CardHandTest" classname="App.Card.CardHandTest" file="/home/p0ntan/dbwebb-kurser/mvc/me/report/tests/Card/CardHandTest.php" line="36" assertions="3" time="0.000503"/>
        <testcase name="testAddAndGetMultipleCards" class="App\Card\CardHandTest" classname="App.Card.CardHandTest" file="/home/p0ntan/dbwebb-kurser/mvc/me/report/tests/Card/CardHandTest.php" line="52" assertions="6" time="0.000871"/>
        <testcase name="testRemoveLastCard" class="App\Card\CardHandTest" classname="App.Card.CardHandTest" file="/home/p0ntan/dbwebb-kurser/mvc/me/report/tests/Card/CardHandTest.php" line="70" assertions="5" time="0.001536"/>
        <testcase name="testRemoveLastCardEmptyHand" class="App\Card\CardHandTest" classname="App.Card.CardHandTest" file="/home/p0ntan/dbwebb-kurser/mvc/me/report/tests/Card/CardHandTest.php" line="93" assertions="3" time="0.001310"/>
        <testcase name="testSetAndGetOutcome" class="App\Card\CardHandTest" classname="App.Card.CardHandTest" file="/home/p0ntan/dbwebb-kurser/mvc/me/report/tests/Card/CardHandTest.php" line="110" assertions="3" time="0.000495"/>
        <testcase name="testSetAndGetIsDone" class="App\Card\CardHandTest" classname="App.Card.CardHandTest" file="/home/p0ntan/dbwebb-kurser/mvc/me/report/tests/Card/CardHandTest.php" line="131" assertions="2" time="0.000497"/>
        <testcase name="testSetAndGetPoints" class="App\Card\CardHandTest" classname="App.Card.CardHandTest" file="/home/p0ntan/dbwebb-kurser/mvc/me/report/tests/Card/CardHandTest.php" line="147" assertions="2" time="0.000498"/>
        <testcase name="testSetAndGetBet" class="App\Card\CardHandTest" classname="App.Card.CardHandTest" file="/home/p0ntan/dbwebb-kurser/mvc/me/report/tests/Card/CardHandTest.php" line="163" assertions="2" time="0.000483"/>
        <testcase name="testGetAsJson" class="App\Card\CardHandTest" classname="App.Card.CardHandTest" file="/home/p0ntan/dbwebb-kurser/mvc/me/report/tests/Card/CardHandTest.php" line="179" assertions="4" time="0.001009"/>
      </testsuite>
      <testsuite name="App\Card\CardTest" file="/home/p0ntan/dbwebb-kurser/mvc/me/report/tests/Card/CardTest.php" tests="4" assertions="10" errors="0" warnings="0" failures="0" skipped="0" time="0.002656">
        <testcase name="testCreateCardNoArgument" class="App\Card\CardTest" classname="App.Card.CardTest" file="/home/p0ntan/dbwebb-kurser/mvc/me/report/tests/Card/CardTest.php" line="16" assertions="3" time="0.000525"/>
        <testcase name="testCreateCardWithArgument" class="App\Card\CardTest" classname="App.Card.CardTest" file="/home/p0ntan/dbwebb-kurser/mvc/me/report/tests/Card/CardTest.php" line="35" assertions="3" time="0.000627"/>
        <testcase name="testGetAsString" class="App\Card\CardTest" classname="App.Card.CardTest" file="/home/p0ntan/dbwebb-kurser/mvc/me/report/tests/Card/CardTest.php" line="53" assertions="2" time="0.000981"/>
        <testcase name="testGetAsJson" class="App\Card\CardTest" classname="App.Card.CardTest" file="/home/p0ntan/dbwebb-kurser/mvc/me/report/tests/Card/CardTest.php" line="69" assertions="2" time="0.000523"/>
      </testsuite>
      <testsuite name="App\Card\DeckFactoryTest" file="/home/p0ntan/dbwebb-kurser/mvc/me/report/tests/Card/DeckFactoryTest.php" tests="2" assertions="12" errors="0" warnings="0" failures="0" skipped="0" time="0.002479">
        <testcase name="testCreateCardDeck" class="App\Card\DeckFactoryTest" classname="App.Card.DeckFactoryTest" file="/home/p0ntan/dbwebb-kurser/mvc/me/report/tests/Card/DeckFactoryTest.php" line="16" assertions="6" time="0.001388"/>
        <testcase name="testCreateCardGraphicDeck" class="App\Card\DeckFactoryTest" classname="App.Card.DeckFactoryTest" file="/home/p0ntan/dbwebb-kurser/mvc/me/report/tests/Card/DeckFactoryTest.php" line="39" assertions="6" time="0.001091"/>
      </testsuite>
      <testsuite name="App\Card\DeckOfCardsTest" file="/home/p0ntan/dbwebb-kurser/mvc/me/report/tests/Card/DeckOfCardsTest.php" tests="10" assertions="42" errors="0" warnings="0" failures="0" skipped="0" time="0.011749">
        <testcase name="testCreateDeckOfCards" class="App\Card\DeckOfCardsTest" classname="App.Card.DeckOfCardsTest" file="/home/p0ntan/dbwebb-kurser/mvc/me/report/tests/Card/DeckOfCardsTest.php" line="16" assertions="4" time="0.000515"/>
        <testcase name="testAddCardToDeck" class="App\Card\DeckOfCardsTest" classname="App.Card.DeckOfCardsTest" file="/home/p0ntan/dbwebb-kurser/mvc/me/report/tests/Card/DeckOfCardsTest.php" line="32" assertions="10" time="0.000616"/>
        <testcase name="testShuffleDeck" class="App\Card\DeckOfCardsTest" classname="App.Card.DeckOfCardsTest" file="/home/p0ntan/dbwebb-kurser/mvc/me/report/tests/Card/DeckOfCardsTest.php" line="55" assertions="3" time="0.004772"/>
        <testcase name="testGetAsJson" class="App\Card\DeckOfCardsTest" classname="App.Card.DeckOfCardsTest" file="/home/p0ntan/dbwebb-kurser/mvc/me/report/tests/Card/DeckOfCardsTest.php" line="84" assertions="2" time="0.001192"/>
        <testcase name="testDrawCards" class="App\Card\DeckOfCardsTest" classname="App.Card.DeckOfCardsTest" file="/home/p0ntan/dbwebb-kurser/mvc/me/report/tests/Card/DeckOfCardsTest.php" line="111" assertions="6" time="0.000606"/>
        <testcase name="testDrawCardsEmptyDeck" class="App\Card\DeckOfCardsTest" classname="App.Card.DeckOfCardsTest" file="/home/p0ntan/dbwebb-kurser/mvc/me/report/tests/Card/DeckOfCardsTest.php" line="149" assertions="7" time="0.000534"/>
        <testcase name="testDrawAndGetAsJson" class="App\Card\DeckOfCardsTest" classname="App.Card.DeckOfCardsTest" file="/home/p0ntan/dbwebb-kurser/mvc/me/report/tests/Card/DeckOfCardsTest.php" line="177" assertions="2" time="0.001207"/>
        <testcase name="testGiveCards" class="App\Card\DeckOfCardsTest" classname="App.Card.DeckOfCardsTest" file="/home/p0ntan/dbwebb-kurser/mvc/me/report/tests/Card/DeckOfCardsTest.php" line="213" assertions="6" time="0.000596"/>
        <testcase name="testGiveCardsException" class="App\Card\DeckOfCardsTest" classname="App.Card.DeckOfCardsTest" file="/home/p0ntan/dbwebb-kurser/mvc/me/report/tests/Card/DeckOfCardsTest.php" line="251" assertions="1" time="0.000539"/>
        <testcase name="testGetAsString" class="App\Card\DeckOfCardsTest" classname="App.Card.DeckOfCardsTest" file="/home/p0ntan/dbwebb-kurser/mvc/me/report/tests/Card/DeckOfCardsTest.php" line="269" assertions="1" time="0.001173"/>
      </testsuite>
      <testsuite name="App\Controller\ApiCardControllerTest" file="/home/p0ntan/dbwebb-kurser/mvc/me/report/tests/Controller/ApiCardControllerTest.php" tests="6" assertions="18" errors="0" warnings="0" failures="0" skipped="0" time="0.532372">
        <testcase name="testApiDeck" class="App\Controller\ApiCardControllerTest" classname="App.Controller.ApiCardControllerTest" file="/home/p0ntan/dbwebb-kurser/mvc/me/report/tests/Controller/ApiCardControllerTest.php" line="12" assertions="3" time="0.445706"/>
        <testcase name="testApiShuffle" class="App\Controller\ApiCardControllerTest" classname="App.Controller.ApiCardControllerTest" file="/home/p0ntan/dbwebb-kurser/mvc/me/report/tests/Controller/ApiCardControllerTest.php" line="27" assertions="3" time="0.016243"/>
        <testcase name="testApiDrawOne" class="App\Controller\ApiCardControllerTest" classname="App.Controller.ApiCardControllerTest" file="/home/p0ntan/dbwebb-kurser/mvc/me/report/tests/Controller/ApiCardControllerTest.php" line="42" assertions="3" time="0.016514"/>
        <testcase name="testApiDrawTen" class="App\Controller\ApiCardControllerTest" classname="App.Controller.ApiCardControllerTest" file="/home/p0ntan/dbwebb-kurser/mvc/me/report/tests/Controller/ApiCardControllerTest.php" line="55" assertions="3" time="0.017823"/>
        <testcase name="testApiDrawDeal" class="App\Controller\ApiCardControllerTest" classname="App.Controller.ApiCardControllerTest" file="/home/p0ntan/dbwebb-kurser/mvc/me/report/tests/Controller/ApiCardControllerTest.php" line="68" assertions="3" time="0.018562"/>
        <testcase name="testApiDrawDealTooMany" class="App\Controller\ApiCardControllerTest" classname="App.Controller.ApiCardControllerTest" file="/home/p0ntan/dbwebb-kurser/mvc/me/report/tests/Controller/ApiCardControllerTest.php" line="81" assertions="3" time="0.017525"/>
      </testsuite>
      <testsuite name="App\Controller\ApiControllerTest" file="/home/p0ntan/dbwebb-kurser/mvc/me/report/tests/Controller/ApiControllerTest.php" tests="3" assertions="9" errors="0" warnings="0" failures="0" skipped="0" time="0.100658">
        <testcase name="testApiStart" class="App\Controller\ApiControllerTest" classname="App.Controller.ApiControllerTest" file="/home/p0ntan/dbwebb-kurser/mvc/me/report/tests/Controller/ApiControllerTest.php" line="12" assertions="3" time="0.071459"/>
        <testcase name="testApiQuote" class="App\Controller\ApiControllerTest" classname="App.Controller.ApiControllerTest" file="/home/p0ntan/dbwebb-kurser/mvc/me/report/tests/Controller/ApiControllerTest.php" line="20" assertions="3" time="0.011193"/>
        <testcase name="testApiGameUninitialized" class="App\Controller\ApiControllerTest" classname="App.Controller.ApiControllerTest" file="/home/p0ntan/dbwebb-kurser/mvc/me/report/tests/Controller/ApiControllerTest.php" line="32" assertions="3" time="0.018007"/>
      </testsuite>
      <testsuite name="App\Controller\BlackjackControllerTest" file="/home/p0ntan/dbwebb-kurser/mvc/me/report/tests/Controller/BlackjackControllerTest.php" tests="5" assertions="28" errors="0" warnings="0" failures="0" skipped="0" time="0.253667">
        <testcase name="testLandingpage" class="App\Controller\BlackjackControllerTest" classname="App.Controller.BlackjackControllerTest" file="/home/p0ntan/dbwebb-kurser/mvc/me/report/tests/Controller/BlackjackControllerTest.php" line="15" assertions="6" time="0.025334"/>
        <testcase name="testAboutGame" class="App\Controller\BlackjackControllerTest" classname="App.Controller.BlackjackControllerTest" file="/home/p0ntan/dbwebb-kurser/mvc/me/report/tests/Controller/BlackjackControllerTest.php" line="27" assertions="6" time="0.029761"/>
        <testcase name="testInitGame" class="App\Controller\BlackjackControllerTest" classname="App.Controller.BlackjackControllerTest" file="/home/p0ntan/dbwebb-kurser/mvc/me/report/tests/Controller/BlackjackControllerTest.php" line="39" assertions="3" time="0.046819"/>
        <testcase name="testInitAndBet" class="App\Controller\BlackjackControllerTest" classname="App.Controller.BlackjackControllerTest" file="/home/p0ntan/dbwebb-kurser/mvc/me/report/tests/Controller/BlackjackControllerTest.php" line="50" assertions="4" time="0.062520"/>
        <testcase name="testInitBetPlay" class="App\Controller\BlackjackControllerTest" classname="App.Controller.BlackjackControllerTest" file="/home/p0ntan/dbwebb-kurser/mvc/me/report/tests/Controller/BlackjackControllerTest.php" line="63" assertions="9" time="0.089233"/>
      </testsuite>
      <testsuite name="App\Controller\CardGameControllerTest" file="/home/p0ntan/dbwebb-kurser/mvc/me/report/tests/Controller/CardGameControllerTest.php" tests="7" assertions="30" errors="0" warnings="0" failures="0" skipped="0" time="0.208904">
        <testcase name="testCardLandingpage" class="App\Controller\CardGameControllerTest" classname="App.Controller.CardGameControllerTest" file="/home/p0ntan/dbwebb-kurser/mvc/me/report/tests/Controller/CardGameControllerTest.php" line="12" assertions="6" time="0.027839"/>
        <testcase name="testDeckPage" class="App\Controller\CardGameControllerTest" classname="App.Controller.CardGameControllerTest" file="/home/p0ntan/dbwebb-kurser/mvc/me/report/tests/Controller/CardGameControllerTest.php" line="24" assertions="4" time="0.034399"/>
        <testcase name="testShufflePage" class="App\Controller\CardGameControllerTest" classname="App.Controller.CardGameControllerTest" file="/home/p0ntan/dbwebb-kurser/mvc/me/report/tests/Controller/CardGameControllerTest.php" line="38" assertions="4" time="0.037114"/>
        <testcase name="testDrawOnePage" class="App\Controller\CardGameControllerTest" classname="App.Controller.CardGameControllerTest" file="/home/p0ntan/dbwebb-kurser/mvc/me/report/tests/Controller/CardGameControllerTest.php" line="52" assertions="4" time="0.024518"/>
        <testcase name="testDrawMultiNoCards" class="App\Controller\CardGameControllerTest" classname="App.Controller.CardGameControllerTest" file="/home/p0ntan/dbwebb-kurser/mvc/me/report/tests/Controller/CardGameControllerTest.php" line="66" assertions="4" time="0.027090"/>
        <testcase name="testDrawMultiFive" class="App\Controller\CardGameControllerTest" classname="App.Controller.CardGameControllerTest" file="/home/p0ntan/dbwebb-kurser/mvc/me/report/tests/Controller/CardGameControllerTest.php" line="80" assertions="4" time="0.027195"/>
        <testcase name="testDealAndDraw" class="App\Controller\CardGameControllerTest" classname="App.Controller.CardGameControllerTest" file="/home/p0ntan/dbwebb-kurser/mvc/me/report/tests/Controller/CardGameControllerTest.php" line="94" assertions="4" time="0.030749"/>
      </testsuite>
      <testsuite name="App\Controller\MainControllerTest" file="/home/p0ntan/dbwebb-kurser/mvc/me/report/tests/Controller/MainControllerTwigTest.php" tests="5" assertions="21" errors="0" warnings="0" failures="0" skipped="0" time="0.223268">
        <testcase name="testLandingPage" class="App\Controller\MainControllerTest" classname="App.Controller.MainControllerTest" file="/home/p0ntan/dbwebb-kurser/mvc/me/report/tests/Controller/MainControllerTwigTest.php" line="12" assertions="3" time="0.024336"/>
        <testcase name="testAboutPage" class="App\Controller\MainControllerTest" classname="App.Controller.MainControllerTest" file="/home/p0ntan/dbwebb-kurser/mvc/me/report/tests/Controller/MainControllerTwigTest.php" line="20" assertions="5" time="0.023902"/>
        <testcase name="testReportPage" class="App\Controller\MainControllerTest" classname="App.Controller.MainControllerTest" file="/home/p0ntan/dbwebb-kurser/mvc/me/report/tests/Controller/MainControllerTwigTest.php" line="29" assertions="5" time="0.101732"/>
        <testcase name="testLuckyPage" class="App\Controller\MainControllerTest" classname="App.Controller.MainControllerTest" file="/home/p0ntan/dbwebb-kurser/mvc/me/report/tests/Controller/MainControllerTwigTest.php" line="38" assertions="3" time="0.025224"/>
        <testcase name="testMetricsPage" class="App\Controller\MainControllerTest" classname="App.Controller.MainControllerTest" file="/home/p0ntan/dbwebb-kurser/mvc/me/report/tests/Controller/MainControllerTwigTest.php" line="46" assertions="5" time="0.048075"/>
      </testsuite>
      <testsuite name="App\Card\DeckOfCardsTestPart2" file="/home/p0ntan/dbwebb-kurser/mvc/me/report/tests/Card/DeckOfCardsTest2.php" tests="4" assertions="7" errors="0" warnings="0" failures="0" skipped="0" time="0.003764">
        <testcase name="testGetSortedDeck" class="App\Card\DeckOfCardsTestPart2" classname="App.Card.DeckOfCardsTestPart2" file="/home/p0ntan/dbwebb-kurser/mvc/me/report/tests/Card/DeckOfCardsTest2.php" line="15" assertions="1" time="0.001178"/>
        <testcase name="testGetSortedDeckJson" class="App\Card\DeckOfCardsTestPart2" classname="App.Card.DeckOfCardsTestPart2" file="/home/p0ntan/dbwebb-kurser/mvc/me/report/tests/Card/DeckOfCardsTest2.php" line="38" assertions="1" time="0.000886"/>
        <testcase name="testGiveCardToPlayers" class="App\Card\DeckOfCardsTestPart2" classname="App.Card.DeckOfCardsTestPart2" file="/home/p0ntan/dbwebb-kurser/mvc/me/report/tests/Card/DeckOfCardsTest2.php" line="87" assertions="3" time="0.000710"/>
        <testcase name="testGiveCardToPlayersFail" class="App\Card\DeckOfCardsTestPart2" classname="App.Card.DeckOfCardsTestPart2" file="/home/p0ntan/dbwebb-kurser/mvc/me/report/tests/Card/DeckOfCardsTest2.php" line="110" assertions="2" time="0.000991"/>
      </testsuite>
      <testsuite name="App\Blackjack\GameBlackjackTest2" file="/home/p0ntan/dbwebb-kurser/mvc/me/report/tests/Blackjack/GameBlackjackTest2.php" tests="4" assertions="9" errors="0" warnings="0" failures="0" skipped="0" time="0.005385">
        <testcase name="testPlayComputerWins" class="App\Blackjack\GameBlackjackTest2" classname="App.Blackjack.GameBlackjackTest2" file="/home/p0ntan/dbwebb-kurser/mvc/me/report/tests/Blackjack/GameBlackjackTest2.php" line="17" assertions="3" time="0.001492"/>
        <testcase name="testPlayComputerLoses" class="App\Blackjack\GameBlackjackTest2" classname="App.Blackjack.GameBlackjackTest2" file="/home/p0ntan/dbwebb-kurser/mvc/me/report/tests/Blackjack/GameBlackjackTest2.php" line="52" assertions="2" time="0.001475"/>
        <testcase name="testPlayComputerDraw" class="App\Blackjack\GameBlackjackTest2" classname="App.Blackjack.GameBlackjackTest2" file="/home/p0ntan/dbwebb-kurser/mvc/me/report/tests/Blackjack/GameBlackjackTest2.php" line="84" assertions="2" time="0.001455"/>
        <testcase name="testGetAsJson" class="App\Blackjack\GameBlackjackTest2" classname="App.Blackjack.GameBlackjackTest2" file="/home/p0ntan/dbwebb-kurser/mvc/me/report/tests/Blackjack/GameBlackjackTest2.php" line="116" assertions="2" time="0.000963"/>
      </testsuite>
      <testsuite name="App\Blackjack\RulesBlackjackTest2" file="/home/p0ntan/dbwebb-kurser/mvc/me/report/tests/Blackjack/RulesBlackjackTest2.php" tests="5" assertions="7" errors="0" warnings="0" failures="0" skipped="0" time="0.016932">
        <testcase name="testFindWinner" class="App\Blackjack\RulesBlackjackTest2" classname="App.Blackjack.RulesBlackjackTest2" file="/home/p0ntan/dbwebb-kurser/mvc/me/report/tests/Blackjack/RulesBlackjackTest2.php" line="17" assertions="1" time="0.003875"/>
        <testcase name="testFindWinnerTwoHands" class="App\Blackjack\RulesBlackjackTest2" classname="App.Blackjack.RulesBlackjackTest2" file="/home/p0ntan/dbwebb-kurser/mvc/me/report/tests/Blackjack/RulesBlackjackTest2.php" line="52" assertions="2" time="0.004119"/>
        <testcase name="testFindWinnerTwoHandsBlackjack" class="App\Blackjack\RulesBlackjackTest2" classname="App.Blackjack.RulesBlackjackTest2" file="/home/p0ntan/dbwebb-kurser/mvc/me/report/tests/Blackjack/RulesBlackjackTest2.php" line="94" assertions="2" time="0.003307"/>
        <testcase name="testFindWinnerComputerBust" class="App\Blackjack\RulesBlackjackTest2" classname="App.Blackjack.RulesBlackjackTest2" file="/home/p0ntan/dbwebb-kurser/mvc/me/report/tests/Blackjack/RulesBlackjackTest2.php" line="135" assertions="1" time="0.002779"/>
        <testcase name="testFindWinnerDraw" class="App\Blackjack\RulesBlackjackTest2" classname="App.Blackjack.RulesBlackjackTest2" file="/home/p0ntan/dbwebb-kurser/mvc/me/report/tests/Blackjack/RulesBlackjackTest2.php" line="170" assertions="1" time="0.002851"/>
      </testsuite>
    </testsuite>
  </testsuite>
</testsuites>
