<?xml version="1.0" encoding="UTF-8"?>
<testsuites>
  <testsuite name="" tests="67" assertions="204" errors="0" warnings="0" failures="0" skipped="0" time="0.123854">
    <testsuite name="Project Test Suite" tests="67" assertions="204" errors="0" warnings="0" failures="0" skipped="0" time="0.123854">
      <testsuite name="App\Blackjack\GameBlackjackTest" file="/home/p0ntan/dbwebb-kurser/mvc/me/report/tests/Blackjack/GameBlackjackTest.php" tests="8" assertions="22" errors="0" warnings="0" failures="0" skipped="0" time="0.044424">
        <testcase name="testCreateAndInitGame" class="App\Blackjack\GameBlackjackTest" classname="App.Blackjack.GameBlackjackTest" file="/home/p0ntan/dbwebb-kurser/mvc/me/report/tests/Blackjack/GameBlackjackTest.php" line="18" assertions="4" time="0.034089"/>
        <testcase name="testPlaceBet" class="App\Blackjack\GameBlackjackTest" classname="App.Blackjack.GameBlackjackTest" file="/home/p0ntan/dbwebb-kurser/mvc/me/report/tests/Blackjack/GameBlackjackTest.php" line="36" assertions="2" time="0.001623"/>
        <testcase name="testCheckOptionsBlackjack" class="App\Blackjack\GameBlackjackTest" classname="App.Blackjack.GameBlackjackTest" file="/home/p0ntan/dbwebb-kurser/mvc/me/report/tests/Blackjack/GameBlackjackTest.php" line="60" assertions="2" time="0.001980"/>
        <testcase name="testCheckOptionsBust" class="App\Blackjack\GameBlackjackTest" classname="App.Blackjack.GameBlackjackTest" file="/home/p0ntan/dbwebb-kurser/mvc/me/report/tests/Blackjack/GameBlackjackTest.php" line="84" assertions="2" time="0.000933"/>
        <testcase name="testCheckOptionsHighBet" class="App\Blackjack\GameBlackjackTest" classname="App.Blackjack.GameBlackjackTest" file="/home/p0ntan/dbwebb-kurser/mvc/me/report/tests/Blackjack/GameBlackjackTest.php" line="113" assertions="2" time="0.000816"/>
        <testcase name="testDoubleDown" class="App\Blackjack\GameBlackjackTest" classname="App.Blackjack.GameBlackjackTest" file="/home/p0ntan/dbwebb-kurser/mvc/me/report/tests/Blackjack/GameBlackjackTest.php" line="139" assertions="4" time="0.001912"/>
        <testcase name="testSplit" class="App\Blackjack\GameBlackjackTest" classname="App.Blackjack.GameBlackjackTest" file="/home/p0ntan/dbwebb-kurser/mvc/me/report/tests/Blackjack/GameBlackjackTest.php" line="165" assertions="4" time="0.001604"/>
        <testcase name="testPlayerAddCard" class="App\Blackjack\GameBlackjackTest" classname="App.Blackjack.GameBlackjackTest" file="/home/p0ntan/dbwebb-kurser/mvc/me/report/tests/Blackjack/GameBlackjackTest.php" line="205" assertions="2" time="0.001466"/>
      </testsuite>
      <testsuite name="App\Blackjack\PlayerBlackjackTest" file="/home/p0ntan/dbwebb-kurser/mvc/me/report/tests/Blackjack/PlayerBlackjackTest.php" tests="9" assertions="27" errors="0" warnings="0" failures="0" skipped="0" time="0.019738">
        <testcase name="testCreatePlayer" class="App\Blackjack\PlayerBlackjackTest" classname="App.Blackjack.PlayerBlackjackTest" file="/home/p0ntan/dbwebb-kurser/mvc/me/report/tests/Blackjack/PlayerBlackjackTest.php" line="18" assertions="3" time="0.000492"/>
        <testcase name="testAddAndResetHand" class="App\Blackjack\PlayerBlackjackTest" classname="App.Blackjack.PlayerBlackjackTest" file="/home/p0ntan/dbwebb-kurser/mvc/me/report/tests/Blackjack/PlayerBlackjackTest.php" line="34" assertions="3" time="0.000486"/>
        <testcase name="testAddAndResetMultipleHands" class="App\Blackjack\PlayerBlackjackTest" classname="App.Blackjack.PlayerBlackjackTest" file="/home/p0ntan/dbwebb-kurser/mvc/me/report/tests/Blackjack/PlayerBlackjackTest.php" line="54" assertions="6" time="0.000530"/>
        <testcase name="testAddAndGetCurrentHand" class="App\Blackjack\PlayerBlackjackTest" classname="App.Blackjack.PlayerBlackjackTest" file="/home/p0ntan/dbwebb-kurser/mvc/me/report/tests/Blackjack/PlayerBlackjackTest.php" line="78" assertions="4" time="0.003397"/>
        <testcase name="testAddAndGetCurrentHandException" class="App\Blackjack\PlayerBlackjackTest" classname="App.Blackjack.PlayerBlackjackTest" file="/home/p0ntan/dbwebb-kurser/mvc/me/report/tests/Blackjack/PlayerBlackjackTest.php" line="99" assertions="3" time="0.001855"/>
        <testcase name="testSetAndGetMoney" class="App\Blackjack\PlayerBlackjackTest" classname="App.Blackjack.PlayerBlackjackTest" file="/home/p0ntan/dbwebb-kurser/mvc/me/report/tests/Blackjack/PlayerBlackjackTest.php" line="123" assertions="2" time="0.000503"/>
        <testcase name="testGetTotalBet" class="App\Blackjack\PlayerBlackjackTest" classname="App.Blackjack.PlayerBlackjackTest" file="/home/p0ntan/dbwebb-kurser/mvc/me/report/tests/Blackjack/PlayerBlackjackTest.php" line="139" assertions="1" time="0.010575"/>
        <testcase name="testSplitHand" class="App\Blackjack\PlayerBlackjackTest" classname="App.Blackjack.PlayerBlackjackTest" file="/home/p0ntan/dbwebb-kurser/mvc/me/report/tests/Blackjack/PlayerBlackjackTest.php" line="157" assertions="4" time="0.001395"/>
        <testcase name="testSplitHandEmpty" class="App\Blackjack\PlayerBlackjackTest" classname="App.Blackjack.PlayerBlackjackTest" file="/home/p0ntan/dbwebb-kurser/mvc/me/report/tests/Blackjack/PlayerBlackjackTest.php" line="187" assertions="1" time="0.000505"/>
      </testsuite>
      <testsuite name="App\Blackjack\RulesBlackjackTest" file="/home/p0ntan/dbwebb-kurser/mvc/me/report/tests/Blackjack/RulesBlackjackTest.php" tests="9" assertions="25" errors="0" warnings="0" failures="0" skipped="0" time="0.015097">
        <testcase name="testGetHighestValue" class="App\Blackjack\RulesBlackjackTest" classname="App.Blackjack.RulesBlackjackTest" file="/home/p0ntan/dbwebb-kurser/mvc/me/report/tests/Blackjack/RulesBlackjackTest.php" line="17" assertions="1" time="0.001649"/>
        <testcase name="testRuleBlackjack" class="App\Blackjack\RulesBlackjackTest" classname="App.Blackjack.RulesBlackjackTest" file="/home/p0ntan/dbwebb-kurser/mvc/me/report/tests/Blackjack/RulesBlackjackTest.php" line="37" assertions="5" time="0.001681"/>
        <testcase name="testRuleSoftBlackjack" class="App\Blackjack\RulesBlackjackTest" classname="App.Blackjack.RulesBlackjackTest" file="/home/p0ntan/dbwebb-kurser/mvc/me/report/tests/Blackjack/RulesBlackjackTest.php" line="67" assertions="5" time="0.001874"/>
        <testcase name="testRuleBust" class="App\Blackjack\RulesBlackjackTest" classname="App.Blackjack.RulesBlackjackTest" file="/home/p0ntan/dbwebb-kurser/mvc/me/report/tests/Blackjack/RulesBlackjackTest.php" line="99" assertions="5" time="0.001813"/>
        <testcase name="testRuleSplit" class="App\Blackjack\RulesBlackjackTest" classname="App.Blackjack.RulesBlackjackTest" file="/home/p0ntan/dbwebb-kurser/mvc/me/report/tests/Blackjack/RulesBlackjackTest.php" line="131" assertions="5" time="0.001514"/>
        <testcase name="testComputerRules16" class="App\Blackjack\RulesBlackjackTest" classname="App.Blackjack.RulesBlackjackTest" file="/home/p0ntan/dbwebb-kurser/mvc/me/report/tests/Blackjack/RulesBlackjackTest.php" line="159" assertions="1" time="0.001377"/>
        <testcase name="testComputerRules18" class="App\Blackjack\RulesBlackjackTest" classname="App.Blackjack.RulesBlackjackTest" file="/home/p0ntan/dbwebb-kurser/mvc/me/report/tests/Blackjack/RulesBlackjackTest.php" line="179" assertions="1" time="0.001630"/>
        <testcase name="testComputerRulesAces" class="App\Blackjack\RulesBlackjackTest" classname="App.Blackjack.RulesBlackjackTest" file="/home/p0ntan/dbwebb-kurser/mvc/me/report/tests/Blackjack/RulesBlackjackTest.php" line="199" assertions="1" time="0.002059"/>
        <testcase name="testComputerRulesBust" class="App\Blackjack\RulesBlackjackTest" classname="App.Blackjack.RulesBlackjackTest" file="/home/p0ntan/dbwebb-kurser/mvc/me/report/tests/Blackjack/RulesBlackjackTest.php" line="219" assertions="1" time="0.001499"/>
      </testsuite>
      <testsuite name="App\Card\CardGraphicTest" file="/home/p0ntan/dbwebb-kurser/mvc/me/report/tests/Card/CardGraphicTest.php" tests="3" assertions="8" errors="0" warnings="0" failures="0" skipped="0" time="0.002322">
        <testcase name="testCreateCardGraphicNoArgument" class="App\Card\CardGraphicTest" classname="App.Card.CardGraphicTest" file="/home/p0ntan/dbwebb-kurser/mvc/me/report/tests/Card/CardGraphicTest.php" line="16" assertions="3" time="0.001113"/>
        <testcase name="testGetClassName" class="App\Card\CardGraphicTest" classname="App.Card.CardGraphicTest" file="/home/p0ntan/dbwebb-kurser/mvc/me/report/tests/Card/CardGraphicTest.php" line="34" assertions="2" time="0.000541"/>
        <testcase name="testGetAsGraphicString" class="App\Card\CardGraphicTest" classname="App.Card.CardGraphicTest" file="/home/p0ntan/dbwebb-kurser/mvc/me/report/tests/Card/CardGraphicTest.php" line="51" assertions="3" time="0.000667"/>
      </testsuite>
      <testsuite name="App\Card\CardHandTest" file="/home/p0ntan/dbwebb-kurser/mvc/me/report/tests/Card/CardHandTest.php" tests="10" assertions="36" errors="0" warnings="0" failures="0" skipped="0" time="0.007272">
        <testcase name="testCreateCardHand" class="App\Card\CardHandTest" classname="App.Card.CardHandTest" file="/home/p0ntan/dbwebb-kurser/mvc/me/report/tests/Card/CardHandTest.php" line="16" assertions="6" time="0.000539"/>
        <testcase name="testAddAndGetCard" class="App\Card\CardHandTest" classname="App.Card.CardHandTest" file="/home/p0ntan/dbwebb-kurser/mvc/me/report/tests/Card/CardHandTest.php" line="36" assertions="3" time="0.000497"/>
        <testcase name="testAddAndGetMultipleCards" class="App\Card\CardHandTest" classname="App.Card.CardHandTest" file="/home/p0ntan/dbwebb-kurser/mvc/me/report/tests/Card/CardHandTest.php" line="52" assertions="6" time="0.000530"/>
        <testcase name="testRemoveLastCard" class="App\Card\CardHandTest" classname="App.Card.CardHandTest" file="/home/p0ntan/dbwebb-kurser/mvc/me/report/tests/Card/CardHandTest.php" line="70" assertions="5" time="0.001463"/>
        <testcase name="testRemoveLastCardEmptyHand" class="App\Card\CardHandTest" classname="App.Card.CardHandTest" file="/home/p0ntan/dbwebb-kurser/mvc/me/report/tests/Card/CardHandTest.php" line="93" assertions="3" time="0.001050"/>
        <testcase name="testSetAndGetOutcome" class="App\Card\CardHandTest" classname="App.Card.CardHandTest" file="/home/p0ntan/dbwebb-kurser/mvc/me/report/tests/Card/CardHandTest.php" line="110" assertions="3" time="0.000491"/>
        <testcase name="testSetAndGetIsDone" class="App\Card\CardHandTest" classname="App.Card.CardHandTest" file="/home/p0ntan/dbwebb-kurser/mvc/me/report/tests/Card/CardHandTest.php" line="131" assertions="2" time="0.000472"/>
        <testcase name="testSetAndGetPoints" class="App\Card\CardHandTest" classname="App.Card.CardHandTest" file="/home/p0ntan/dbwebb-kurser/mvc/me/report/tests/Card/CardHandTest.php" line="147" assertions="2" time="0.000531"/>
        <testcase name="testSetAndGetBet" class="App\Card\CardHandTest" classname="App.Card.CardHandTest" file="/home/p0ntan/dbwebb-kurser/mvc/me/report/tests/Card/CardHandTest.php" line="163" assertions="2" time="0.000526"/>
        <testcase name="testGetAsJson" class="App\Card\CardHandTest" classname="App.Card.CardHandTest" file="/home/p0ntan/dbwebb-kurser/mvc/me/report/tests/Card/CardHandTest.php" line="179" assertions="4" time="0.001175"/>
      </testsuite>
      <testsuite name="App\Card\CardTest" file="/home/p0ntan/dbwebb-kurser/mvc/me/report/tests/Card/CardTest.php" tests="4" assertions="10" errors="0" warnings="0" failures="0" skipped="0" time="0.001995">
        <testcase name="testCreateCardNoArgument" class="App\Card\CardTest" classname="App.Card.CardTest" file="/home/p0ntan/dbwebb-kurser/mvc/me/report/tests/Card/CardTest.php" line="16" assertions="3" time="0.000499"/>
        <testcase name="testCreateCardWithArgument" class="App\Card\CardTest" classname="App.Card.CardTest" file="/home/p0ntan/dbwebb-kurser/mvc/me/report/tests/Card/CardTest.php" line="35" assertions="3" time="0.000522"/>
        <testcase name="testGetAsString" class="App\Card\CardTest" classname="App.Card.CardTest" file="/home/p0ntan/dbwebb-kurser/mvc/me/report/tests/Card/CardTest.php" line="53" assertions="2" time="0.000489"/>
        <testcase name="testGetAsJson" class="App\Card\CardTest" classname="App.Card.CardTest" file="/home/p0ntan/dbwebb-kurser/mvc/me/report/tests/Card/CardTest.php" line="69" assertions="2" time="0.000486"/>
      </testsuite>
      <testsuite name="App\Card\DeckFactoryTest" file="/home/p0ntan/dbwebb-kurser/mvc/me/report/tests/Card/DeckFactoryTest.php" tests="2" assertions="12" errors="0" warnings="0" failures="0" skipped="0" time="0.002198">
        <testcase name="testCreateCardDeck" class="App\Card\DeckFactoryTest" classname="App.Card.DeckFactoryTest" file="/home/p0ntan/dbwebb-kurser/mvc/me/report/tests/Card/DeckFactoryTest.php" line="16" assertions="6" time="0.001255"/>
        <testcase name="testCreateCardGraphicDeck" class="App\Card\DeckFactoryTest" classname="App.Card.DeckFactoryTest" file="/home/p0ntan/dbwebb-kurser/mvc/me/report/tests/Card/DeckFactoryTest.php" line="39" assertions="6" time="0.000943"/>
      </testsuite>
      <testsuite name="App\Card\DeckOfCardsTest" file="/home/p0ntan/dbwebb-kurser/mvc/me/report/tests/Card/DeckOfCardsTest.php" tests="10" assertions="42" errors="0" warnings="0" failures="0" skipped="0" time="0.011136">
        <testcase name="testCreateDeckOfCards" class="App\Card\DeckOfCardsTest" classname="App.Card.DeckOfCardsTest" file="/home/p0ntan/dbwebb-kurser/mvc/me/report/tests/Card/DeckOfCardsTest.php" line="16" assertions="4" time="0.000502"/>
        <testcase name="testAddCardToDeck" class="App\Card\DeckOfCardsTest" classname="App.Card.DeckOfCardsTest" file="/home/p0ntan/dbwebb-kurser/mvc/me/report/tests/Card/DeckOfCardsTest.php" line="32" assertions="10" time="0.000588"/>
        <testcase name="testShuffleDeck" class="App\Card\DeckOfCardsTest" classname="App.Card.DeckOfCardsTest" file="/home/p0ntan/dbwebb-kurser/mvc/me/report/tests/Card/DeckOfCardsTest.php" line="55" assertions="3" time="0.004390"/>
        <testcase name="testGetAsJson" class="App\Card\DeckOfCardsTest" classname="App.Card.DeckOfCardsTest" file="/home/p0ntan/dbwebb-kurser/mvc/me/report/tests/Card/DeckOfCardsTest.php" line="84" assertions="2" time="0.001182"/>
        <testcase name="testDrawCards" class="App\Card\DeckOfCardsTest" classname="App.Card.DeckOfCardsTest" file="/home/p0ntan/dbwebb-kurser/mvc/me/report/tests/Card/DeckOfCardsTest.php" line="111" assertions="6" time="0.000598"/>
        <testcase name="testDrawCardsEmptyDeck" class="App\Card\DeckOfCardsTest" classname="App.Card.DeckOfCardsTest" file="/home/p0ntan/dbwebb-kurser/mvc/me/report/tests/Card/DeckOfCardsTest.php" line="149" assertions="7" time="0.000531"/>
        <testcase name="testDrawAndGetAsJson" class="App\Card\DeckOfCardsTest" classname="App.Card.DeckOfCardsTest" file="/home/p0ntan/dbwebb-kurser/mvc/me/report/tests/Card/DeckOfCardsTest.php" line="177" assertions="2" time="0.001180"/>
        <testcase name="testGiveCards" class="App\Card\DeckOfCardsTest" classname="App.Card.DeckOfCardsTest" file="/home/p0ntan/dbwebb-kurser/mvc/me/report/tests/Card/DeckOfCardsTest.php" line="213" assertions="6" time="0.000588"/>
        <testcase name="testGiveCardsException" class="App\Card\DeckOfCardsTest" classname="App.Card.DeckOfCardsTest" file="/home/p0ntan/dbwebb-kurser/mvc/me/report/tests/Card/DeckOfCardsTest.php" line="251" assertions="1" time="0.000499"/>
        <testcase name="testGetAsString" class="App\Card\DeckOfCardsTest" classname="App.Card.DeckOfCardsTest" file="/home/p0ntan/dbwebb-kurser/mvc/me/report/tests/Card/DeckOfCardsTest.php" line="269" assertions="1" time="0.001079"/>
      </testsuite>
      <testsuite name="App\Card\DeckOfCardsTestPart2" file="/home/p0ntan/dbwebb-kurser/mvc/me/report/tests/Card/DeckOfCardsTest2.php" tests="4" assertions="7" errors="0" warnings="0" failures="0" skipped="0" time="0.002595">
        <testcase name="testGetSortedDeck" class="App\Card\DeckOfCardsTestPart2" classname="App.Card.DeckOfCardsTestPart2" file="/home/p0ntan/dbwebb-kurser/mvc/me/report/tests/Card/DeckOfCardsTest2.php" line="15" assertions="1" time="0.000711"/>
        <testcase name="testGetSortedDeckJson" class="App\Card\DeckOfCardsTestPart2" classname="App.Card.DeckOfCardsTestPart2" file="/home/p0ntan/dbwebb-kurser/mvc/me/report/tests/Card/DeckOfCardsTest2.php" line="38" assertions="1" time="0.000783"/>
        <testcase name="testGiveCardToPlayers" class="App\Card\DeckOfCardsTestPart2" classname="App.Card.DeckOfCardsTestPart2" file="/home/p0ntan/dbwebb-kurser/mvc/me/report/tests/Card/DeckOfCardsTest2.php" line="87" assertions="3" time="0.000584"/>
        <testcase name="testGiveCardToPlayersFail" class="App\Card\DeckOfCardsTestPart2" classname="App.Card.DeckOfCardsTestPart2" file="/home/p0ntan/dbwebb-kurser/mvc/me/report/tests/Card/DeckOfCardsTest2.php" line="110" assertions="2" time="0.000517"/>
      </testsuite>
      <testsuite name="App\Blackjack\GameBlackjackTest2" file="/home/p0ntan/dbwebb-kurser/mvc/me/report/tests/Blackjack/GameBlackjackTest2.php" tests="4" assertions="9" errors="0" warnings="0" failures="0" skipped="0" time="0.005300">
        <testcase name="testPlayComputerWins" class="App\Blackjack\GameBlackjackTest2" classname="App.Blackjack.GameBlackjackTest2" file="/home/p0ntan/dbwebb-kurser/mvc/me/report/tests/Blackjack/GameBlackjackTest2.php" line="17" assertions="3" time="0.001297"/>
        <testcase name="testPlayComputerLoses" class="App\Blackjack\GameBlackjackTest2" classname="App.Blackjack.GameBlackjackTest2" file="/home/p0ntan/dbwebb-kurser/mvc/me/report/tests/Blackjack/GameBlackjackTest2.php" line="52" assertions="2" time="0.001336"/>
        <testcase name="testPlayComputerDraw" class="App\Blackjack\GameBlackjackTest2" classname="App.Blackjack.GameBlackjackTest2" file="/home/p0ntan/dbwebb-kurser/mvc/me/report/tests/Blackjack/GameBlackjackTest2.php" line="84" assertions="2" time="0.001304"/>
        <testcase name="testGetAsJson" class="App\Blackjack\GameBlackjackTest2" classname="App.Blackjack.GameBlackjackTest2" file="/home/p0ntan/dbwebb-kurser/mvc/me/report/tests/Blackjack/GameBlackjackTest2.php" line="116" assertions="2" time="0.001362"/>
      </testsuite>
      <testsuite name="App\Blackjack\RulesBlackjackTest2" file="/home/p0ntan/dbwebb-kurser/mvc/me/report/tests/Blackjack/RulesBlackjackTest2.php" tests="4" assertions="6" errors="0" warnings="0" failures="0" skipped="0" time="0.011776">
        <testcase name="testFindWinner" class="App\Blackjack\RulesBlackjackTest2" classname="App.Blackjack.RulesBlackjackTest2" file="/home/p0ntan/dbwebb-kurser/mvc/me/report/tests/Blackjack/RulesBlackjackTest2.php" line="17" assertions="1" time="0.003487"/>
        <testcase name="testFindWinnerTwoHands" class="App\Blackjack\RulesBlackjackTest2" classname="App.Blackjack.RulesBlackjackTest2" file="/home/p0ntan/dbwebb-kurser/mvc/me/report/tests/Blackjack/RulesBlackjackTest2.php" line="52" assertions="2" time="0.002825"/>
        <testcase name="testFindWinnerTwoHandsBlackjack" class="App\Blackjack\RulesBlackjackTest2" classname="App.Blackjack.RulesBlackjackTest2" file="/home/p0ntan/dbwebb-kurser/mvc/me/report/tests/Blackjack/RulesBlackjackTest2.php" line="94" assertions="2" time="0.002808"/>
        <testcase name="testFindWinnerComputerBust" class="App\Blackjack\RulesBlackjackTest2" classname="App.Blackjack.RulesBlackjackTest2" file="/home/p0ntan/dbwebb-kurser/mvc/me/report/tests/Blackjack/RulesBlackjackTest2.php" line="135" assertions="1" time="0.002655"/>
      </testsuite>
    </testsuite>
  </testsuite>
</testsuites>
