<?xml version="1.0" encoding="UTF-8"?>
<testsuites>
  <testsuite name="" tests="122" assertions="370" errors="0" warnings="0" failures="0" skipped="0" time="3.987727">
    <testsuite name="Project Test Suite" tests="122" assertions="370" errors="0" warnings="0" failures="0" skipped="0" time="3.987727">
      <testsuite name="App\Blackjack\GameBlackjackTest" file="/home/p0ntan/dbwebb-kurser/mvc/me/report/tests/Blackjack/GameBlackjackTest.php" tests="8" assertions="22" errors="0" warnings="0" failures="0" skipped="0" time="0.050652">
        <testcase name="testCreateAndInitGame" class="App\Blackjack\GameBlackjackTest" classname="App.Blackjack.GameBlackjackTest" file="/home/p0ntan/dbwebb-kurser/mvc/me/report/tests/Blackjack/GameBlackjackTest.php" line="18" assertions="4" time="0.040404"/>
        <testcase name="testPlaceBet" class="App\Blackjack\GameBlackjackTest" classname="App.Blackjack.GameBlackjackTest" file="/home/p0ntan/dbwebb-kurser/mvc/me/report/tests/Blackjack/GameBlackjackTest.php" line="36" assertions="2" time="0.001705"/>
        <testcase name="testCheckOptionsBlackjack" class="App\Blackjack\GameBlackjackTest" classname="App.Blackjack.GameBlackjackTest" file="/home/p0ntan/dbwebb-kurser/mvc/me/report/tests/Blackjack/GameBlackjackTest.php" line="60" assertions="2" time="0.001948"/>
        <testcase name="testCheckOptionsBust" class="App\Blackjack\GameBlackjackTest" classname="App.Blackjack.GameBlackjackTest" file="/home/p0ntan/dbwebb-kurser/mvc/me/report/tests/Blackjack/GameBlackjackTest.php" line="84" assertions="2" time="0.001223"/>
        <testcase name="testCheckOptionsHighBet" class="App\Blackjack\GameBlackjackTest" classname="App.Blackjack.GameBlackjackTest" file="/home/p0ntan/dbwebb-kurser/mvc/me/report/tests/Blackjack/GameBlackjackTest.php" line="113" assertions="2" time="0.000836"/>
        <testcase name="testDoubleDown" class="App\Blackjack\GameBlackjackTest" classname="App.Blackjack.GameBlackjackTest" file="/home/p0ntan/dbwebb-kurser/mvc/me/report/tests/Blackjack/GameBlackjackTest.php" line="139" assertions="4" time="0.001466"/>
        <testcase name="testSplit" class="App\Blackjack\GameBlackjackTest" classname="App.Blackjack.GameBlackjackTest" file="/home/p0ntan/dbwebb-kurser/mvc/me/report/tests/Blackjack/GameBlackjackTest.php" line="165" assertions="4" time="0.001611"/>
        <testcase name="testPlayerAddCard" class="App\Blackjack\GameBlackjackTest" classname="App.Blackjack.GameBlackjackTest" file="/home/p0ntan/dbwebb-kurser/mvc/me/report/tests/Blackjack/GameBlackjackTest.php" line="205" assertions="2" time="0.001460"/>
      </testsuite>
      <testsuite name="App\Blackjack\PlayerBlackjackTest" file="/home/p0ntan/dbwebb-kurser/mvc/me/report/tests/Blackjack/PlayerBlackjackTest.php" tests="9" assertions="27" errors="0" warnings="0" failures="0" skipped="0" time="0.019057">
        <testcase name="testCreatePlayer" class="App\Blackjack\PlayerBlackjackTest" classname="App.Blackjack.PlayerBlackjackTest" file="/home/p0ntan/dbwebb-kurser/mvc/me/report/tests/Blackjack/PlayerBlackjackTest.php" line="18" assertions="3" time="0.000619"/>
        <testcase name="testAddAndResetHand" class="App\Blackjack\PlayerBlackjackTest" classname="App.Blackjack.PlayerBlackjackTest" file="/home/p0ntan/dbwebb-kurser/mvc/me/report/tests/Blackjack/PlayerBlackjackTest.php" line="34" assertions="3" time="0.000484"/>
        <testcase name="testAddAndResetMultipleHands" class="App\Blackjack\PlayerBlackjackTest" classname="App.Blackjack.PlayerBlackjackTest" file="/home/p0ntan/dbwebb-kurser/mvc/me/report/tests/Blackjack/PlayerBlackjackTest.php" line="54" assertions="6" time="0.000566"/>
        <testcase name="testAddAndGetCurrentHand" class="App\Blackjack\PlayerBlackjackTest" classname="App.Blackjack.PlayerBlackjackTest" file="/home/p0ntan/dbwebb-kurser/mvc/me/report/tests/Blackjack/PlayerBlackjackTest.php" line="78" assertions="4" time="0.002854"/>
        <testcase name="testAddAndGetCurrentHandException" class="App\Blackjack\PlayerBlackjackTest" classname="App.Blackjack.PlayerBlackjackTest" file="/home/p0ntan/dbwebb-kurser/mvc/me/report/tests/Blackjack/PlayerBlackjackTest.php" line="99" assertions="3" time="0.001849"/>
        <testcase name="testSetAndGetMoney" class="App\Blackjack\PlayerBlackjackTest" classname="App.Blackjack.PlayerBlackjackTest" file="/home/p0ntan/dbwebb-kurser/mvc/me/report/tests/Blackjack/PlayerBlackjackTest.php" line="123" assertions="2" time="0.000585"/>
        <testcase name="testGetTotalBet" class="App\Blackjack\PlayerBlackjackTest" classname="App.Blackjack.PlayerBlackjackTest" file="/home/p0ntan/dbwebb-kurser/mvc/me/report/tests/Blackjack/PlayerBlackjackTest.php" line="139" assertions="1" time="0.010128"/>
        <testcase name="testSplitHand" class="App\Blackjack\PlayerBlackjackTest" classname="App.Blackjack.PlayerBlackjackTest" file="/home/p0ntan/dbwebb-kurser/mvc/me/report/tests/Blackjack/PlayerBlackjackTest.php" line="157" assertions="4" time="0.001434"/>
        <testcase name="testSplitHandEmpty" class="App\Blackjack\PlayerBlackjackTest" classname="App.Blackjack.PlayerBlackjackTest" file="/home/p0ntan/dbwebb-kurser/mvc/me/report/tests/Blackjack/PlayerBlackjackTest.php" line="187" assertions="1" time="0.000538"/>
      </testsuite>
      <testsuite name="App\Blackjack\RulesBlackjackTest" file="/home/p0ntan/dbwebb-kurser/mvc/me/report/tests/Blackjack/RulesBlackjackTest.php" tests="9" assertions="25" errors="0" warnings="0" failures="0" skipped="0" time="0.014361">
        <testcase name="testGetHighestValue" class="App\Blackjack\RulesBlackjackTest" classname="App.Blackjack.RulesBlackjackTest" file="/home/p0ntan/dbwebb-kurser/mvc/me/report/tests/Blackjack/RulesBlackjackTest.php" line="17" assertions="1" time="0.001391"/>
        <testcase name="testRuleBlackjack" class="App\Blackjack\RulesBlackjackTest" classname="App.Blackjack.RulesBlackjackTest" file="/home/p0ntan/dbwebb-kurser/mvc/me/report/tests/Blackjack/RulesBlackjackTest.php" line="37" assertions="5" time="0.001667"/>
        <testcase name="testRuleSoftBlackjack" class="App\Blackjack\RulesBlackjackTest" classname="App.Blackjack.RulesBlackjackTest" file="/home/p0ntan/dbwebb-kurser/mvc/me/report/tests/Blackjack/RulesBlackjackTest.php" line="67" assertions="5" time="0.001857"/>
        <testcase name="testRuleBust" class="App\Blackjack\RulesBlackjackTest" classname="App.Blackjack.RulesBlackjackTest" file="/home/p0ntan/dbwebb-kurser/mvc/me/report/tests/Blackjack/RulesBlackjackTest.php" line="99" assertions="5" time="0.001847"/>
        <testcase name="testRuleSplit" class="App\Blackjack\RulesBlackjackTest" classname="App.Blackjack.RulesBlackjackTest" file="/home/p0ntan/dbwebb-kurser/mvc/me/report/tests/Blackjack/RulesBlackjackTest.php" line="131" assertions="5" time="0.001513"/>
        <testcase name="testComputerRules16" class="App\Blackjack\RulesBlackjackTest" classname="App.Blackjack.RulesBlackjackTest" file="/home/p0ntan/dbwebb-kurser/mvc/me/report/tests/Blackjack/RulesBlackjackTest.php" line="159" assertions="1" time="0.001824"/>
        <testcase name="testComputerRules18" class="App\Blackjack\RulesBlackjackTest" classname="App.Blackjack.RulesBlackjackTest" file="/home/p0ntan/dbwebb-kurser/mvc/me/report/tests/Blackjack/RulesBlackjackTest.php" line="179" assertions="1" time="0.001419"/>
        <testcase name="testComputerRulesAces" class="App\Blackjack\RulesBlackjackTest" classname="App.Blackjack.RulesBlackjackTest" file="/home/p0ntan/dbwebb-kurser/mvc/me/report/tests/Blackjack/RulesBlackjackTest.php" line="199" assertions="1" time="0.001435"/>
        <testcase name="testComputerRulesBust" class="App\Blackjack\RulesBlackjackTest" classname="App.Blackjack.RulesBlackjackTest" file="/home/p0ntan/dbwebb-kurser/mvc/me/report/tests/Blackjack/RulesBlackjackTest.php" line="219" assertions="1" time="0.001408"/>
      </testsuite>
      <testsuite name="App\Card\CardGraphicTest" file="/home/p0ntan/dbwebb-kurser/mvc/me/report/tests/Card/CardGraphicTest.php" tests="3" assertions="8" errors="0" warnings="0" failures="0" skipped="0" time="0.002494">
        <testcase name="testCreateCardGraphicNoArgument" class="App\Card\CardGraphicTest" classname="App.Card.CardGraphicTest" file="/home/p0ntan/dbwebb-kurser/mvc/me/report/tests/Card/CardGraphicTest.php" line="16" assertions="3" time="0.001124"/>
        <testcase name="testGetClassName" class="App\Card\CardGraphicTest" classname="App.Card.CardGraphicTest" file="/home/p0ntan/dbwebb-kurser/mvc/me/report/tests/Card/CardGraphicTest.php" line="34" assertions="2" time="0.000765"/>
        <testcase name="testGetAsGraphicString" class="App\Card\CardGraphicTest" classname="App.Card.CardGraphicTest" file="/home/p0ntan/dbwebb-kurser/mvc/me/report/tests/Card/CardGraphicTest.php" line="51" assertions="3" time="0.000605"/>
      </testsuite>
      <testsuite name="App\Card\CardHandTest" file="/home/p0ntan/dbwebb-kurser/mvc/me/report/tests/Card/CardHandTest.php" tests="10" assertions="36" errors="0" warnings="0" failures="0" skipped="0" time="0.007736">
        <testcase name="testCreateCardHand" class="App\Card\CardHandTest" classname="App.Card.CardHandTest" file="/home/p0ntan/dbwebb-kurser/mvc/me/report/tests/Card/CardHandTest.php" line="16" assertions="6" time="0.000521"/>
        <testcase name="testAddAndGetCard" class="App\Card\CardHandTest" classname="App.Card.CardHandTest" file="/home/p0ntan/dbwebb-kurser/mvc/me/report/tests/Card/CardHandTest.php" line="36" assertions="3" time="0.000501"/>
        <testcase name="testAddAndGetMultipleCards" class="App\Card\CardHandTest" classname="App.Card.CardHandTest" file="/home/p0ntan/dbwebb-kurser/mvc/me/report/tests/Card/CardHandTest.php" line="52" assertions="6" time="0.000562"/>
        <testcase name="testRemoveLastCard" class="App\Card\CardHandTest" classname="App.Card.CardHandTest" file="/home/p0ntan/dbwebb-kurser/mvc/me/report/tests/Card/CardHandTest.php" line="70" assertions="5" time="0.002033"/>
        <testcase name="testRemoveLastCardEmptyHand" class="App\Card\CardHandTest" classname="App.Card.CardHandTest" file="/home/p0ntan/dbwebb-kurser/mvc/me/report/tests/Card/CardHandTest.php" line="93" assertions="3" time="0.001046"/>
        <testcase name="testSetAndGetOutcome" class="App\Card\CardHandTest" classname="App.Card.CardHandTest" file="/home/p0ntan/dbwebb-kurser/mvc/me/report/tests/Card/CardHandTest.php" line="110" assertions="3" time="0.000490"/>
        <testcase name="testSetAndGetIsDone" class="App\Card\CardHandTest" classname="App.Card.CardHandTest" file="/home/p0ntan/dbwebb-kurser/mvc/me/report/tests/Card/CardHandTest.php" line="131" assertions="2" time="0.000471"/>
        <testcase name="testSetAndGetPoints" class="App\Card\CardHandTest" classname="App.Card.CardHandTest" file="/home/p0ntan/dbwebb-kurser/mvc/me/report/tests/Card/CardHandTest.php" line="147" assertions="2" time="0.000527"/>
        <testcase name="testSetAndGetBet" class="App\Card\CardHandTest" classname="App.Card.CardHandTest" file="/home/p0ntan/dbwebb-kurser/mvc/me/report/tests/Card/CardHandTest.php" line="163" assertions="2" time="0.000489"/>
        <testcase name="testGetAsJson" class="App\Card\CardHandTest" classname="App.Card.CardHandTest" file="/home/p0ntan/dbwebb-kurser/mvc/me/report/tests/Card/CardHandTest.php" line="179" assertions="4" time="0.001096"/>
      </testsuite>
      <testsuite name="App\Card\CardTest" file="/home/p0ntan/dbwebb-kurser/mvc/me/report/tests/Card/CardTest.php" tests="4" assertions="10" errors="0" warnings="0" failures="0" skipped="0" time="0.002052">
        <testcase name="testCreateCardNoArgument" class="App\Card\CardTest" classname="App.Card.CardTest" file="/home/p0ntan/dbwebb-kurser/mvc/me/report/tests/Card/CardTest.php" line="16" assertions="3" time="0.000492"/>
        <testcase name="testCreateCardWithArgument" class="App\Card\CardTest" classname="App.Card.CardTest" file="/home/p0ntan/dbwebb-kurser/mvc/me/report/tests/Card/CardTest.php" line="35" assertions="3" time="0.000564"/>
        <testcase name="testGetAsString" class="App\Card\CardTest" classname="App.Card.CardTest" file="/home/p0ntan/dbwebb-kurser/mvc/me/report/tests/Card/CardTest.php" line="53" assertions="2" time="0.000507"/>
        <testcase name="testGetAsJson" class="App\Card\CardTest" classname="App.Card.CardTest" file="/home/p0ntan/dbwebb-kurser/mvc/me/report/tests/Card/CardTest.php" line="69" assertions="2" time="0.000489"/>
      </testsuite>
      <testsuite name="App\Card\DeckFactoryTest" file="/home/p0ntan/dbwebb-kurser/mvc/me/report/tests/Card/DeckFactoryTest.php" tests="2" assertions="12" errors="0" warnings="0" failures="0" skipped="0" time="0.002343">
        <testcase name="testCreateCardDeck" class="App\Card\DeckFactoryTest" classname="App.Card.DeckFactoryTest" file="/home/p0ntan/dbwebb-kurser/mvc/me/report/tests/Card/DeckFactoryTest.php" line="16" assertions="6" time="0.001386"/>
        <testcase name="testCreateCardGraphicDeck" class="App\Card\DeckFactoryTest" classname="App.Card.DeckFactoryTest" file="/home/p0ntan/dbwebb-kurser/mvc/me/report/tests/Card/DeckFactoryTest.php" line="39" assertions="6" time="0.000957"/>
      </testsuite>
      <testsuite name="App\Card\DeckOfCardsTest" file="/home/p0ntan/dbwebb-kurser/mvc/me/report/tests/Card/DeckOfCardsTest.php" tests="10" assertions="42" errors="0" warnings="0" failures="0" skipped="0" time="0.010665">
        <testcase name="testCreateDeckOfCards" class="App\Card\DeckOfCardsTest" classname="App.Card.DeckOfCardsTest" file="/home/p0ntan/dbwebb-kurser/mvc/me/report/tests/Card/DeckOfCardsTest.php" line="16" assertions="4" time="0.000503"/>
        <testcase name="testAddCardToDeck" class="App\Card\DeckOfCardsTest" classname="App.Card.DeckOfCardsTest" file="/home/p0ntan/dbwebb-kurser/mvc/me/report/tests/Card/DeckOfCardsTest.php" line="32" assertions="10" time="0.000604"/>
        <testcase name="testShuffleDeck" class="App\Card\DeckOfCardsTest" classname="App.Card.DeckOfCardsTest" file="/home/p0ntan/dbwebb-kurser/mvc/me/report/tests/Card/DeckOfCardsTest.php" line="55" assertions="3" time="0.003588"/>
        <testcase name="testGetAsJson" class="App\Card\DeckOfCardsTest" classname="App.Card.DeckOfCardsTest" file="/home/p0ntan/dbwebb-kurser/mvc/me/report/tests/Card/DeckOfCardsTest.php" line="84" assertions="2" time="0.001121"/>
        <testcase name="testDrawCards" class="App\Card\DeckOfCardsTest" classname="App.Card.DeckOfCardsTest" file="/home/p0ntan/dbwebb-kurser/mvc/me/report/tests/Card/DeckOfCardsTest.php" line="111" assertions="6" time="0.000610"/>
        <testcase name="testDrawCardsEmptyDeck" class="App\Card\DeckOfCardsTest" classname="App.Card.DeckOfCardsTest" file="/home/p0ntan/dbwebb-kurser/mvc/me/report/tests/Card/DeckOfCardsTest.php" line="149" assertions="7" time="0.000754"/>
        <testcase name="testDrawAndGetAsJson" class="App\Card\DeckOfCardsTest" classname="App.Card.DeckOfCardsTest" file="/home/p0ntan/dbwebb-kurser/mvc/me/report/tests/Card/DeckOfCardsTest.php" line="177" assertions="2" time="0.001272"/>
        <testcase name="testGiveCards" class="App\Card\DeckOfCardsTest" classname="App.Card.DeckOfCardsTest" file="/home/p0ntan/dbwebb-kurser/mvc/me/report/tests/Card/DeckOfCardsTest.php" line="213" assertions="6" time="0.000593"/>
        <testcase name="testGiveCardsException" class="App\Card\DeckOfCardsTest" classname="App.Card.DeckOfCardsTest" file="/home/p0ntan/dbwebb-kurser/mvc/me/report/tests/Card/DeckOfCardsTest.php" line="251" assertions="1" time="0.000530"/>
        <testcase name="testGetAsString" class="App\Card\DeckOfCardsTest" classname="App.Card.DeckOfCardsTest" file="/home/p0ntan/dbwebb-kurser/mvc/me/report/tests/Card/DeckOfCardsTest.php" line="269" assertions="1" time="0.001091"/>
      </testsuite>
      <testsuite name="App\Controller\ApiCardControllerTest" file="/home/p0ntan/dbwebb-kurser/mvc/me/report/tests/Controller/ApiCardControllerTest.php" tests="6" assertions="18" errors="0" warnings="0" failures="0" skipped="0" time="3.125652">
        <testcase name="testApiDeck" class="App\Controller\ApiCardControllerTest" classname="App.Controller.ApiCardControllerTest" file="/home/p0ntan/dbwebb-kurser/mvc/me/report/tests/Controller/ApiCardControllerTest.php" line="12" assertions="3" time="3.035089"/>
        <testcase name="testApiShuffle" class="App\Controller\ApiCardControllerTest" classname="App.Controller.ApiCardControllerTest" file="/home/p0ntan/dbwebb-kurser/mvc/me/report/tests/Controller/ApiCardControllerTest.php" line="27" assertions="3" time="0.018505"/>
        <testcase name="testApiDrawOne" class="App\Controller\ApiCardControllerTest" classname="App.Controller.ApiCardControllerTest" file="/home/p0ntan/dbwebb-kurser/mvc/me/report/tests/Controller/ApiCardControllerTest.php" line="42" assertions="3" time="0.024654"/>
        <testcase name="testApiDrawTen" class="App\Controller\ApiCardControllerTest" classname="App.Controller.ApiCardControllerTest" file="/home/p0ntan/dbwebb-kurser/mvc/me/report/tests/Controller/ApiCardControllerTest.php" line="55" assertions="3" time="0.015123"/>
        <testcase name="testApiDrawDeal" class="App\Controller\ApiCardControllerTest" classname="App.Controller.ApiCardControllerTest" file="/home/p0ntan/dbwebb-kurser/mvc/me/report/tests/Controller/ApiCardControllerTest.php" line="68" assertions="3" time="0.015661"/>
        <testcase name="testApiDrawDealTooMany" class="App\Controller\ApiCardControllerTest" classname="App.Controller.ApiCardControllerTest" file="/home/p0ntan/dbwebb-kurser/mvc/me/report/tests/Controller/ApiCardControllerTest.php" line="81" assertions="3" time="0.016620"/>
      </testsuite>
      <testsuite name="App\Controller\ApiControllerTest" file="/home/p0ntan/dbwebb-kurser/mvc/me/report/tests/Controller/ApiControllerTest.php" tests="3" assertions="9" errors="0" warnings="0" failures="0" skipped="0" time="0.121642">
        <testcase name="testApiStart" class="App\Controller\ApiControllerTest" classname="App.Controller.ApiControllerTest" file="/home/p0ntan/dbwebb-kurser/mvc/me/report/tests/Controller/ApiControllerTest.php" line="12" assertions="3" time="0.092292"/>
        <testcase name="testApiQuote" class="App\Controller\ApiControllerTest" classname="App.Controller.ApiControllerTest" file="/home/p0ntan/dbwebb-kurser/mvc/me/report/tests/Controller/ApiControllerTest.php" line="20" assertions="3" time="0.012521"/>
        <testcase name="testApiGameUninitialized" class="App\Controller\ApiControllerTest" classname="App.Controller.ApiControllerTest" file="/home/p0ntan/dbwebb-kurser/mvc/me/report/tests/Controller/ApiControllerTest.php" line="32" assertions="3" time="0.016829"/>
      </testsuite>
      <testsuite name="App\Controller\BlackjackControllerTest" file="/home/p0ntan/dbwebb-kurser/mvc/me/report/tests/Controller/BlackjackControllerTest.php" tests="5" assertions="28" errors="0" warnings="0" failures="0" skipped="0" time="0.230644">
        <testcase name="testLandingpage" class="App\Controller\BlackjackControllerTest" classname="App.Controller.BlackjackControllerTest" file="/home/p0ntan/dbwebb-kurser/mvc/me/report/tests/Controller/BlackjackControllerTest.php" line="15" assertions="6" time="0.026724"/>
        <testcase name="testAboutGame" class="App\Controller\BlackjackControllerTest" classname="App.Controller.BlackjackControllerTest" file="/home/p0ntan/dbwebb-kurser/mvc/me/report/tests/Controller/BlackjackControllerTest.php" line="27" assertions="6" time="0.026866"/>
        <testcase name="testInitGame" class="App\Controller\BlackjackControllerTest" classname="App.Controller.BlackjackControllerTest" file="/home/p0ntan/dbwebb-kurser/mvc/me/report/tests/Controller/BlackjackControllerTest.php" line="39" assertions="3" time="0.039321"/>
        <testcase name="testInitAndBet" class="App\Controller\BlackjackControllerTest" classname="App.Controller.BlackjackControllerTest" file="/home/p0ntan/dbwebb-kurser/mvc/me/report/tests/Controller/BlackjackControllerTest.php" line="50" assertions="4" time="0.058889"/>
        <testcase name="testInitBetPlay" class="App\Controller\BlackjackControllerTest" classname="App.Controller.BlackjackControllerTest" file="/home/p0ntan/dbwebb-kurser/mvc/me/report/tests/Controller/BlackjackControllerTest.php" line="63" assertions="9" time="0.078845"/>
      </testsuite>
      <testsuite name="App\Controller\CardGameControllerTest" file="/home/p0ntan/dbwebb-kurser/mvc/me/report/tests/Controller/CardGameControllerTest.php" tests="7" assertions="30" errors="0" warnings="0" failures="0" skipped="0" time="0.199922">
        <testcase name="testCardLandingpage" class="App\Controller\CardGameControllerTest" classname="App.Controller.CardGameControllerTest" file="/home/p0ntan/dbwebb-kurser/mvc/me/report/tests/Controller/CardGameControllerTest.php" line="12" assertions="6" time="0.035639"/>
        <testcase name="testDeckPage" class="App\Controller\CardGameControllerTest" classname="App.Controller.CardGameControllerTest" file="/home/p0ntan/dbwebb-kurser/mvc/me/report/tests/Controller/CardGameControllerTest.php" line="24" assertions="4" time="0.033967"/>
        <testcase name="testShufflePage" class="App\Controller\CardGameControllerTest" classname="App.Controller.CardGameControllerTest" file="/home/p0ntan/dbwebb-kurser/mvc/me/report/tests/Controller/CardGameControllerTest.php" line="38" assertions="4" time="0.029335"/>
        <testcase name="testDrawOnePage" class="App\Controller\CardGameControllerTest" classname="App.Controller.CardGameControllerTest" file="/home/p0ntan/dbwebb-kurser/mvc/me/report/tests/Controller/CardGameControllerTest.php" line="52" assertions="4" time="0.027171"/>
        <testcase name="testDrawMultiNoCards" class="App\Controller\CardGameControllerTest" classname="App.Controller.CardGameControllerTest" file="/home/p0ntan/dbwebb-kurser/mvc/me/report/tests/Controller/CardGameControllerTest.php" line="66" assertions="4" time="0.023101"/>
        <testcase name="testDrawMultiFive" class="App\Controller\CardGameControllerTest" classname="App.Controller.CardGameControllerTest" file="/home/p0ntan/dbwebb-kurser/mvc/me/report/tests/Controller/CardGameControllerTest.php" line="80" assertions="4" time="0.024591"/>
        <testcase name="testDealAndDraw" class="App\Controller\CardGameControllerTest" classname="App.Controller.CardGameControllerTest" file="/home/p0ntan/dbwebb-kurser/mvc/me/report/tests/Controller/CardGameControllerTest.php" line="94" assertions="4" time="0.026118"/>
      </testsuite>
      <testsuite name="App\Controller\MainControllerTest" file="/home/p0ntan/dbwebb-kurser/mvc/me/report/tests/Controller/MainControllerTwigTest.php" tests="5" assertions="21" errors="0" warnings="0" failures="0" skipped="0" time="0.146444">
        <testcase name="testLandingPage" class="App\Controller\MainControllerTest" classname="App.Controller.MainControllerTest" file="/home/p0ntan/dbwebb-kurser/mvc/me/report/tests/Controller/MainControllerTwigTest.php" line="12" assertions="3" time="0.022020"/>
        <testcase name="testAboutPage" class="App\Controller\MainControllerTest" classname="App.Controller.MainControllerTest" file="/home/p0ntan/dbwebb-kurser/mvc/me/report/tests/Controller/MainControllerTwigTest.php" line="20" assertions="5" time="0.022358"/>
        <testcase name="testReportPage" class="App\Controller\MainControllerTest" classname="App.Controller.MainControllerTest" file="/home/p0ntan/dbwebb-kurser/mvc/me/report/tests/Controller/MainControllerTwigTest.php" line="29" assertions="5" time="0.040351"/>
        <testcase name="testLuckyPage" class="App\Controller\MainControllerTest" classname="App.Controller.MainControllerTest" file="/home/p0ntan/dbwebb-kurser/mvc/me/report/tests/Controller/MainControllerTwigTest.php" line="38" assertions="3" time="0.025272"/>
        <testcase name="testMetricsPage" class="App\Controller\MainControllerTest" classname="App.Controller.MainControllerTest" file="/home/p0ntan/dbwebb-kurser/mvc/me/report/tests/Controller/MainControllerTwigTest.php" line="46" assertions="5" time="0.036443"/>
      </testsuite>
      <testsuite name="App\EscapeGame\EscapeGameTest" file="/home/p0ntan/dbwebb-kurser/mvc/me/report/tests/EscapeGame/EscapeGameTest.php" tests="8" assertions="15" errors="0" warnings="0" failures="0" skipped="0" time="0.012081">
        <testcase name="testIsGameOver" class="App\EscapeGame\EscapeGameTest" classname="App.EscapeGame.EscapeGameTest" file="/home/p0ntan/dbwebb-kurser/mvc/me/report/tests/EscapeGame/EscapeGameTest.php" line="38" assertions="2" time="0.000663"/>
        <testcase name="testAddRoom" class="App\EscapeGame\EscapeGameTest" classname="App.EscapeGame.EscapeGameTest" file="/home/p0ntan/dbwebb-kurser/mvc/me/report/tests/EscapeGame/EscapeGameTest.php" line="49" assertions="3" time="0.002200"/>
        <testcase name="testSetAndGetInventory" class="App\EscapeGame\EscapeGameTest" classname="App.EscapeGame.EscapeGameTest" file="/home/p0ntan/dbwebb-kurser/mvc/me/report/tests/EscapeGame/EscapeGameTest.php" line="75" assertions="1" time="0.001225"/>
        <testcase name="testSetAndGetGameOver" class="App\EscapeGame\EscapeGameTest" classname="App.EscapeGame.EscapeGameTest" file="/home/p0ntan/dbwebb-kurser/mvc/me/report/tests/EscapeGame/EscapeGameTest.php" line="88" assertions="2" time="0.000569"/>
        <testcase name="testPickUpActionOnObject" class="App\EscapeGame\EscapeGameTest" classname="App.EscapeGame.EscapeGameTest" file="/home/p0ntan/dbwebb-kurser/mvc/me/report/tests/EscapeGame/EscapeGameTest.php" line="103" assertions="2" time="0.003018"/>
        <testcase name="testGetCurrentRoom" class="App\EscapeGame\EscapeGameTest" classname="App.EscapeGame.EscapeGameTest" file="/home/p0ntan/dbwebb-kurser/mvc/me/report/tests/EscapeGame/EscapeGameTest.php" line="126" assertions="2" time="0.002316"/>
        <testcase name="testGetCurrentRoomFail" class="App\EscapeGame\EscapeGameTest" classname="App.EscapeGame.EscapeGameTest" file="/home/p0ntan/dbwebb-kurser/mvc/me/report/tests/EscapeGame/EscapeGameTest.php" line="146" assertions="1" time="0.000950"/>
        <testcase name="testCurrentGetRoomObject" class="App\EscapeGame\EscapeGameTest" classname="App.EscapeGame.EscapeGameTest" file="/home/p0ntan/dbwebb-kurser/mvc/me/report/tests/EscapeGame/EscapeGameTest.php" line="164" assertions="2" time="0.001141"/>
      </testsuite>
      <testsuite name="App\EscapeGame\EscapeObjectTest" file="/home/p0ntan/dbwebb-kurser/mvc/me/report/tests/EscapeGame/EscapeObjectTest.php" tests="9" assertions="16" errors="0" warnings="0" failures="0" skipped="0" time="0.006898">
        <testcase name="testEscapeObject" class="App\EscapeGame\EscapeObjectTest" classname="App.EscapeGame.EscapeObjectTest" file="/home/p0ntan/dbwebb-kurser/mvc/me/report/tests/EscapeGame/EscapeObjectTest.php" line="51" assertions="3" time="0.000690"/>
        <testcase name="testGetIdNameInfo" class="App\EscapeGame\EscapeObjectTest" classname="App.EscapeGame.EscapeObjectTest" file="/home/p0ntan/dbwebb-kurser/mvc/me/report/tests/EscapeGame/EscapeObjectTest.php" line="63" assertions="3" time="0.000586"/>
        <testcase name="testGetAction" class="App\EscapeGame\EscapeObjectTest" classname="App.EscapeGame.EscapeObjectTest" file="/home/p0ntan/dbwebb-kurser/mvc/me/report/tests/EscapeGame/EscapeObjectTest.php" line="86" assertions="1" time="0.001884"/>
        <testcase name="testGetPosition" class="App\EscapeGame\EscapeObjectTest" classname="App.EscapeGame.EscapeObjectTest" file="/home/p0ntan/dbwebb-kurser/mvc/me/report/tests/EscapeGame/EscapeObjectTest.php" line="119" assertions="2" time="0.000576"/>
        <testcase name="testGetSize" class="App\EscapeGame\EscapeObjectTest" classname="App.EscapeGame.EscapeObjectTest" file="/home/p0ntan/dbwebb-kurser/mvc/me/report/tests/EscapeGame/EscapeObjectTest.php" line="132" assertions="2" time="0.000569"/>
        <testcase name="testGetUrl" class="App\EscapeGame\EscapeObjectTest" classname="App.EscapeGame.EscapeObjectTest" file="/home/p0ntan/dbwebb-kurser/mvc/me/report/tests/EscapeGame/EscapeObjectTest.php" line="145" assertions="1" time="0.000542"/>
        <testcase name="testGetInRoom" class="App\EscapeGame\EscapeObjectTest" classname="App.EscapeGame.EscapeObjectTest" file="/home/p0ntan/dbwebb-kurser/mvc/me/report/tests/EscapeGame/EscapeObjectTest.php" line="159" assertions="1" time="0.000553"/>
        <testcase name="testSetAndGetInnerObject" class="App\EscapeGame\EscapeObjectTest" classname="App.EscapeGame.EscapeObjectTest" file="/home/p0ntan/dbwebb-kurser/mvc/me/report/tests/EscapeGame/EscapeObjectTest.php" line="171" assertions="2" time="0.000768"/>
        <testcase name="testToJson" class="App\EscapeGame\EscapeObjectTest" classname="App.EscapeGame.EscapeObjectTest" file="/home/p0ntan/dbwebb-kurser/mvc/me/report/tests/EscapeGame/EscapeObjectTest.php" line="186" assertions="1" time="0.000731"/>
      </testsuite>
      <testsuite name="App\EscapeGame\EscapeRoomTest" file="/home/p0ntan/dbwebb-kurser/mvc/me/report/tests/EscapeGame/EscapeRoomTest.php" tests="8" assertions="18" errors="0" warnings="0" failures="0" skipped="0" time="0.006703">
        <testcase name="testEscapeFirstRoom" class="App\EscapeGame\EscapeRoomTest" classname="App.EscapeGame.EscapeRoomTest" file="/home/p0ntan/dbwebb-kurser/mvc/me/report/tests/EscapeGame/EscapeRoomTest.php" line="45" assertions="2" time="0.000589"/>
        <testcase name="testGetIdAndInfo" class="App\EscapeGame\EscapeRoomTest" classname="App.EscapeGame.EscapeRoomTest" file="/home/p0ntan/dbwebb-kurser/mvc/me/report/tests/EscapeGame/EscapeRoomTest.php" line="56" assertions="2" time="0.000557"/>
        <testcase name="testSetAndGetCurrentRoom" class="App\EscapeGame\EscapeRoomTest" classname="App.EscapeGame.EscapeRoomTest" file="/home/p0ntan/dbwebb-kurser/mvc/me/report/tests/EscapeGame/EscapeRoomTest.php" line="70" assertions="2" time="0.000613"/>
        <testcase name="testGetImg" class="App\EscapeGame\EscapeRoomTest" classname="App.EscapeGame.EscapeRoomTest" file="/home/p0ntan/dbwebb-kurser/mvc/me/report/tests/EscapeGame/EscapeRoomTest.php" line="85" assertions="1" time="0.000627"/>
        <testcase name="testAddMultipleObjects" class="App\EscapeGame\EscapeRoomTest" classname="App.EscapeGame.EscapeRoomTest" file="/home/p0ntan/dbwebb-kurser/mvc/me/report/tests/EscapeGame/EscapeRoomTest.php" line="97" assertions="5" time="0.000876"/>
        <testcase name="testAddObject" class="App\EscapeGame\EscapeRoomTest" classname="App.EscapeGame.EscapeRoomTest" file="/home/p0ntan/dbwebb-kurser/mvc/me/report/tests/EscapeGame/EscapeRoomTest.php" line="119" assertions="3" time="0.000763"/>
        <testcase name="testGetObjectById" class="App\EscapeGame\EscapeRoomTest" classname="App.EscapeGame.EscapeRoomTest" file="/home/p0ntan/dbwebb-kurser/mvc/me/report/tests/EscapeGame/EscapeRoomTest.php" line="136" assertions="2" time="0.001371"/>
        <testcase name="testGetObjectByIdFail" class="App\EscapeGame\EscapeRoomTest" classname="App.EscapeGame.EscapeRoomTest" file="/home/p0ntan/dbwebb-kurser/mvc/me/report/tests/EscapeGame/EscapeRoomTest.php" line="158" assertions="1" time="0.001308"/>
      </testsuite>
      <testsuite name="App\EscapeGame\InventoryTest" file="/home/p0ntan/dbwebb-kurser/mvc/me/report/tests/EscapeGame/InventoryTest.php" tests="3" assertions="10" errors="0" warnings="0" failures="0" skipped="0" time="0.002278">
        <testcase name="testEmptyInventory" class="App\EscapeGame\InventoryTest" classname="App.EscapeGame.InventoryTest" file="/home/p0ntan/dbwebb-kurser/mvc/me/report/tests/EscapeGame/InventoryTest.php" line="15" assertions="3" time="0.000552"/>
        <testcase name="testAddAndGetItem" class="App\EscapeGame\InventoryTest" classname="App.EscapeGame.InventoryTest" file="/home/p0ntan/dbwebb-kurser/mvc/me/report/tests/EscapeGame/InventoryTest.php" line="29" assertions="4" time="0.000878"/>
        <testcase name="testAddItemUsingActionPickUp" class="App\EscapeGame\InventoryTest" classname="App.EscapeGame.InventoryTest" file="/home/p0ntan/dbwebb-kurser/mvc/me/report/tests/EscapeGame/InventoryTest.php" line="49" assertions="3" time="0.000848"/>
      </testsuite>
      <testsuite name="App\Card\DeckOfCardsTestPart2" file="/home/p0ntan/dbwebb-kurser/mvc/me/report/tests/Card/DeckOfCardsTest2.php" tests="4" assertions="7" errors="0" warnings="0" failures="0" skipped="0" time="0.003424">
        <testcase name="testGetSortedDeck" class="App\Card\DeckOfCardsTestPart2" classname="App.Card.DeckOfCardsTestPart2" file="/home/p0ntan/dbwebb-kurser/mvc/me/report/tests/Card/DeckOfCardsTest2.php" line="15" assertions="1" time="0.001320"/>
        <testcase name="testGetSortedDeckJson" class="App\Card\DeckOfCardsTestPart2" classname="App.Card.DeckOfCardsTestPart2" file="/home/p0ntan/dbwebb-kurser/mvc/me/report/tests/Card/DeckOfCardsTest2.php" line="38" assertions="1" time="0.000836"/>
        <testcase name="testGiveCardToPlayers" class="App\Card\DeckOfCardsTestPart2" classname="App.Card.DeckOfCardsTestPart2" file="/home/p0ntan/dbwebb-kurser/mvc/me/report/tests/Card/DeckOfCardsTest2.php" line="87" assertions="3" time="0.000682"/>
        <testcase name="testGiveCardToPlayersFail" class="App\Card\DeckOfCardsTestPart2" classname="App.Card.DeckOfCardsTestPart2" file="/home/p0ntan/dbwebb-kurser/mvc/me/report/tests/Card/DeckOfCardsTest2.php" line="110" assertions="2" time="0.000586"/>
      </testsuite>
      <testsuite name="App\Blackjack\GameBlackjackTest2" file="/home/p0ntan/dbwebb-kurser/mvc/me/report/tests/Blackjack/GameBlackjackTest2.php" tests="4" assertions="9" errors="0" warnings="0" failures="0" skipped="0" time="0.005170">
        <testcase name="testPlayComputerWins" class="App\Blackjack\GameBlackjackTest2" classname="App.Blackjack.GameBlackjackTest2" file="/home/p0ntan/dbwebb-kurser/mvc/me/report/tests/Blackjack/GameBlackjackTest2.php" line="17" assertions="3" time="0.001474"/>
        <testcase name="testPlayComputerLoses" class="App\Blackjack\GameBlackjackTest2" classname="App.Blackjack.GameBlackjackTest2" file="/home/p0ntan/dbwebb-kurser/mvc/me/report/tests/Blackjack/GameBlackjackTest2.php" line="52" assertions="2" time="0.001430"/>
        <testcase name="testPlayComputerDraw" class="App\Blackjack\GameBlackjackTest2" classname="App.Blackjack.GameBlackjackTest2" file="/home/p0ntan/dbwebb-kurser/mvc/me/report/tests/Blackjack/GameBlackjackTest2.php" line="84" assertions="2" time="0.001370"/>
        <testcase name="testGetAsJson" class="App\Blackjack\GameBlackjackTest2" classname="App.Blackjack.GameBlackjackTest2" file="/home/p0ntan/dbwebb-kurser/mvc/me/report/tests/Blackjack/GameBlackjackTest2.php" line="116" assertions="2" time="0.000896"/>
      </testsuite>
      <testsuite name="App\Blackjack\RulesBlackjackTest2" file="/home/p0ntan/dbwebb-kurser/mvc/me/report/tests/Blackjack/RulesBlackjackTest2.php" tests="5" assertions="7" errors="0" warnings="0" failures="0" skipped="0" time="0.017507">
        <testcase name="testFindWinner" class="App\Blackjack\RulesBlackjackTest2" classname="App.Blackjack.RulesBlackjackTest2" file="/home/p0ntan/dbwebb-kurser/mvc/me/report/tests/Blackjack/RulesBlackjackTest2.php" line="17" assertions="1" time="0.003699"/>
        <testcase name="testFindWinnerTwoHands" class="App\Blackjack\RulesBlackjackTest2" classname="App.Blackjack.RulesBlackjackTest2" file="/home/p0ntan/dbwebb-kurser/mvc/me/report/tests/Blackjack/RulesBlackjackTest2.php" line="52" assertions="2" time="0.004211"/>
        <testcase name="testFindWinnerTwoHandsBlackjack" class="App\Blackjack\RulesBlackjackTest2" classname="App.Blackjack.RulesBlackjackTest2" file="/home/p0ntan/dbwebb-kurser/mvc/me/report/tests/Blackjack/RulesBlackjackTest2.php" line="94" assertions="2" time="0.003302"/>
        <testcase name="testFindWinnerComputerBust" class="App\Blackjack\RulesBlackjackTest2" classname="App.Blackjack.RulesBlackjackTest2" file="/home/p0ntan/dbwebb-kurser/mvc/me/report/tests/Blackjack/RulesBlackjackTest2.php" line="135" assertions="1" time="0.002662"/>
        <testcase name="testFindWinnerDraw" class="App\Blackjack\RulesBlackjackTest2" classname="App.Blackjack.RulesBlackjackTest2" file="/home/p0ntan/dbwebb-kurser/mvc/me/report/tests/Blackjack/RulesBlackjackTest2.php" line="170" assertions="1" time="0.003634"/>
      </testsuite>
    </testsuite>
  </testsuite>
</testsuites>
