<?xml version="1.0" encoding="UTF-8"?>
<testsuites>
  <testsuite name="" tests="157" assertions="453" errors="0" warnings="0" failures="0" skipped="0" time="9.142979">
    <testsuite name="Project Test Suite" tests="157" assertions="453" errors="0" warnings="0" failures="0" skipped="0" time="9.142979">
      <testsuite name="App\Blackjack\GameBlackjackTest" file="/home/p0ntan/dbwebb-kurser/mvc/me/report/tests/Blackjack/GameBlackjackTest.php" tests="8" assertions="22" errors="0" warnings="0" failures="0" skipped="0" time="0.085137">
        <testcase name="testCreateAndInitGame" class="App\Blackjack\GameBlackjackTest" classname="App.Blackjack.GameBlackjackTest" file="/home/p0ntan/dbwebb-kurser/mvc/me/report/tests/Blackjack/GameBlackjackTest.php" line="18" assertions="4" time="0.063750"/>
        <testcase name="testPlaceBet" class="App\Blackjack\GameBlackjackTest" classname="App.Blackjack.GameBlackjackTest" file="/home/p0ntan/dbwebb-kurser/mvc/me/report/tests/Blackjack/GameBlackjackTest.php" line="36" assertions="2" time="0.002961"/>
        <testcase name="testCheckOptionsBlackjack" class="App\Blackjack\GameBlackjackTest" classname="App.Blackjack.GameBlackjackTest" file="/home/p0ntan/dbwebb-kurser/mvc/me/report/tests/Blackjack/GameBlackjackTest.php" line="60" assertions="2" time="0.007705"/>
        <testcase name="testCheckOptionsBust" class="App\Blackjack\GameBlackjackTest" classname="App.Blackjack.GameBlackjackTest" file="/home/p0ntan/dbwebb-kurser/mvc/me/report/tests/Blackjack/GameBlackjackTest.php" line="84" assertions="2" time="0.001318"/>
        <testcase name="testCheckOptionsHighBet" class="App\Blackjack\GameBlackjackTest" classname="App.Blackjack.GameBlackjackTest" file="/home/p0ntan/dbwebb-kurser/mvc/me/report/tests/Blackjack/GameBlackjackTest.php" line="113" assertions="2" time="0.001707"/>
        <testcase name="testDoubleDown" class="App\Blackjack\GameBlackjackTest" classname="App.Blackjack.GameBlackjackTest" file="/home/p0ntan/dbwebb-kurser/mvc/me/report/tests/Blackjack/GameBlackjackTest.php" line="139" assertions="4" time="0.002712"/>
        <testcase name="testSplit" class="App\Blackjack\GameBlackjackTest" classname="App.Blackjack.GameBlackjackTest" file="/home/p0ntan/dbwebb-kurser/mvc/me/report/tests/Blackjack/GameBlackjackTest.php" line="165" assertions="4" time="0.002812"/>
        <testcase name="testPlayerAddCard" class="App\Blackjack\GameBlackjackTest" classname="App.Blackjack.GameBlackjackTest" file="/home/p0ntan/dbwebb-kurser/mvc/me/report/tests/Blackjack/GameBlackjackTest.php" line="205" assertions="2" time="0.002174"/>
      </testsuite>
      <testsuite name="App\Blackjack\PlayerBlackjackTest" file="/home/p0ntan/dbwebb-kurser/mvc/me/report/tests/Blackjack/PlayerBlackjackTest.php" tests="9" assertions="27" errors="0" warnings="0" failures="0" skipped="0" time="0.035969">
        <testcase name="testCreatePlayer" class="App\Blackjack\PlayerBlackjackTest" classname="App.Blackjack.PlayerBlackjackTest" file="/home/p0ntan/dbwebb-kurser/mvc/me/report/tests/Blackjack/PlayerBlackjackTest.php" line="18" assertions="3" time="0.000830"/>
        <testcase name="testAddAndResetHand" class="App\Blackjack\PlayerBlackjackTest" classname="App.Blackjack.PlayerBlackjackTest" file="/home/p0ntan/dbwebb-kurser/mvc/me/report/tests/Blackjack/PlayerBlackjackTest.php" line="34" assertions="3" time="0.000795"/>
        <testcase name="testAddAndResetMultipleHands" class="App\Blackjack\PlayerBlackjackTest" classname="App.Blackjack.PlayerBlackjackTest" file="/home/p0ntan/dbwebb-kurser/mvc/me/report/tests/Blackjack/PlayerBlackjackTest.php" line="54" assertions="6" time="0.000962"/>
        <testcase name="testAddAndGetCurrentHand" class="App\Blackjack\PlayerBlackjackTest" classname="App.Blackjack.PlayerBlackjackTest" file="/home/p0ntan/dbwebb-kurser/mvc/me/report/tests/Blackjack/PlayerBlackjackTest.php" line="78" assertions="4" time="0.010391"/>
        <testcase name="testAddAndGetCurrentHandException" class="App\Blackjack\PlayerBlackjackTest" classname="App.Blackjack.PlayerBlackjackTest" file="/home/p0ntan/dbwebb-kurser/mvc/me/report/tests/Blackjack/PlayerBlackjackTest.php" line="99" assertions="3" time="0.003337"/>
        <testcase name="testSetAndGetMoney" class="App\Blackjack\PlayerBlackjackTest" classname="App.Blackjack.PlayerBlackjackTest" file="/home/p0ntan/dbwebb-kurser/mvc/me/report/tests/Blackjack/PlayerBlackjackTest.php" line="123" assertions="2" time="0.000858"/>
        <testcase name="testGetTotalBet" class="App\Blackjack\PlayerBlackjackTest" classname="App.Blackjack.PlayerBlackjackTest" file="/home/p0ntan/dbwebb-kurser/mvc/me/report/tests/Blackjack/PlayerBlackjackTest.php" line="139" assertions="1" time="0.015899"/>
        <testcase name="testSplitHand" class="App\Blackjack\PlayerBlackjackTest" classname="App.Blackjack.PlayerBlackjackTest" file="/home/p0ntan/dbwebb-kurser/mvc/me/report/tests/Blackjack/PlayerBlackjackTest.php" line="157" assertions="4" time="0.002112"/>
        <testcase name="testSplitHandEmpty" class="App\Blackjack\PlayerBlackjackTest" classname="App.Blackjack.PlayerBlackjackTest" file="/home/p0ntan/dbwebb-kurser/mvc/me/report/tests/Blackjack/PlayerBlackjackTest.php" line="187" assertions="1" time="0.000784"/>
      </testsuite>
      <testsuite name="App\Blackjack\RulesBlackjackTest" file="/home/p0ntan/dbwebb-kurser/mvc/me/report/tests/Blackjack/RulesBlackjackTest.php" tests="9" assertions="25" errors="0" warnings="0" failures="0" skipped="0" time="0.026186">
        <testcase name="testGetHighestValue" class="App\Blackjack\RulesBlackjackTest" classname="App.Blackjack.RulesBlackjackTest" file="/home/p0ntan/dbwebb-kurser/mvc/me/report/tests/Blackjack/RulesBlackjackTest.php" line="17" assertions="1" time="0.002169"/>
        <testcase name="testRuleBlackjack" class="App\Blackjack\RulesBlackjackTest" classname="App.Blackjack.RulesBlackjackTest" file="/home/p0ntan/dbwebb-kurser/mvc/me/report/tests/Blackjack/RulesBlackjackTest.php" line="37" assertions="5" time="0.002619"/>
        <testcase name="testRuleSoftBlackjack" class="App\Blackjack\RulesBlackjackTest" classname="App.Blackjack.RulesBlackjackTest" file="/home/p0ntan/dbwebb-kurser/mvc/me/report/tests/Blackjack/RulesBlackjackTest.php" line="67" assertions="5" time="0.002917"/>
        <testcase name="testRuleBust" class="App\Blackjack\RulesBlackjackTest" classname="App.Blackjack.RulesBlackjackTest" file="/home/p0ntan/dbwebb-kurser/mvc/me/report/tests/Blackjack/RulesBlackjackTest.php" line="99" assertions="5" time="0.003791"/>
        <testcase name="testRuleSplit" class="App\Blackjack\RulesBlackjackTest" classname="App.Blackjack.RulesBlackjackTest" file="/home/p0ntan/dbwebb-kurser/mvc/me/report/tests/Blackjack/RulesBlackjackTest.php" line="131" assertions="5" time="0.003803"/>
        <testcase name="testComputerRules16" class="App\Blackjack\RulesBlackjackTest" classname="App.Blackjack.RulesBlackjackTest" file="/home/p0ntan/dbwebb-kurser/mvc/me/report/tests/Blackjack/RulesBlackjackTest.php" line="159" assertions="1" time="0.003212"/>
        <testcase name="testComputerRules18" class="App\Blackjack\RulesBlackjackTest" classname="App.Blackjack.RulesBlackjackTest" file="/home/p0ntan/dbwebb-kurser/mvc/me/report/tests/Blackjack/RulesBlackjackTest.php" line="179" assertions="1" time="0.003294"/>
        <testcase name="testComputerRulesAces" class="App\Blackjack\RulesBlackjackTest" classname="App.Blackjack.RulesBlackjackTest" file="/home/p0ntan/dbwebb-kurser/mvc/me/report/tests/Blackjack/RulesBlackjackTest.php" line="199" assertions="1" time="0.002205"/>
        <testcase name="testComputerRulesBust" class="App\Blackjack\RulesBlackjackTest" classname="App.Blackjack.RulesBlackjackTest" file="/home/p0ntan/dbwebb-kurser/mvc/me/report/tests/Blackjack/RulesBlackjackTest.php" line="219" assertions="1" time="0.002176"/>
      </testsuite>
      <testsuite name="App\Card\CardGraphicTest" file="/home/p0ntan/dbwebb-kurser/mvc/me/report/tests/Card/CardGraphicTest.php" tests="3" assertions="8" errors="0" warnings="0" failures="0" skipped="0" time="0.003516">
        <testcase name="testCreateCardGraphicNoArgument" class="App\Card\CardGraphicTest" classname="App.Card.CardGraphicTest" file="/home/p0ntan/dbwebb-kurser/mvc/me/report/tests/Card/CardGraphicTest.php" line="16" assertions="3" time="0.001631"/>
        <testcase name="testGetClassName" class="App\Card\CardGraphicTest" classname="App.Card.CardGraphicTest" file="/home/p0ntan/dbwebb-kurser/mvc/me/report/tests/Card/CardGraphicTest.php" line="34" assertions="2" time="0.001132"/>
        <testcase name="testGetAsGraphicString" class="App\Card\CardGraphicTest" classname="App.Card.CardGraphicTest" file="/home/p0ntan/dbwebb-kurser/mvc/me/report/tests/Card/CardGraphicTest.php" line="51" assertions="3" time="0.000753"/>
      </testsuite>
      <testsuite name="App\Card\CardHandTest" file="/home/p0ntan/dbwebb-kurser/mvc/me/report/tests/Card/CardHandTest.php" tests="10" assertions="36" errors="0" warnings="0" failures="0" skipped="0" time="0.010859">
        <testcase name="testCreateCardHand" class="App\Card\CardHandTest" classname="App.Card.CardHandTest" file="/home/p0ntan/dbwebb-kurser/mvc/me/report/tests/Card/CardHandTest.php" line="16" assertions="6" time="0.000775"/>
        <testcase name="testAddAndGetCard" class="App\Card\CardHandTest" classname="App.Card.CardHandTest" file="/home/p0ntan/dbwebb-kurser/mvc/me/report/tests/Card/CardHandTest.php" line="36" assertions="3" time="0.000756"/>
        <testcase name="testAddAndGetMultipleCards" class="App\Card\CardHandTest" classname="App.Card.CardHandTest" file="/home/p0ntan/dbwebb-kurser/mvc/me/report/tests/Card/CardHandTest.php" line="52" assertions="6" time="0.000792"/>
        <testcase name="testRemoveLastCard" class="App\Card\CardHandTest" classname="App.Card.CardHandTest" file="/home/p0ntan/dbwebb-kurser/mvc/me/report/tests/Card/CardHandTest.php" line="70" assertions="5" time="0.002365"/>
        <testcase name="testRemoveLastCardEmptyHand" class="App\Card\CardHandTest" classname="App.Card.CardHandTest" file="/home/p0ntan/dbwebb-kurser/mvc/me/report/tests/Card/CardHandTest.php" line="93" assertions="3" time="0.001471"/>
        <testcase name="testSetAndGetOutcome" class="App\Card\CardHandTest" classname="App.Card.CardHandTest" file="/home/p0ntan/dbwebb-kurser/mvc/me/report/tests/Card/CardHandTest.php" line="110" assertions="3" time="0.000925"/>
        <testcase name="testSetAndGetIsDone" class="App\Card\CardHandTest" classname="App.Card.CardHandTest" file="/home/p0ntan/dbwebb-kurser/mvc/me/report/tests/Card/CardHandTest.php" line="131" assertions="2" time="0.000707"/>
        <testcase name="testSetAndGetPoints" class="App\Card\CardHandTest" classname="App.Card.CardHandTest" file="/home/p0ntan/dbwebb-kurser/mvc/me/report/tests/Card/CardHandTest.php" line="147" assertions="2" time="0.000672"/>
        <testcase name="testSetAndGetBet" class="App\Card\CardHandTest" classname="App.Card.CardHandTest" file="/home/p0ntan/dbwebb-kurser/mvc/me/report/tests/Card/CardHandTest.php" line="163" assertions="2" time="0.000939"/>
        <testcase name="testGetAsJson" class="App\Card\CardHandTest" classname="App.Card.CardHandTest" file="/home/p0ntan/dbwebb-kurser/mvc/me/report/tests/Card/CardHandTest.php" line="179" assertions="4" time="0.001455"/>
      </testsuite>
      <testsuite name="App\Card\CardTest" file="/home/p0ntan/dbwebb-kurser/mvc/me/report/tests/Card/CardTest.php" tests="4" assertions="10" errors="0" warnings="0" failures="0" skipped="0" time="0.003518">
        <testcase name="testCreateCardNoArgument" class="App\Card\CardTest" classname="App.Card.CardTest" file="/home/p0ntan/dbwebb-kurser/mvc/me/report/tests/Card/CardTest.php" line="16" assertions="3" time="0.000689"/>
        <testcase name="testCreateCardWithArgument" class="App\Card\CardTest" classname="App.Card.CardTest" file="/home/p0ntan/dbwebb-kurser/mvc/me/report/tests/Card/CardTest.php" line="35" assertions="3" time="0.000985"/>
        <testcase name="testGetAsString" class="App\Card\CardTest" classname="App.Card.CardTest" file="/home/p0ntan/dbwebb-kurser/mvc/me/report/tests/Card/CardTest.php" line="53" assertions="2" time="0.000875"/>
        <testcase name="testGetAsJson" class="App\Card\CardTest" classname="App.Card.CardTest" file="/home/p0ntan/dbwebb-kurser/mvc/me/report/tests/Card/CardTest.php" line="69" assertions="2" time="0.000968"/>
      </testsuite>
      <testsuite name="App\Card\DeckFactoryTest" file="/home/p0ntan/dbwebb-kurser/mvc/me/report/tests/Card/DeckFactoryTest.php" tests="2" assertions="12" errors="0" warnings="0" failures="0" skipped="0" time="0.004575">
        <testcase name="testCreateCardDeck" class="App\Card\DeckFactoryTest" classname="App.Card.DeckFactoryTest" file="/home/p0ntan/dbwebb-kurser/mvc/me/report/tests/Card/DeckFactoryTest.php" line="16" assertions="6" time="0.002583"/>
        <testcase name="testCreateCardGraphicDeck" class="App\Card\DeckFactoryTest" classname="App.Card.DeckFactoryTest" file="/home/p0ntan/dbwebb-kurser/mvc/me/report/tests/Card/DeckFactoryTest.php" line="39" assertions="6" time="0.001991"/>
      </testsuite>
      <testsuite name="App\Card\DeckOfCardsTest" file="/home/p0ntan/dbwebb-kurser/mvc/me/report/tests/Card/DeckOfCardsTest.php" tests="10" assertions="42" errors="0" warnings="0" failures="0" skipped="0" time="0.020002">
        <testcase name="testCreateDeckOfCards" class="App\Card\DeckOfCardsTest" classname="App.Card.DeckOfCardsTest" file="/home/p0ntan/dbwebb-kurser/mvc/me/report/tests/Card/DeckOfCardsTest.php" line="16" assertions="4" time="0.000740"/>
        <testcase name="testAddCardToDeck" class="App\Card\DeckOfCardsTest" classname="App.Card.DeckOfCardsTest" file="/home/p0ntan/dbwebb-kurser/mvc/me/report/tests/Card/DeckOfCardsTest.php" line="32" assertions="10" time="0.000870"/>
        <testcase name="testShuffleDeck" class="App\Card\DeckOfCardsTest" classname="App.Card.DeckOfCardsTest" file="/home/p0ntan/dbwebb-kurser/mvc/me/report/tests/Card/DeckOfCardsTest.php" line="55" assertions="3" time="0.008677"/>
        <testcase name="testGetAsJson" class="App\Card\DeckOfCardsTest" classname="App.Card.DeckOfCardsTest" file="/home/p0ntan/dbwebb-kurser/mvc/me/report/tests/Card/DeckOfCardsTest.php" line="84" assertions="2" time="0.002082"/>
        <testcase name="testDrawCards" class="App\Card\DeckOfCardsTest" classname="App.Card.DeckOfCardsTest" file="/home/p0ntan/dbwebb-kurser/mvc/me/report/tests/Card/DeckOfCardsTest.php" line="111" assertions="6" time="0.000895"/>
        <testcase name="testDrawCardsEmptyDeck" class="App\Card\DeckOfCardsTest" classname="App.Card.DeckOfCardsTest" file="/home/p0ntan/dbwebb-kurser/mvc/me/report/tests/Card/DeckOfCardsTest.php" line="149" assertions="7" time="0.000758"/>
        <testcase name="testDrawAndGetAsJson" class="App\Card\DeckOfCardsTest" classname="App.Card.DeckOfCardsTest" file="/home/p0ntan/dbwebb-kurser/mvc/me/report/tests/Card/DeckOfCardsTest.php" line="177" assertions="2" time="0.001694"/>
        <testcase name="testGiveCards" class="App\Card\DeckOfCardsTest" classname="App.Card.DeckOfCardsTest" file="/home/p0ntan/dbwebb-kurser/mvc/me/report/tests/Card/DeckOfCardsTest.php" line="213" assertions="6" time="0.000940"/>
        <testcase name="testGiveCardsException" class="App\Card\DeckOfCardsTest" classname="App.Card.DeckOfCardsTest" file="/home/p0ntan/dbwebb-kurser/mvc/me/report/tests/Card/DeckOfCardsTest.php" line="251" assertions="1" time="0.000725"/>
        <testcase name="testGetAsString" class="App\Card\DeckOfCardsTest" classname="App.Card.DeckOfCardsTest" file="/home/p0ntan/dbwebb-kurser/mvc/me/report/tests/Card/DeckOfCardsTest.php" line="269" assertions="1" time="0.002621"/>
      </testsuite>
      <testsuite name="App\Controller\ApiCardControllerTest" file="/home/p0ntan/dbwebb-kurser/mvc/me/report/tests/Controller/ApiCardControllerTest.php" tests="6" assertions="18" errors="0" warnings="0" failures="0" skipped="0" time="6.698564">
        <testcase name="testApiDeck" class="App\Controller\ApiCardControllerTest" classname="App.Controller.ApiCardControllerTest" file="/home/p0ntan/dbwebb-kurser/mvc/me/report/tests/Controller/ApiCardControllerTest.php" line="12" assertions="3" time="6.541840"/>
        <testcase name="testApiShuffle" class="App\Controller\ApiCardControllerTest" classname="App.Controller.ApiCardControllerTest" file="/home/p0ntan/dbwebb-kurser/mvc/me/report/tests/Controller/ApiCardControllerTest.php" line="27" assertions="3" time="0.039193"/>
        <testcase name="testApiDrawOne" class="App\Controller\ApiCardControllerTest" classname="App.Controller.ApiCardControllerTest" file="/home/p0ntan/dbwebb-kurser/mvc/me/report/tests/Controller/ApiCardControllerTest.php" line="42" assertions="3" time="0.032299"/>
        <testcase name="testApiDrawTen" class="App\Controller\ApiCardControllerTest" classname="App.Controller.ApiCardControllerTest" file="/home/p0ntan/dbwebb-kurser/mvc/me/report/tests/Controller/ApiCardControllerTest.php" line="55" assertions="3" time="0.032485"/>
        <testcase name="testApiDrawDeal" class="App\Controller\ApiCardControllerTest" classname="App.Controller.ApiCardControllerTest" file="/home/p0ntan/dbwebb-kurser/mvc/me/report/tests/Controller/ApiCardControllerTest.php" line="68" assertions="3" time="0.029084"/>
        <testcase name="testApiDrawDealTooMany" class="App\Controller\ApiCardControllerTest" classname="App.Controller.ApiCardControllerTest" file="/home/p0ntan/dbwebb-kurser/mvc/me/report/tests/Controller/ApiCardControllerTest.php" line="81" assertions="3" time="0.023663"/>
      </testsuite>
      <testsuite name="App\Controller\ApiControllerTest" file="/home/p0ntan/dbwebb-kurser/mvc/me/report/tests/Controller/ApiControllerTest.php" tests="5" assertions="15" errors="0" warnings="0" failures="0" skipped="0" time="0.543097">
        <testcase name="testApiStart" class="App\Controller\ApiControllerTest" classname="App.Controller.ApiControllerTest" file="/home/p0ntan/dbwebb-kurser/mvc/me/report/tests/Controller/ApiControllerTest.php" line="12" assertions="3" time="0.214326"/>
        <testcase name="testApiQuote" class="App\Controller\ApiControllerTest" classname="App.Controller.ApiControllerTest" file="/home/p0ntan/dbwebb-kurser/mvc/me/report/tests/Controller/ApiControllerTest.php" line="20" assertions="3" time="0.028541"/>
        <testcase name="testApiGameUninitialized" class="App\Controller\ApiControllerTest" classname="App.Controller.ApiControllerTest" file="/home/p0ntan/dbwebb-kurser/mvc/me/report/tests/Controller/ApiControllerTest.php" line="32" assertions="3" time="0.024228"/>
        <testcase name="testApiLibrary" class="App\Controller\ApiControllerTest" classname="App.Controller.ApiControllerTest" file="/home/p0ntan/dbwebb-kurser/mvc/me/report/tests/Controller/ApiControllerTest.php" line="43" assertions="3" time="0.238179"/>
        <testcase name="testApiLibrarySingleBookNoMatch" class="App\Controller\ApiControllerTest" classname="App.Controller.ApiControllerTest" file="/home/p0ntan/dbwebb-kurser/mvc/me/report/tests/Controller/ApiControllerTest.php" line="54" assertions="3" time="0.037821"/>
      </testsuite>
      <testsuite name="App\Controller\BlackjackControllerTest" file="/home/p0ntan/dbwebb-kurser/mvc/me/report/tests/Controller/BlackjackControllerTest.php" tests="5" assertions="28" errors="0" warnings="0" failures="0" skipped="0" time="0.462585">
        <testcase name="testLandingpage" class="App\Controller\BlackjackControllerTest" classname="App.Controller.BlackjackControllerTest" file="/home/p0ntan/dbwebb-kurser/mvc/me/report/tests/Controller/BlackjackControllerTest.php" line="15" assertions="6" time="0.055444"/>
        <testcase name="testAboutGame" class="App\Controller\BlackjackControllerTest" classname="App.Controller.BlackjackControllerTest" file="/home/p0ntan/dbwebb-kurser/mvc/me/report/tests/Controller/BlackjackControllerTest.php" line="27" assertions="6" time="0.048491"/>
        <testcase name="testInitGame" class="App\Controller\BlackjackControllerTest" classname="App.Controller.BlackjackControllerTest" file="/home/p0ntan/dbwebb-kurser/mvc/me/report/tests/Controller/BlackjackControllerTest.php" line="39" assertions="3" time="0.076613"/>
        <testcase name="testInitAndBet" class="App\Controller\BlackjackControllerTest" classname="App.Controller.BlackjackControllerTest" file="/home/p0ntan/dbwebb-kurser/mvc/me/report/tests/Controller/BlackjackControllerTest.php" line="50" assertions="4" time="0.132695"/>
        <testcase name="testInitBetPlay" class="App\Controller\BlackjackControllerTest" classname="App.Controller.BlackjackControllerTest" file="/home/p0ntan/dbwebb-kurser/mvc/me/report/tests/Controller/BlackjackControllerTest.php" line="63" assertions="9" time="0.149343"/>
      </testsuite>
      <testsuite name="App\Controller\CardGameControllerTest" file="/home/p0ntan/dbwebb-kurser/mvc/me/report/tests/Controller/CardGameControllerTest.php" tests="7" assertions="30" errors="0" warnings="0" failures="0" skipped="0" time="0.399192">
        <testcase name="testCardLandingpage" class="App\Controller\CardGameControllerTest" classname="App.Controller.CardGameControllerTest" file="/home/p0ntan/dbwebb-kurser/mvc/me/report/tests/Controller/CardGameControllerTest.php" line="12" assertions="6" time="0.053637"/>
        <testcase name="testDeckPage" class="App\Controller\CardGameControllerTest" classname="App.Controller.CardGameControllerTest" file="/home/p0ntan/dbwebb-kurser/mvc/me/report/tests/Controller/CardGameControllerTest.php" line="24" assertions="4" time="0.070772"/>
        <testcase name="testShufflePage" class="App\Controller\CardGameControllerTest" classname="App.Controller.CardGameControllerTest" file="/home/p0ntan/dbwebb-kurser/mvc/me/report/tests/Controller/CardGameControllerTest.php" line="38" assertions="4" time="0.060463"/>
        <testcase name="testDrawOnePage" class="App\Controller\CardGameControllerTest" classname="App.Controller.CardGameControllerTest" file="/home/p0ntan/dbwebb-kurser/mvc/me/report/tests/Controller/CardGameControllerTest.php" line="52" assertions="4" time="0.046081"/>
        <testcase name="testDrawMultiNoCards" class="App\Controller\CardGameControllerTest" classname="App.Controller.CardGameControllerTest" file="/home/p0ntan/dbwebb-kurser/mvc/me/report/tests/Controller/CardGameControllerTest.php" line="66" assertions="4" time="0.056563"/>
        <testcase name="testDrawMultiFive" class="App\Controller\CardGameControllerTest" classname="App.Controller.CardGameControllerTest" file="/home/p0ntan/dbwebb-kurser/mvc/me/report/tests/Controller/CardGameControllerTest.php" line="80" assertions="4" time="0.046646"/>
        <testcase name="testDealAndDraw" class="App\Controller\CardGameControllerTest" classname="App.Controller.CardGameControllerTest" file="/home/p0ntan/dbwebb-kurser/mvc/me/report/tests/Controller/CardGameControllerTest.php" line="94" assertions="4" time="0.065031"/>
      </testsuite>
      <testsuite name="App\Controller\MainControllerTest" file="/home/p0ntan/dbwebb-kurser/mvc/me/report/tests/Controller/MainControllerTwigTest.php" tests="5" assertions="21" errors="0" warnings="0" failures="0" skipped="0" time="0.364381">
        <testcase name="testLandingPage" class="App\Controller\MainControllerTest" classname="App.Controller.MainControllerTest" file="/home/p0ntan/dbwebb-kurser/mvc/me/report/tests/Controller/MainControllerTwigTest.php" line="12" assertions="3" time="0.039301"/>
        <testcase name="testAboutPage" class="App\Controller\MainControllerTest" classname="App.Controller.MainControllerTest" file="/home/p0ntan/dbwebb-kurser/mvc/me/report/tests/Controller/MainControllerTwigTest.php" line="20" assertions="5" time="0.043337"/>
        <testcase name="testReportPage" class="App\Controller\MainControllerTest" classname="App.Controller.MainControllerTest" file="/home/p0ntan/dbwebb-kurser/mvc/me/report/tests/Controller/MainControllerTwigTest.php" line="29" assertions="5" time="0.168326"/>
        <testcase name="testLuckyPage" class="App\Controller\MainControllerTest" classname="App.Controller.MainControllerTest" file="/home/p0ntan/dbwebb-kurser/mvc/me/report/tests/Controller/MainControllerTwigTest.php" line="38" assertions="3" time="0.050069"/>
        <testcase name="testMetricsPage" class="App\Controller\MainControllerTest" classname="App.Controller.MainControllerTest" file="/home/p0ntan/dbwebb-kurser/mvc/me/report/tests/Controller/MainControllerTwigTest.php" line="46" assertions="5" time="0.063347"/>
      </testsuite>
      <testsuite name="App\Controller\ProjectApiControllerTest" file="/home/p0ntan/dbwebb-kurser/mvc/me/report/tests/Controller/ProjectApiControllerTest.php" tests="7" assertions="28" errors="0" warnings="0" failures="0" skipped="0" time="0.286750">
        <testcase name="testApiProjectHome" class="App\Controller\ProjectApiControllerTest" classname="App.Controller.ProjectApiControllerTest" file="/home/p0ntan/dbwebb-kurser/mvc/me/report/tests/Controller/ProjectApiControllerTest.php" line="12" assertions="3" time="0.100516"/>
        <testcase name="testApiProjectObjects" class="App\Controller\ProjectApiControllerTest" classname="App.Controller.ProjectApiControllerTest" file="/home/p0ntan/dbwebb-kurser/mvc/me/report/tests/Controller/ProjectApiControllerTest.php" line="20" assertions="4" time="0.050917"/>
        <testcase name="testApiProjectDirections" class="App\Controller\ProjectApiControllerTest" classname="App.Controller.ProjectApiControllerTest" file="/home/p0ntan/dbwebb-kurser/mvc/me/report/tests/Controller/ProjectApiControllerTest.php" line="33" assertions="5" time="0.026629"/>
        <testcase name="testApiProjectObject" class="App\Controller\ProjectApiControllerTest" classname="App.Controller.ProjectApiControllerTest" file="/home/p0ntan/dbwebb-kurser/mvc/me/report/tests/Controller/ProjectApiControllerTest.php" line="47" assertions="5" time="0.028869"/>
        <testcase name="testApiProjectObjectFail" class="App\Controller\ProjectApiControllerTest" classname="App.Controller.ProjectApiControllerTest" file="/home/p0ntan/dbwebb-kurser/mvc/me/report/tests/Controller/ProjectApiControllerTest.php" line="61" assertions="3" time="0.029095"/>
        <testcase name="testApiProjectRoom" class="App\Controller\ProjectApiControllerTest" classname="App.Controller.ProjectApiControllerTest" file="/home/p0ntan/dbwebb-kurser/mvc/me/report/tests/Controller/ProjectApiControllerTest.php" line="73" assertions="5" time="0.027308"/>
        <testcase name="testApiProjectRoomFail" class="App\Controller\ProjectApiControllerTest" classname="App.Controller.ProjectApiControllerTest" file="/home/p0ntan/dbwebb-kurser/mvc/me/report/tests/Controller/ProjectApiControllerTest.php" line="87" assertions="3" time="0.023417"/>
      </testsuite>
      <testsuite name="App\EscapeGame\ActionsTest" file="/home/p0ntan/dbwebb-kurser/mvc/me/report/tests/EscapeGame/ActionsTest.php" tests="5" assertions="10" errors="0" warnings="0" failures="0" skipped="0" time="0.013357">
        <testcase name="testActionPickUp" class="App\EscapeGame\ActionsTest" classname="App.EscapeGame.ActionsTest" file="/home/p0ntan/dbwebb-kurser/mvc/me/report/tests/EscapeGame/ActionsTest.php" line="12" assertions="1" time="0.007410"/>
        <testcase name="testActionLookCloser" class="App\EscapeGame\ActionsTest" classname="App.EscapeGame.ActionsTest" file="/home/p0ntan/dbwebb-kurser/mvc/me/report/tests/EscapeGame/ActionsTest.php" line="25" assertions="1" time="0.001041"/>
        <testcase name="testActionMoveDown" class="App\EscapeGame\ActionsTest" classname="App.EscapeGame.ActionsTest" file="/home/p0ntan/dbwebb-kurser/mvc/me/report/tests/EscapeGame/ActionsTest.php" line="36" assertions="2" time="0.002313"/>
        <testcase name="testActionOpenDoor" class="App\EscapeGame\ActionsTest" classname="App.EscapeGame.ActionsTest" file="/home/p0ntan/dbwebb-kurser/mvc/me/report/tests/EscapeGame/ActionsTest.php" line="62" assertions="3" time="0.001420"/>
        <testcase name="testActionTakeKey" class="App\EscapeGame\ActionsTest" classname="App.EscapeGame.ActionsTest" file="/home/p0ntan/dbwebb-kurser/mvc/me/report/tests/EscapeGame/ActionsTest.php" line="79" assertions="3" time="0.001173"/>
      </testsuite>
      <testsuite name="App\EscapeGame\EscapeDirectionTest" file="/home/p0ntan/dbwebb-kurser/mvc/me/report/tests/EscapeGame/EscapeDirectionTest.php" tests="6" assertions="6" errors="0" warnings="0" failures="0" skipped="0" time="0.006284">
        <testcase name="testGetFromRoom" class="App\EscapeGame\EscapeDirectionTest" classname="App.EscapeGame.EscapeDirectionTest" file="/home/p0ntan/dbwebb-kurser/mvc/me/report/tests/EscapeGame/EscapeDirectionTest.php" line="43" assertions="1" time="0.000815"/>
        <testcase name="testGetToRoom" class="App\EscapeGame\EscapeDirectionTest" classname="App.EscapeGame.EscapeDirectionTest" file="/home/p0ntan/dbwebb-kurser/mvc/me/report/tests/EscapeGame/EscapeDirectionTest.php" line="51" assertions="1" time="0.001207"/>
        <testcase name="testGetPosX" class="App\EscapeGame\EscapeDirectionTest" classname="App.EscapeGame.EscapeDirectionTest" file="/home/p0ntan/dbwebb-kurser/mvc/me/report/tests/EscapeGame/EscapeDirectionTest.php" line="59" assertions="1" time="0.001046"/>
        <testcase name="testGetPosY" class="App\EscapeGame\EscapeDirectionTest" classname="App.EscapeGame.EscapeDirectionTest" file="/home/p0ntan/dbwebb-kurser/mvc/me/report/tests/EscapeGame/EscapeDirectionTest.php" line="67" assertions="1" time="0.000877"/>
        <testcase name="testGetDirection" class="App\EscapeGame\EscapeDirectionTest" classname="App.EscapeGame.EscapeDirectionTest" file="/home/p0ntan/dbwebb-kurser/mvc/me/report/tests/EscapeGame/EscapeDirectionTest.php" line="75" assertions="1" time="0.001275"/>
        <testcase name="testJson" class="App\EscapeGame\EscapeDirectionTest" classname="App.EscapeGame.EscapeDirectionTest" file="/home/p0ntan/dbwebb-kurser/mvc/me/report/tests/EscapeGame/EscapeDirectionTest.php" line="83" assertions="1" time="0.001064"/>
      </testsuite>
      <testsuite name="App\EscapeGame\EscapeGameInitalizerTest" file="/home/p0ntan/dbwebb-kurser/mvc/me/report/tests/EscapeGame/EscapeGameInitalizerTest.php" tests="1" assertions="5" errors="0" warnings="0" failures="0" skipped="0" time="0.061381">
        <testcase name="testInitGame" class="App\EscapeGame\EscapeGameInitalizerTest" classname="App.EscapeGame.EscapeGameInitalizerTest" file="/home/p0ntan/dbwebb-kurser/mvc/me/report/tests/EscapeGame/EscapeGameInitalizerTest.php" line="117" assertions="5" time="0.061381"/>
      </testsuite>
      <testsuite name="App\EscapeGame\EscapeGameTest" file="/home/p0ntan/dbwebb-kurser/mvc/me/report/tests/EscapeGame/EscapeGameTest.php" tests="10" assertions="17" errors="0" warnings="0" failures="0" skipped="0" time="0.021018">
        <testcase name="testIsGameOver" class="App\EscapeGame\EscapeGameTest" classname="App.EscapeGame.EscapeGameTest" file="/home/p0ntan/dbwebb-kurser/mvc/me/report/tests/EscapeGame/EscapeGameTest.php" line="38" assertions="2" time="0.001335"/>
        <testcase name="testAddRoom" class="App\EscapeGame\EscapeGameTest" classname="App.EscapeGame.EscapeGameTest" file="/home/p0ntan/dbwebb-kurser/mvc/me/report/tests/EscapeGame/EscapeGameTest.php" line="49" assertions="3" time="0.003694"/>
        <testcase name="testSetAndGetInventory" class="App\EscapeGame\EscapeGameTest" classname="App.EscapeGame.EscapeGameTest" file="/home/p0ntan/dbwebb-kurser/mvc/me/report/tests/EscapeGame/EscapeGameTest.php" line="75" assertions="1" time="0.001319"/>
        <testcase name="testSetAndGetGameOver" class="App\EscapeGame\EscapeGameTest" classname="App.EscapeGame.EscapeGameTest" file="/home/p0ntan/dbwebb-kurser/mvc/me/report/tests/EscapeGame/EscapeGameTest.php" line="88" assertions="2" time="0.000797"/>
        <testcase name="testPickUpActionOnObject" class="App\EscapeGame\EscapeGameTest" classname="App.EscapeGame.EscapeGameTest" file="/home/p0ntan/dbwebb-kurser/mvc/me/report/tests/EscapeGame/EscapeGameTest.php" line="103" assertions="2" time="0.001496"/>
        <testcase name="testGetCurrentRoom" class="App\EscapeGame\EscapeGameTest" classname="App.EscapeGame.EscapeGameTest" file="/home/p0ntan/dbwebb-kurser/mvc/me/report/tests/EscapeGame/EscapeGameTest.php" line="126" assertions="2" time="0.002224"/>
        <testcase name="testGetCurrentRoomFail" class="App\EscapeGame\EscapeGameTest" classname="App.EscapeGame.EscapeGameTest" file="/home/p0ntan/dbwebb-kurser/mvc/me/report/tests/EscapeGame/EscapeGameTest.php" line="146" assertions="1" time="0.001861"/>
        <testcase name="testCurrentGetRoomObject" class="App\EscapeGame\EscapeGameTest" classname="App.EscapeGame.EscapeGameTest" file="/home/p0ntan/dbwebb-kurser/mvc/me/report/tests/EscapeGame/EscapeGameTest.php" line="164" assertions="2" time="0.002541"/>
        <testcase name="testWithRightCombination" class="App\EscapeGame\EscapeGameTest" classname="App.EscapeGame.EscapeGameTest" file="/home/p0ntan/dbwebb-kurser/mvc/me/report/tests/EscapeGame/EscapeGameTest.php" line="181" assertions="1" time="0.004659"/>
        <testcase name="testWithWrongCombination" class="App\EscapeGame\EscapeGameTest" classname="App.EscapeGame.EscapeGameTest" file="/home/p0ntan/dbwebb-kurser/mvc/me/report/tests/EscapeGame/EscapeGameTest.php" line="211" assertions="1" time="0.001092"/>
      </testsuite>
      <testsuite name="App\EscapeGame\EscapeObjectTest" file="/home/p0ntan/dbwebb-kurser/mvc/me/report/tests/EscapeGame/EscapeObjectTest.php" tests="10" assertions="23" errors="0" warnings="0" failures="0" skipped="0" time="0.012581">
        <testcase name="testEscapeObject" class="App\EscapeGame\EscapeObjectTest" classname="App.EscapeGame.EscapeObjectTest" file="/home/p0ntan/dbwebb-kurser/mvc/me/report/tests/EscapeGame/EscapeObjectTest.php" line="51" assertions="3" time="0.001100"/>
        <testcase name="testGetIdNameInfo" class="App\EscapeGame\EscapeObjectTest" classname="App.EscapeGame.EscapeObjectTest" file="/home/p0ntan/dbwebb-kurser/mvc/me/report/tests/EscapeGame/EscapeObjectTest.php" line="63" assertions="3" time="0.001080"/>
        <testcase name="testGetAction" class="App\EscapeGame\EscapeObjectTest" classname="App.EscapeGame.EscapeObjectTest" file="/home/p0ntan/dbwebb-kurser/mvc/me/report/tests/EscapeGame/EscapeObjectTest.php" line="86" assertions="4" time="0.002446"/>
        <testcase name="testGetInnerInfo" class="App\EscapeGame\EscapeObjectTest" classname="App.EscapeGame.EscapeObjectTest" file="/home/p0ntan/dbwebb-kurser/mvc/me/report/tests/EscapeGame/EscapeObjectTest.php" line="120" assertions="1" time="0.001083"/>
        <testcase name="testSetAndGetPosition" class="App\EscapeGame\EscapeObjectTest" classname="App.EscapeGame.EscapeObjectTest" file="/home/p0ntan/dbwebb-kurser/mvc/me/report/tests/EscapeGame/EscapeObjectTest.php" line="130" assertions="4" time="0.001193"/>
        <testcase name="testGetSize" class="App\EscapeGame\EscapeObjectTest" classname="App.EscapeGame.EscapeObjectTest" file="/home/p0ntan/dbwebb-kurser/mvc/me/report/tests/EscapeGame/EscapeObjectTest.php" line="149" assertions="2" time="0.001331"/>
        <testcase name="testGetUrl" class="App\EscapeGame\EscapeObjectTest" classname="App.EscapeGame.EscapeObjectTest" file="/home/p0ntan/dbwebb-kurser/mvc/me/report/tests/EscapeGame/EscapeObjectTest.php" line="162" assertions="1" time="0.001039"/>
        <testcase name="testGetInRoom" class="App\EscapeGame\EscapeObjectTest" classname="App.EscapeGame.EscapeObjectTest" file="/home/p0ntan/dbwebb-kurser/mvc/me/report/tests/EscapeGame/EscapeObjectTest.php" line="176" assertions="1" time="0.001046"/>
        <testcase name="testSetAndGetInnerObject" class="App\EscapeGame\EscapeObjectTest" classname="App.EscapeGame.EscapeObjectTest" file="/home/p0ntan/dbwebb-kurser/mvc/me/report/tests/EscapeGame/EscapeObjectTest.php" line="188" assertions="3" time="0.001444"/>
        <testcase name="testToJson" class="App\EscapeGame\EscapeObjectTest" classname="App.EscapeGame.EscapeObjectTest" file="/home/p0ntan/dbwebb-kurser/mvc/me/report/tests/EscapeGame/EscapeObjectTest.php" line="208" assertions="1" time="0.000820"/>
      </testsuite>
      <testsuite name="App\EscapeGame\EscapeRoomTest" file="/home/p0ntan/dbwebb-kurser/mvc/me/report/tests/EscapeGame/EscapeRoomTest.php" tests="10" assertions="23" errors="0" warnings="0" failures="0" skipped="0" time="0.017104">
        <testcase name="testEscapeFirstRoom" class="App\EscapeGame\EscapeRoomTest" classname="App.EscapeGame.EscapeRoomTest" file="/home/p0ntan/dbwebb-kurser/mvc/me/report/tests/EscapeGame/EscapeRoomTest.php" line="45" assertions="2" time="0.000761"/>
        <testcase name="testGetIdAndInfo" class="App\EscapeGame\EscapeRoomTest" classname="App.EscapeGame.EscapeRoomTest" file="/home/p0ntan/dbwebb-kurser/mvc/me/report/tests/EscapeGame/EscapeRoomTest.php" line="56" assertions="2" time="0.000793"/>
        <testcase name="testSetAndGetCurrentRoom" class="App\EscapeGame\EscapeRoomTest" classname="App.EscapeGame.EscapeRoomTest" file="/home/p0ntan/dbwebb-kurser/mvc/me/report/tests/EscapeGame/EscapeRoomTest.php" line="70" assertions="2" time="0.000781"/>
        <testcase name="testGetImg" class="App\EscapeGame\EscapeRoomTest" classname="App.EscapeGame.EscapeRoomTest" file="/home/p0ntan/dbwebb-kurser/mvc/me/report/tests/EscapeGame/EscapeRoomTest.php" line="85" assertions="1" time="0.001036"/>
        <testcase name="testAddMultipleObjects" class="App\EscapeGame\EscapeRoomTest" classname="App.EscapeGame.EscapeRoomTest" file="/home/p0ntan/dbwebb-kurser/mvc/me/report/tests/EscapeGame/EscapeRoomTest.php" line="97" assertions="5" time="0.001567"/>
        <testcase name="testAddObject" class="App\EscapeGame\EscapeRoomTest" classname="App.EscapeGame.EscapeRoomTest" file="/home/p0ntan/dbwebb-kurser/mvc/me/report/tests/EscapeGame/EscapeRoomTest.php" line="119" assertions="3" time="0.001299"/>
        <testcase name="testGetObjectById" class="App\EscapeGame\EscapeRoomTest" classname="App.EscapeGame.EscapeRoomTest" file="/home/p0ntan/dbwebb-kurser/mvc/me/report/tests/EscapeGame/EscapeRoomTest.php" line="136" assertions="2" time="0.004493"/>
        <testcase name="testGetObjectByIdFail" class="App\EscapeGame\EscapeRoomTest" classname="App.EscapeGame.EscapeRoomTest" file="/home/p0ntan/dbwebb-kurser/mvc/me/report/tests/EscapeGame/EscapeRoomTest.php" line="158" assertions="1" time="0.002142"/>
        <testcase name="testAddAndGetDirections" class="App\EscapeGame\EscapeRoomTest" classname="App.EscapeGame.EscapeRoomTest" file="/home/p0ntan/dbwebb-kurser/mvc/me/report/tests/EscapeGame/EscapeRoomTest.php" line="177" assertions="4" time="0.003439"/>
        <testcase name="testJson" class="App\EscapeGame\EscapeRoomTest" classname="App.EscapeGame.EscapeRoomTest" file="/home/p0ntan/dbwebb-kurser/mvc/me/report/tests/EscapeGame/EscapeRoomTest.php" line="196" assertions="1" time="0.000793"/>
      </testsuite>
      <testsuite name="App\EscapeGame\InventoryTest" file="/home/p0ntan/dbwebb-kurser/mvc/me/report/tests/EscapeGame/InventoryTest.php" tests="3" assertions="10" errors="0" warnings="0" failures="0" skipped="0" time="0.004934">
        <testcase name="testEmptyInventory" class="App\EscapeGame\InventoryTest" classname="App.EscapeGame.InventoryTest" file="/home/p0ntan/dbwebb-kurser/mvc/me/report/tests/EscapeGame/InventoryTest.php" line="15" assertions="3" time="0.000938"/>
        <testcase name="testAddAndGetItem" class="App\EscapeGame\InventoryTest" classname="App.EscapeGame.InventoryTest" file="/home/p0ntan/dbwebb-kurser/mvc/me/report/tests/EscapeGame/InventoryTest.php" line="29" assertions="4" time="0.001681"/>
        <testcase name="testAddItemUsingActionPickUp" class="App\EscapeGame\InventoryTest" classname="App.EscapeGame.InventoryTest" file="/home/p0ntan/dbwebb-kurser/mvc/me/report/tests/EscapeGame/InventoryTest.php" line="49" assertions="3" time="0.002315"/>
      </testsuite>
      <testsuite name="App\Card\DeckOfCardsTestPart2" file="/home/p0ntan/dbwebb-kurser/mvc/me/report/tests/Card/DeckOfCardsTest2.php" tests="4" assertions="7" errors="0" warnings="0" failures="0" skipped="0" time="0.005542">
        <testcase name="testGetSortedDeck" class="App\Card\DeckOfCardsTestPart2" classname="App.Card.DeckOfCardsTestPart2" file="/home/p0ntan/dbwebb-kurser/mvc/me/report/tests/Card/DeckOfCardsTest2.php" line="15" assertions="1" time="0.001182"/>
        <testcase name="testGetSortedDeckJson" class="App\Card\DeckOfCardsTestPart2" classname="App.Card.DeckOfCardsTestPart2" file="/home/p0ntan/dbwebb-kurser/mvc/me/report/tests/Card/DeckOfCardsTest2.php" line="38" assertions="1" time="0.001821"/>
        <testcase name="testGiveCardToPlayers" class="App\Card\DeckOfCardsTestPart2" classname="App.Card.DeckOfCardsTestPart2" file="/home/p0ntan/dbwebb-kurser/mvc/me/report/tests/Card/DeckOfCardsTest2.php" line="87" assertions="3" time="0.001360"/>
        <testcase name="testGiveCardToPlayersFail" class="App\Card\DeckOfCardsTestPart2" classname="App.Card.DeckOfCardsTestPart2" file="/home/p0ntan/dbwebb-kurser/mvc/me/report/tests/Card/DeckOfCardsTest2.php" line="110" assertions="2" time="0.001180"/>
      </testsuite>
      <testsuite name="App\Blackjack\GameBlackjackTest2" file="/home/p0ntan/dbwebb-kurser/mvc/me/report/tests/Blackjack/GameBlackjackTest2.php" tests="4" assertions="9" errors="0" warnings="0" failures="0" skipped="0" time="0.010638">
        <testcase name="testPlayComputerWins" class="App\Blackjack\GameBlackjackTest2" classname="App.Blackjack.GameBlackjackTest2" file="/home/p0ntan/dbwebb-kurser/mvc/me/report/tests/Blackjack/GameBlackjackTest2.php" line="17" assertions="3" time="0.003161"/>
        <testcase name="testPlayComputerLoses" class="App\Blackjack\GameBlackjackTest2" classname="App.Blackjack.GameBlackjackTest2" file="/home/p0ntan/dbwebb-kurser/mvc/me/report/tests/Blackjack/GameBlackjackTest2.php" line="52" assertions="2" time="0.002013"/>
        <testcase name="testPlayComputerDraw" class="App\Blackjack\GameBlackjackTest2" classname="App.Blackjack.GameBlackjackTest2" file="/home/p0ntan/dbwebb-kurser/mvc/me/report/tests/Blackjack/GameBlackjackTest2.php" line="84" assertions="2" time="0.002989"/>
        <testcase name="testGetAsJson" class="App\Blackjack\GameBlackjackTest2" classname="App.Blackjack.GameBlackjackTest2" file="/home/p0ntan/dbwebb-kurser/mvc/me/report/tests/Blackjack/GameBlackjackTest2.php" line="116" assertions="2" time="0.002474"/>
      </testsuite>
      <testsuite name="App\Blackjack\RulesBlackjackTest2" file="/home/p0ntan/dbwebb-kurser/mvc/me/report/tests/Blackjack/RulesBlackjackTest2.php" tests="5" assertions="7" errors="0" warnings="0" failures="0" skipped="0" time="0.030818">
        <testcase name="testFindWinner" class="App\Blackjack\RulesBlackjackTest2" classname="App.Blackjack.RulesBlackjackTest2" file="/home/p0ntan/dbwebb-kurser/mvc/me/report/tests/Blackjack/RulesBlackjackTest2.php" line="17" assertions="1" time="0.008589"/>
        <testcase name="testFindWinnerTwoHands" class="App\Blackjack\RulesBlackjackTest2" classname="App.Blackjack.RulesBlackjackTest2" file="/home/p0ntan/dbwebb-kurser/mvc/me/report/tests/Blackjack/RulesBlackjackTest2.php" line="52" assertions="2" time="0.006959"/>
        <testcase name="testFindWinnerTwoHandsBlackjack" class="App\Blackjack\RulesBlackjackTest2" classname="App.Blackjack.RulesBlackjackTest2" file="/home/p0ntan/dbwebb-kurser/mvc/me/report/tests/Blackjack/RulesBlackjackTest2.php" line="94" assertions="2" time="0.006340"/>
        <testcase name="testFindWinnerComputerBust" class="App\Blackjack\RulesBlackjackTest2" classname="App.Blackjack.RulesBlackjackTest2" file="/home/p0ntan/dbwebb-kurser/mvc/me/report/tests/Blackjack/RulesBlackjackTest2.php" line="135" assertions="1" time="0.004243"/>
        <testcase name="testFindWinnerDraw" class="App\Blackjack\RulesBlackjackTest2" classname="App.Blackjack.RulesBlackjackTest2" file="/home/p0ntan/dbwebb-kurser/mvc/me/report/tests/Blackjack/RulesBlackjackTest2.php" line="170" assertions="1" time="0.004687"/>
      </testsuite>
      <testsuite name="App\EscapeGame\EscapeObjectTestTwo" file="/home/p0ntan/dbwebb-kurser/mvc/me/report/tests/EscapeGame/EscapeObjectTestTwo.php" tests="4" assertions="8" errors="0" warnings="0" failures="0" skipped="0" time="0.005453">
        <testcase name="testSetAndGetInnerOneObject" class="App\EscapeGame\EscapeObjectTestTwo" classname="App.EscapeGame.EscapeObjectTestTwo" file="/home/p0ntan/dbwebb-kurser/mvc/me/report/tests/EscapeGame/EscapeObjectTestTwo.php" line="51" assertions="2" time="0.001531"/>
        <testcase name="testSetAndGetInnerObjectFail" class="App\EscapeGame\EscapeObjectTestTwo" classname="App.EscapeGame.EscapeObjectTestTwo" file="/home/p0ntan/dbwebb-kurser/mvc/me/report/tests/EscapeGame/EscapeObjectTestTwo.php" line="72" assertions="3" time="0.002046"/>
        <testcase name="testSetAndGetIsHidden" class="App\EscapeGame\EscapeObjectTestTwo" classname="App.EscapeGame.EscapeObjectTestTwo" file="/home/p0ntan/dbwebb-kurser/mvc/me/report/tests/EscapeGame/EscapeObjectTestTwo.php" line="90" assertions="2" time="0.001115"/>
        <testcase name="testGetInObject" class="App\EscapeGame\EscapeObjectTestTwo" classname="App.EscapeGame.EscapeObjectTestTwo" file="/home/p0ntan/dbwebb-kurser/mvc/me/report/tests/EscapeGame/EscapeObjectTestTwo.php" line="105" assertions="1" time="0.000760"/>
      </testsuite>
      <testsuite name="App\EscapeGame\EscapeGameTestTwo" file="/home/p0ntan/dbwebb-kurser/mvc/me/report/tests/EscapeGame/EscapeGameTestTwo.php" tests="5" assertions="6" errors="0" warnings="0" failures="0" skipped="0" time="0.009538">
        <testcase name="testChangeCurrentRoom" class="App\EscapeGame\EscapeGameTestTwo" classname="App.EscapeGame.EscapeGameTestTwo" file="/home/p0ntan/dbwebb-kurser/mvc/me/report/tests/EscapeGame/EscapeGameTestTwo.php" line="38" assertions="2" time="0.001163"/>
        <testcase name="testGetObjectFail" class="App\EscapeGame\EscapeGameTestTwo" classname="App.EscapeGame.EscapeGameTestTwo" file="/home/p0ntan/dbwebb-kurser/mvc/me/report/tests/EscapeGame/EscapeGameTestTwo.php" line="68" assertions="1" time="0.003910"/>
        <testcase name="testActionOpenDoor" class="App\EscapeGame\EscapeGameTestTwo" classname="App.EscapeGame.EscapeGameTestTwo" file="/home/p0ntan/dbwebb-kurser/mvc/me/report/tests/EscapeGame/EscapeGameTestTwo.php" line="88" assertions="1" time="0.001933"/>
        <testcase name="testActionMoveDown" class="App\EscapeGame\EscapeGameTestTwo" classname="App.EscapeGame.EscapeGameTestTwo" file="/home/p0ntan/dbwebb-kurser/mvc/me/report/tests/EscapeGame/EscapeGameTestTwo.php" line="107" assertions="1" time="0.000903"/>
        <testcase name="testActionTakeKey" class="App\EscapeGame\EscapeGameTestTwo" classname="App.EscapeGame.EscapeGameTestTwo" file="/home/p0ntan/dbwebb-kurser/mvc/me/report/tests/EscapeGame/EscapeGameTestTwo.php" line="136" assertions="1" time="0.001628"/>
      </testsuite>
    </testsuite>
  </testsuite>
</testsuites>
