<?xml version="1.0" encoding="UTF-8"?>
<testsuites>
  <testsuite name="" tests="82" assertions="261" errors="0" warnings="0" failures="0" skipped="0" time="0.834208">
    <testsuite name="Project Test Suite" tests="82" assertions="261" errors="0" warnings="0" failures="0" skipped="0" time="0.834208">
      <testsuite name="App\Blackjack\GameBlackjackTest" file="/home/p0ntan/dbwebb-kurser/mvc/me/report/tests/Blackjack/GameBlackjackTest.php" tests="8" assertions="22" errors="0" warnings="0" failures="0" skipped="0" time="0.051497">
        <testcase name="testCreateAndInitGame" class="App\Blackjack\GameBlackjackTest" classname="App.Blackjack.GameBlackjackTest" file="/home/p0ntan/dbwebb-kurser/mvc/me/report/tests/Blackjack/GameBlackjackTest.php" line="18" assertions="4" time="0.040167"/>
        <testcase name="testPlaceBet" class="App\Blackjack\GameBlackjackTest" classname="App.Blackjack.GameBlackjackTest" file="/home/p0ntan/dbwebb-kurser/mvc/me/report/tests/Blackjack/GameBlackjackTest.php" line="36" assertions="2" time="0.001642"/>
        <testcase name="testCheckOptionsBlackjack" class="App\Blackjack\GameBlackjackTest" classname="App.Blackjack.GameBlackjackTest" file="/home/p0ntan/dbwebb-kurser/mvc/me/report/tests/Blackjack/GameBlackjackTest.php" line="60" assertions="2" time="0.001884"/>
        <testcase name="testCheckOptionsBust" class="App\Blackjack\GameBlackjackTest" classname="App.Blackjack.GameBlackjackTest" file="/home/p0ntan/dbwebb-kurser/mvc/me/report/tests/Blackjack/GameBlackjackTest.php" line="84" assertions="2" time="0.000874"/>
        <testcase name="testCheckOptionsHighBet" class="App\Blackjack\GameBlackjackTest" classname="App.Blackjack.GameBlackjackTest" file="/home/p0ntan/dbwebb-kurser/mvc/me/report/tests/Blackjack/GameBlackjackTest.php" line="113" assertions="2" time="0.000811"/>
        <testcase name="testDoubleDown" class="App\Blackjack\GameBlackjackTest" classname="App.Blackjack.GameBlackjackTest" file="/home/p0ntan/dbwebb-kurser/mvc/me/report/tests/Blackjack/GameBlackjackTest.php" line="139" assertions="4" time="0.001837"/>
        <testcase name="testSplit" class="App\Blackjack\GameBlackjackTest" classname="App.Blackjack.GameBlackjackTest" file="/home/p0ntan/dbwebb-kurser/mvc/me/report/tests/Blackjack/GameBlackjackTest.php" line="165" assertions="4" time="0.002838"/>
        <testcase name="testPlayerAddCard" class="App\Blackjack\GameBlackjackTest" classname="App.Blackjack.GameBlackjackTest" file="/home/p0ntan/dbwebb-kurser/mvc/me/report/tests/Blackjack/GameBlackjackTest.php" line="205" assertions="2" time="0.001443"/>
      </testsuite>
      <testsuite name="App\Blackjack\PlayerBlackjackTest" file="/home/p0ntan/dbwebb-kurser/mvc/me/report/tests/Blackjack/PlayerBlackjackTest.php" tests="9" assertions="27" errors="0" warnings="0" failures="0" skipped="0" time="0.020600">
        <testcase name="testCreatePlayer" class="App\Blackjack\PlayerBlackjackTest" classname="App.Blackjack.PlayerBlackjackTest" file="/home/p0ntan/dbwebb-kurser/mvc/me/report/tests/Blackjack/PlayerBlackjackTest.php" line="18" assertions="3" time="0.000481"/>
        <testcase name="testAddAndResetHand" class="App\Blackjack\PlayerBlackjackTest" classname="App.Blackjack.PlayerBlackjackTest" file="/home/p0ntan/dbwebb-kurser/mvc/me/report/tests/Blackjack/PlayerBlackjackTest.php" line="34" assertions="3" time="0.000502"/>
        <testcase name="testAddAndResetMultipleHands" class="App\Blackjack\PlayerBlackjackTest" classname="App.Blackjack.PlayerBlackjackTest" file="/home/p0ntan/dbwebb-kurser/mvc/me/report/tests/Blackjack/PlayerBlackjackTest.php" line="54" assertions="6" time="0.000535"/>
        <testcase name="testAddAndGetCurrentHand" class="App\Blackjack\PlayerBlackjackTest" classname="App.Blackjack.PlayerBlackjackTest" file="/home/p0ntan/dbwebb-kurser/mvc/me/report/tests/Blackjack/PlayerBlackjackTest.php" line="78" assertions="4" time="0.003303"/>
        <testcase name="testAddAndGetCurrentHandException" class="App\Blackjack\PlayerBlackjackTest" classname="App.Blackjack.PlayerBlackjackTest" file="/home/p0ntan/dbwebb-kurser/mvc/me/report/tests/Blackjack/PlayerBlackjackTest.php" line="99" assertions="3" time="0.002262"/>
        <testcase name="testSetAndGetMoney" class="App\Blackjack\PlayerBlackjackTest" classname="App.Blackjack.PlayerBlackjackTest" file="/home/p0ntan/dbwebb-kurser/mvc/me/report/tests/Blackjack/PlayerBlackjackTest.php" line="123" assertions="2" time="0.000488"/>
        <testcase name="testGetTotalBet" class="App\Blackjack\PlayerBlackjackTest" classname="App.Blackjack.PlayerBlackjackTest" file="/home/p0ntan/dbwebb-kurser/mvc/me/report/tests/Blackjack/PlayerBlackjackTest.php" line="139" assertions="1" time="0.011076"/>
        <testcase name="testSplitHand" class="App\Blackjack\PlayerBlackjackTest" classname="App.Blackjack.PlayerBlackjackTest" file="/home/p0ntan/dbwebb-kurser/mvc/me/report/tests/Blackjack/PlayerBlackjackTest.php" line="157" assertions="4" time="0.001441"/>
        <testcase name="testSplitHandEmpty" class="App\Blackjack\PlayerBlackjackTest" classname="App.Blackjack.PlayerBlackjackTest" file="/home/p0ntan/dbwebb-kurser/mvc/me/report/tests/Blackjack/PlayerBlackjackTest.php" line="187" assertions="1" time="0.000511"/>
      </testsuite>
      <testsuite name="App\Blackjack\RulesBlackjackTest" file="/home/p0ntan/dbwebb-kurser/mvc/me/report/tests/Blackjack/RulesBlackjackTest.php" tests="9" assertions="25" errors="0" warnings="0" failures="0" skipped="0" time="0.015161">
        <testcase name="testGetHighestValue" class="App\Blackjack\RulesBlackjackTest" classname="App.Blackjack.RulesBlackjackTest" file="/home/p0ntan/dbwebb-kurser/mvc/me/report/tests/Blackjack/RulesBlackjackTest.php" line="17" assertions="1" time="0.001204"/>
        <testcase name="testRuleBlackjack" class="App\Blackjack\RulesBlackjackTest" classname="App.Blackjack.RulesBlackjackTest" file="/home/p0ntan/dbwebb-kurser/mvc/me/report/tests/Blackjack/RulesBlackjackTest.php" line="37" assertions="5" time="0.001677"/>
        <testcase name="testRuleSoftBlackjack" class="App\Blackjack\RulesBlackjackTest" classname="App.Blackjack.RulesBlackjackTest" file="/home/p0ntan/dbwebb-kurser/mvc/me/report/tests/Blackjack/RulesBlackjackTest.php" line="67" assertions="5" time="0.002645"/>
        <testcase name="testRuleBust" class="App\Blackjack\RulesBlackjackTest" classname="App.Blackjack.RulesBlackjackTest" file="/home/p0ntan/dbwebb-kurser/mvc/me/report/tests/Blackjack/RulesBlackjackTest.php" line="99" assertions="5" time="0.001874"/>
        <testcase name="testRuleSplit" class="App\Blackjack\RulesBlackjackTest" classname="App.Blackjack.RulesBlackjackTest" file="/home/p0ntan/dbwebb-kurser/mvc/me/report/tests/Blackjack/RulesBlackjackTest.php" line="131" assertions="5" time="0.001522"/>
        <testcase name="testComputerRules16" class="App\Blackjack\RulesBlackjackTest" classname="App.Blackjack.RulesBlackjackTest" file="/home/p0ntan/dbwebb-kurser/mvc/me/report/tests/Blackjack/RulesBlackjackTest.php" line="159" assertions="1" time="0.001405"/>
        <testcase name="testComputerRules18" class="App\Blackjack\RulesBlackjackTest" classname="App.Blackjack.RulesBlackjackTest" file="/home/p0ntan/dbwebb-kurser/mvc/me/report/tests/Blackjack/RulesBlackjackTest.php" line="179" assertions="1" time="0.001362"/>
        <testcase name="testComputerRulesAces" class="App\Blackjack\RulesBlackjackTest" classname="App.Blackjack.RulesBlackjackTest" file="/home/p0ntan/dbwebb-kurser/mvc/me/report/tests/Blackjack/RulesBlackjackTest.php" line="199" assertions="1" time="0.001401"/>
        <testcase name="testComputerRulesBust" class="App\Blackjack\RulesBlackjackTest" classname="App.Blackjack.RulesBlackjackTest" file="/home/p0ntan/dbwebb-kurser/mvc/me/report/tests/Blackjack/RulesBlackjackTest.php" line="219" assertions="1" time="0.002069"/>
      </testsuite>
      <testsuite name="App\Card\CardGraphicTest" file="/home/p0ntan/dbwebb-kurser/mvc/me/report/tests/Card/CardGraphicTest.php" tests="3" assertions="8" errors="0" warnings="0" failures="0" skipped="0" time="0.002168">
        <testcase name="testCreateCardGraphicNoArgument" class="App\Card\CardGraphicTest" classname="App.Card.CardGraphicTest" file="/home/p0ntan/dbwebb-kurser/mvc/me/report/tests/Card/CardGraphicTest.php" line="16" assertions="3" time="0.001148"/>
        <testcase name="testGetClassName" class="App\Card\CardGraphicTest" classname="App.Card.CardGraphicTest" file="/home/p0ntan/dbwebb-kurser/mvc/me/report/tests/Card/CardGraphicTest.php" line="34" assertions="2" time="0.000513"/>
        <testcase name="testGetAsGraphicString" class="App\Card\CardGraphicTest" classname="App.Card.CardGraphicTest" file="/home/p0ntan/dbwebb-kurser/mvc/me/report/tests/Card/CardGraphicTest.php" line="51" assertions="3" time="0.000507"/>
      </testsuite>
      <testsuite name="App\Card\CardHandTest" file="/home/p0ntan/dbwebb-kurser/mvc/me/report/tests/Card/CardHandTest.php" tests="10" assertions="36" errors="0" warnings="0" failures="0" skipped="0" time="0.007518">
        <testcase name="testCreateCardHand" class="App\Card\CardHandTest" classname="App.Card.CardHandTest" file="/home/p0ntan/dbwebb-kurser/mvc/me/report/tests/Card/CardHandTest.php" line="16" assertions="6" time="0.000852"/>
        <testcase name="testAddAndGetCard" class="App\Card\CardHandTest" classname="App.Card.CardHandTest" file="/home/p0ntan/dbwebb-kurser/mvc/me/report/tests/Card/CardHandTest.php" line="36" assertions="3" time="0.000505"/>
        <testcase name="testAddAndGetMultipleCards" class="App\Card\CardHandTest" classname="App.Card.CardHandTest" file="/home/p0ntan/dbwebb-kurser/mvc/me/report/tests/Card/CardHandTest.php" line="52" assertions="6" time="0.000563"/>
        <testcase name="testRemoveLastCard" class="App\Card\CardHandTest" classname="App.Card.CardHandTest" file="/home/p0ntan/dbwebb-kurser/mvc/me/report/tests/Card/CardHandTest.php" line="70" assertions="5" time="0.001499"/>
        <testcase name="testRemoveLastCardEmptyHand" class="App\Card\CardHandTest" classname="App.Card.CardHandTest" file="/home/p0ntan/dbwebb-kurser/mvc/me/report/tests/Card/CardHandTest.php" line="93" assertions="3" time="0.001049"/>
        <testcase name="testSetAndGetOutcome" class="App\Card\CardHandTest" classname="App.Card.CardHandTest" file="/home/p0ntan/dbwebb-kurser/mvc/me/report/tests/Card/CardHandTest.php" line="110" assertions="3" time="0.000479"/>
        <testcase name="testSetAndGetIsDone" class="App\Card\CardHandTest" classname="App.Card.CardHandTest" file="/home/p0ntan/dbwebb-kurser/mvc/me/report/tests/Card/CardHandTest.php" line="131" assertions="2" time="0.000460"/>
        <testcase name="testSetAndGetPoints" class="App\Card\CardHandTest" classname="App.Card.CardHandTest" file="/home/p0ntan/dbwebb-kurser/mvc/me/report/tests/Card/CardHandTest.php" line="147" assertions="2" time="0.000509"/>
        <testcase name="testSetAndGetBet" class="App\Card\CardHandTest" classname="App.Card.CardHandTest" file="/home/p0ntan/dbwebb-kurser/mvc/me/report/tests/Card/CardHandTest.php" line="163" assertions="2" time="0.000594"/>
        <testcase name="testGetAsJson" class="App\Card\CardHandTest" classname="App.Card.CardHandTest" file="/home/p0ntan/dbwebb-kurser/mvc/me/report/tests/Card/CardHandTest.php" line="179" assertions="4" time="0.001007"/>
      </testsuite>
      <testsuite name="App\Card\CardTest" file="/home/p0ntan/dbwebb-kurser/mvc/me/report/tests/Card/CardTest.php" tests="4" assertions="10" errors="0" warnings="0" failures="0" skipped="0" time="0.001974">
        <testcase name="testCreateCardNoArgument" class="App\Card\CardTest" classname="App.Card.CardTest" file="/home/p0ntan/dbwebb-kurser/mvc/me/report/tests/Card/CardTest.php" line="16" assertions="3" time="0.000490"/>
        <testcase name="testCreateCardWithArgument" class="App\Card\CardTest" classname="App.Card.CardTest" file="/home/p0ntan/dbwebb-kurser/mvc/me/report/tests/Card/CardTest.php" line="35" assertions="3" time="0.000496"/>
        <testcase name="testGetAsString" class="App\Card\CardTest" classname="App.Card.CardTest" file="/home/p0ntan/dbwebb-kurser/mvc/me/report/tests/Card/CardTest.php" line="53" assertions="2" time="0.000485"/>
        <testcase name="testGetAsJson" class="App\Card\CardTest" classname="App.Card.CardTest" file="/home/p0ntan/dbwebb-kurser/mvc/me/report/tests/Card/CardTest.php" line="69" assertions="2" time="0.000502"/>
      </testsuite>
      <testsuite name="App\Card\DeckFactoryTest" file="/home/p0ntan/dbwebb-kurser/mvc/me/report/tests/Card/DeckFactoryTest.php" tests="2" assertions="12" errors="0" warnings="0" failures="0" skipped="0" time="0.002259">
        <testcase name="testCreateCardDeck" class="App\Card\DeckFactoryTest" classname="App.Card.DeckFactoryTest" file="/home/p0ntan/dbwebb-kurser/mvc/me/report/tests/Card/DeckFactoryTest.php" line="16" assertions="6" time="0.001327"/>
        <testcase name="testCreateCardGraphicDeck" class="App\Card\DeckFactoryTest" classname="App.Card.DeckFactoryTest" file="/home/p0ntan/dbwebb-kurser/mvc/me/report/tests/Card/DeckFactoryTest.php" line="39" assertions="6" time="0.000932"/>
      </testsuite>
      <testsuite name="App\Card\DeckOfCardsTest" file="/home/p0ntan/dbwebb-kurser/mvc/me/report/tests/Card/DeckOfCardsTest.php" tests="10" assertions="42" errors="0" warnings="0" failures="0" skipped="0" time="0.012796">
        <testcase name="testCreateDeckOfCards" class="App\Card\DeckOfCardsTest" classname="App.Card.DeckOfCardsTest" file="/home/p0ntan/dbwebb-kurser/mvc/me/report/tests/Card/DeckOfCardsTest.php" line="16" assertions="4" time="0.000511"/>
        <testcase name="testAddCardToDeck" class="App\Card\DeckOfCardsTest" classname="App.Card.DeckOfCardsTest" file="/home/p0ntan/dbwebb-kurser/mvc/me/report/tests/Card/DeckOfCardsTest.php" line="32" assertions="10" time="0.000594"/>
        <testcase name="testShuffleDeck" class="App\Card\DeckOfCardsTest" classname="App.Card.DeckOfCardsTest" file="/home/p0ntan/dbwebb-kurser/mvc/me/report/tests/Card/DeckOfCardsTest.php" line="55" assertions="3" time="0.005953"/>
        <testcase name="testGetAsJson" class="App\Card\DeckOfCardsTest" classname="App.Card.DeckOfCardsTest" file="/home/p0ntan/dbwebb-kurser/mvc/me/report/tests/Card/DeckOfCardsTest.php" line="84" assertions="2" time="0.001170"/>
        <testcase name="testDrawCards" class="App\Card\DeckOfCardsTest" classname="App.Card.DeckOfCardsTest" file="/home/p0ntan/dbwebb-kurser/mvc/me/report/tests/Card/DeckOfCardsTest.php" line="111" assertions="6" time="0.000608"/>
        <testcase name="testDrawCardsEmptyDeck" class="App\Card\DeckOfCardsTest" classname="App.Card.DeckOfCardsTest" file="/home/p0ntan/dbwebb-kurser/mvc/me/report/tests/Card/DeckOfCardsTest.php" line="149" assertions="7" time="0.000528"/>
        <testcase name="testDrawAndGetAsJson" class="App\Card\DeckOfCardsTest" classname="App.Card.DeckOfCardsTest" file="/home/p0ntan/dbwebb-kurser/mvc/me/report/tests/Card/DeckOfCardsTest.php" line="177" assertions="2" time="0.001128"/>
        <testcase name="testGiveCards" class="App\Card\DeckOfCardsTest" classname="App.Card.DeckOfCardsTest" file="/home/p0ntan/dbwebb-kurser/mvc/me/report/tests/Card/DeckOfCardsTest.php" line="213" assertions="6" time="0.000618"/>
        <testcase name="testGiveCardsException" class="App\Card\DeckOfCardsTest" classname="App.Card.DeckOfCardsTest" file="/home/p0ntan/dbwebb-kurser/mvc/me/report/tests/Card/DeckOfCardsTest.php" line="251" assertions="1" time="0.000500"/>
        <testcase name="testGetAsString" class="App\Card\DeckOfCardsTest" classname="App.Card.DeckOfCardsTest" file="/home/p0ntan/dbwebb-kurser/mvc/me/report/tests/Card/DeckOfCardsTest.php" line="269" assertions="1" time="0.001184"/>
      </testsuite>
      <testsuite name="App\Controller\ApiControllerTest" file="/home/p0ntan/dbwebb-kurser/mvc/me/report/tests/Controller/ApiControllerTest.php" tests="3" assertions="9" errors="0" warnings="0" failures="0" skipped="0" time="0.388500">
        <testcase name="testApiStart" class="App\Controller\ApiControllerTest" classname="App.Controller.ApiControllerTest" file="/home/p0ntan/dbwebb-kurser/mvc/me/report/tests/Controller/ApiControllerTest.php" line="12" assertions="3" time="0.360301"/>
        <testcase name="testApiQuote" class="App\Controller\ApiControllerTest" classname="App.Controller.ApiControllerTest" file="/home/p0ntan/dbwebb-kurser/mvc/me/report/tests/Controller/ApiControllerTest.php" line="20" assertions="3" time="0.013311"/>
        <testcase name="testApiGameUninitialized" class="App\Controller\ApiControllerTest" classname="App.Controller.ApiControllerTest" file="/home/p0ntan/dbwebb-kurser/mvc/me/report/tests/Controller/ApiControllerTest.php" line="32" assertions="3" time="0.014888"/>
      </testsuite>
      <testsuite name="App\Controller\CardGameControllerTest" file="/home/p0ntan/dbwebb-kurser/mvc/me/report/tests/Controller/CardGameControllerTest.php" tests="6" assertions="26" errors="0" warnings="0" failures="0" skipped="0" time="0.166899">
        <testcase name="testCardLandingpage" class="App\Controller\CardGameControllerTest" classname="App.Controller.CardGameControllerTest" file="/home/p0ntan/dbwebb-kurser/mvc/me/report/tests/Controller/CardGameControllerTest.php" line="12" assertions="6" time="0.023957"/>
        <testcase name="testDeckPage" class="App\Controller\CardGameControllerTest" classname="App.Controller.CardGameControllerTest" file="/home/p0ntan/dbwebb-kurser/mvc/me/report/tests/Controller/CardGameControllerTest.php" line="24" assertions="4" time="0.035940"/>
        <testcase name="testShufflePage" class="App\Controller\CardGameControllerTest" classname="App.Controller.CardGameControllerTest" file="/home/p0ntan/dbwebb-kurser/mvc/me/report/tests/Controller/CardGameControllerTest.php" line="38" assertions="4" time="0.027836"/>
        <testcase name="testDrawOnePage" class="App\Controller\CardGameControllerTest" classname="App.Controller.CardGameControllerTest" file="/home/p0ntan/dbwebb-kurser/mvc/me/report/tests/Controller/CardGameControllerTest.php" line="52" assertions="4" time="0.027485"/>
        <testcase name="testDrawMultiNoCards" class="App\Controller\CardGameControllerTest" classname="App.Controller.CardGameControllerTest" file="/home/p0ntan/dbwebb-kurser/mvc/me/report/tests/Controller/CardGameControllerTest.php" line="66" assertions="4" time="0.027971"/>
        <testcase name="testDrawMultiFive" class="App\Controller\CardGameControllerTest" classname="App.Controller.CardGameControllerTest" file="/home/p0ntan/dbwebb-kurser/mvc/me/report/tests/Controller/CardGameControllerTest.php" line="80" assertions="4" time="0.023710"/>
      </testsuite>
      <testsuite name="App\Controller\MainControllerTest" file="/home/p0ntan/dbwebb-kurser/mvc/me/report/tests/Controller/MainControllerTwigTest.php" tests="5" assertions="21" errors="0" warnings="0" failures="0" skipped="0" time="0.138534">
        <testcase name="testLandingPage" class="App\Controller\MainControllerTest" classname="App.Controller.MainControllerTest" file="/home/p0ntan/dbwebb-kurser/mvc/me/report/tests/Controller/MainControllerTwigTest.php" line="12" assertions="3" time="0.020952"/>
        <testcase name="testAboutPage" class="App\Controller\MainControllerTest" classname="App.Controller.MainControllerTest" file="/home/p0ntan/dbwebb-kurser/mvc/me/report/tests/Controller/MainControllerTwigTest.php" line="20" assertions="5" time="0.024400"/>
        <testcase name="testReportPage" class="App\Controller\MainControllerTest" classname="App.Controller.MainControllerTest" file="/home/p0ntan/dbwebb-kurser/mvc/me/report/tests/Controller/MainControllerTwigTest.php" line="29" assertions="5" time="0.038390"/>
        <testcase name="testLuckyPage" class="App\Controller\MainControllerTest" classname="App.Controller.MainControllerTest" file="/home/p0ntan/dbwebb-kurser/mvc/me/report/tests/Controller/MainControllerTwigTest.php" line="38" assertions="3" time="0.023861"/>
        <testcase name="testMetricsPage" class="App\Controller\MainControllerTest" classname="App.Controller.MainControllerTest" file="/home/p0ntan/dbwebb-kurser/mvc/me/report/tests/Controller/MainControllerTwigTest.php" line="46" assertions="5" time="0.030932"/>
      </testsuite>
      <testsuite name="App\Card\DeckOfCardsTestPart2" file="/home/p0ntan/dbwebb-kurser/mvc/me/report/tests/Card/DeckOfCardsTest2.php" tests="4" assertions="7" errors="0" warnings="0" failures="0" skipped="0" time="0.003801">
        <testcase name="testGetSortedDeck" class="App\Card\DeckOfCardsTestPart2" classname="App.Card.DeckOfCardsTestPart2" file="/home/p0ntan/dbwebb-kurser/mvc/me/report/tests/Card/DeckOfCardsTest2.php" line="15" assertions="1" time="0.001342"/>
        <testcase name="testGetSortedDeckJson" class="App\Card\DeckOfCardsTestPart2" classname="App.Card.DeckOfCardsTestPart2" file="/home/p0ntan/dbwebb-kurser/mvc/me/report/tests/Card/DeckOfCardsTest2.php" line="38" assertions="1" time="0.000889"/>
        <testcase name="testGiveCardToPlayers" class="App\Card\DeckOfCardsTestPart2" classname="App.Card.DeckOfCardsTestPart2" file="/home/p0ntan/dbwebb-kurser/mvc/me/report/tests/Card/DeckOfCardsTest2.php" line="87" assertions="3" time="0.000610"/>
        <testcase name="testGiveCardToPlayersFail" class="App\Card\DeckOfCardsTestPart2" classname="App.Card.DeckOfCardsTestPart2" file="/home/p0ntan/dbwebb-kurser/mvc/me/report/tests/Card/DeckOfCardsTest2.php" line="110" assertions="2" time="0.000961"/>
      </testsuite>
      <testsuite name="App\Blackjack\GameBlackjackTest2" file="/home/p0ntan/dbwebb-kurser/mvc/me/report/tests/Blackjack/GameBlackjackTest2.php" tests="4" assertions="9" errors="0" warnings="0" failures="0" skipped="0" time="0.005251">
        <testcase name="testPlayComputerWins" class="App\Blackjack\GameBlackjackTest2" classname="App.Blackjack.GameBlackjackTest2" file="/home/p0ntan/dbwebb-kurser/mvc/me/report/tests/Blackjack/GameBlackjackTest2.php" line="17" assertions="3" time="0.001448"/>
        <testcase name="testPlayComputerLoses" class="App\Blackjack\GameBlackjackTest2" classname="App.Blackjack.GameBlackjackTest2" file="/home/p0ntan/dbwebb-kurser/mvc/me/report/tests/Blackjack/GameBlackjackTest2.php" line="52" assertions="2" time="0.001424"/>
        <testcase name="testPlayComputerDraw" class="App\Blackjack\GameBlackjackTest2" classname="App.Blackjack.GameBlackjackTest2" file="/home/p0ntan/dbwebb-kurser/mvc/me/report/tests/Blackjack/GameBlackjackTest2.php" line="84" assertions="2" time="0.001524"/>
        <testcase name="testGetAsJson" class="App\Blackjack\GameBlackjackTest2" classname="App.Blackjack.GameBlackjackTest2" file="/home/p0ntan/dbwebb-kurser/mvc/me/report/tests/Blackjack/GameBlackjackTest2.php" line="116" assertions="2" time="0.000855"/>
      </testsuite>
      <testsuite name="App\Blackjack\RulesBlackjackTest2" file="/home/p0ntan/dbwebb-kurser/mvc/me/report/tests/Blackjack/RulesBlackjackTest2.php" tests="5" assertions="7" errors="0" warnings="0" failures="0" skipped="0" time="0.017250">
        <testcase name="testFindWinner" class="App\Blackjack\RulesBlackjackTest2" classname="App.Blackjack.RulesBlackjackTest2" file="/home/p0ntan/dbwebb-kurser/mvc/me/report/tests/Blackjack/RulesBlackjackTest2.php" line="17" assertions="1" time="0.004757"/>
        <testcase name="testFindWinnerTwoHands" class="App\Blackjack\RulesBlackjackTest2" classname="App.Blackjack.RulesBlackjackTest2" file="/home/p0ntan/dbwebb-kurser/mvc/me/report/tests/Blackjack/RulesBlackjackTest2.php" line="52" assertions="2" time="0.003949"/>
        <testcase name="testFindWinnerTwoHandsBlackjack" class="App\Blackjack\RulesBlackjackTest2" classname="App.Blackjack.RulesBlackjackTest2" file="/home/p0ntan/dbwebb-kurser/mvc/me/report/tests/Blackjack/RulesBlackjackTest2.php" line="94" assertions="2" time="0.003303"/>
        <testcase name="testFindWinnerComputerBust" class="App\Blackjack\RulesBlackjackTest2" classname="App.Blackjack.RulesBlackjackTest2" file="/home/p0ntan/dbwebb-kurser/mvc/me/report/tests/Blackjack/RulesBlackjackTest2.php" line="135" assertions="1" time="0.002860"/>
        <testcase name="testFindWinnerDraw" class="App\Blackjack\RulesBlackjackTest2" classname="App.Blackjack.RulesBlackjackTest2" file="/home/p0ntan/dbwebb-kurser/mvc/me/report/tests/Blackjack/RulesBlackjackTest2.php" line="170" assertions="1" time="0.002381"/>
      </testsuite>
    </testsuite>
  </testsuite>
</testsuites>
