<?xml version="1.0" encoding="UTF-8"?>
<testsuites>
  <testsuite name="" tests="148" assertions="423" errors="0" warnings="0" failures="0" skipped="0" time="5.163500">
    <testsuite name="Project Test Suite" tests="148" assertions="423" errors="0" warnings="0" failures="0" skipped="0" time="5.163500">
      <testsuite name="App\Blackjack\GameBlackjackTest" file="/home/p0ntan/dbwebb-kurser/mvc/me/report/tests/Blackjack/GameBlackjackTest.php" tests="8" assertions="22" errors="0" warnings="0" failures="0" skipped="0" time="0.053910">
        <testcase name="testCreateAndInitGame" class="App\Blackjack\GameBlackjackTest" classname="App.Blackjack.GameBlackjackTest" file="/home/p0ntan/dbwebb-kurser/mvc/me/report/tests/Blackjack/GameBlackjackTest.php" line="18" assertions="4" time="0.043924"/>
        <testcase name="testPlaceBet" class="App\Blackjack\GameBlackjackTest" classname="App.Blackjack.GameBlackjackTest" file="/home/p0ntan/dbwebb-kurser/mvc/me/report/tests/Blackjack/GameBlackjackTest.php" line="36" assertions="2" time="0.001712"/>
        <testcase name="testCheckOptionsBlackjack" class="App\Blackjack\GameBlackjackTest" classname="App.Blackjack.GameBlackjackTest" file="/home/p0ntan/dbwebb-kurser/mvc/me/report/tests/Blackjack/GameBlackjackTest.php" line="60" assertions="2" time="0.001923"/>
        <testcase name="testCheckOptionsBust" class="App\Blackjack\GameBlackjackTest" classname="App.Blackjack.GameBlackjackTest" file="/home/p0ntan/dbwebb-kurser/mvc/me/report/tests/Blackjack/GameBlackjackTest.php" line="84" assertions="2" time="0.000891"/>
        <testcase name="testCheckOptionsHighBet" class="App\Blackjack\GameBlackjackTest" classname="App.Blackjack.GameBlackjackTest" file="/home/p0ntan/dbwebb-kurser/mvc/me/report/tests/Blackjack/GameBlackjackTest.php" line="113" assertions="2" time="0.000809"/>
        <testcase name="testDoubleDown" class="App\Blackjack\GameBlackjackTest" classname="App.Blackjack.GameBlackjackTest" file="/home/p0ntan/dbwebb-kurser/mvc/me/report/tests/Blackjack/GameBlackjackTest.php" line="139" assertions="4" time="0.001497"/>
        <testcase name="testSplit" class="App\Blackjack\GameBlackjackTest" classname="App.Blackjack.GameBlackjackTest" file="/home/p0ntan/dbwebb-kurser/mvc/me/report/tests/Blackjack/GameBlackjackTest.php" line="165" assertions="4" time="0.001648"/>
        <testcase name="testPlayerAddCard" class="App\Blackjack\GameBlackjackTest" classname="App.Blackjack.GameBlackjackTest" file="/home/p0ntan/dbwebb-kurser/mvc/me/report/tests/Blackjack/GameBlackjackTest.php" line="205" assertions="2" time="0.001505"/>
      </testsuite>
      <testsuite name="App\Blackjack\PlayerBlackjackTest" file="/home/p0ntan/dbwebb-kurser/mvc/me/report/tests/Blackjack/PlayerBlackjackTest.php" tests="9" assertions="27" errors="0" warnings="0" failures="0" skipped="0" time="0.021751">
        <testcase name="testCreatePlayer" class="App\Blackjack\PlayerBlackjackTest" classname="App.Blackjack.PlayerBlackjackTest" file="/home/p0ntan/dbwebb-kurser/mvc/me/report/tests/Blackjack/PlayerBlackjackTest.php" line="18" assertions="3" time="0.000481"/>
        <testcase name="testAddAndResetHand" class="App\Blackjack\PlayerBlackjackTest" classname="App.Blackjack.PlayerBlackjackTest" file="/home/p0ntan/dbwebb-kurser/mvc/me/report/tests/Blackjack/PlayerBlackjackTest.php" line="34" assertions="3" time="0.000478"/>
        <testcase name="testAddAndResetMultipleHands" class="App\Blackjack\PlayerBlackjackTest" classname="App.Blackjack.PlayerBlackjackTest" file="/home/p0ntan/dbwebb-kurser/mvc/me/report/tests/Blackjack/PlayerBlackjackTest.php" line="54" assertions="6" time="0.000528"/>
        <testcase name="testAddAndGetCurrentHand" class="App\Blackjack\PlayerBlackjackTest" classname="App.Blackjack.PlayerBlackjackTest" file="/home/p0ntan/dbwebb-kurser/mvc/me/report/tests/Blackjack/PlayerBlackjackTest.php" line="78" assertions="4" time="0.003923"/>
        <testcase name="testAddAndGetCurrentHandException" class="App\Blackjack\PlayerBlackjackTest" classname="App.Blackjack.PlayerBlackjackTest" file="/home/p0ntan/dbwebb-kurser/mvc/me/report/tests/Blackjack/PlayerBlackjackTest.php" line="99" assertions="3" time="0.001998"/>
        <testcase name="testSetAndGetMoney" class="App\Blackjack\PlayerBlackjackTest" classname="App.Blackjack.PlayerBlackjackTest" file="/home/p0ntan/dbwebb-kurser/mvc/me/report/tests/Blackjack/PlayerBlackjackTest.php" line="123" assertions="2" time="0.000480"/>
        <testcase name="testGetTotalBet" class="App\Blackjack\PlayerBlackjackTest" classname="App.Blackjack.PlayerBlackjackTest" file="/home/p0ntan/dbwebb-kurser/mvc/me/report/tests/Blackjack/PlayerBlackjackTest.php" line="139" assertions="1" time="0.010996"/>
        <testcase name="testSplitHand" class="App\Blackjack\PlayerBlackjackTest" classname="App.Blackjack.PlayerBlackjackTest" file="/home/p0ntan/dbwebb-kurser/mvc/me/report/tests/Blackjack/PlayerBlackjackTest.php" line="157" assertions="4" time="0.002359"/>
        <testcase name="testSplitHandEmpty" class="App\Blackjack\PlayerBlackjackTest" classname="App.Blackjack.PlayerBlackjackTest" file="/home/p0ntan/dbwebb-kurser/mvc/me/report/tests/Blackjack/PlayerBlackjackTest.php" line="187" assertions="1" time="0.000508"/>
      </testsuite>
      <testsuite name="App\Blackjack\RulesBlackjackTest" file="/home/p0ntan/dbwebb-kurser/mvc/me/report/tests/Blackjack/RulesBlackjackTest.php" tests="9" assertions="25" errors="0" warnings="0" failures="0" skipped="0" time="0.014532">
        <testcase name="testGetHighestValue" class="App\Blackjack\RulesBlackjackTest" classname="App.Blackjack.RulesBlackjackTest" file="/home/p0ntan/dbwebb-kurser/mvc/me/report/tests/Blackjack/RulesBlackjackTest.php" line="17" assertions="1" time="0.001337"/>
        <testcase name="testRuleBlackjack" class="App\Blackjack\RulesBlackjackTest" classname="App.Blackjack.RulesBlackjackTest" file="/home/p0ntan/dbwebb-kurser/mvc/me/report/tests/Blackjack/RulesBlackjackTest.php" line="37" assertions="5" time="0.001731"/>
        <testcase name="testRuleSoftBlackjack" class="App\Blackjack\RulesBlackjackTest" classname="App.Blackjack.RulesBlackjackTest" file="/home/p0ntan/dbwebb-kurser/mvc/me/report/tests/Blackjack/RulesBlackjackTest.php" line="67" assertions="5" time="0.002208"/>
        <testcase name="testRuleBust" class="App\Blackjack\RulesBlackjackTest" classname="App.Blackjack.RulesBlackjackTest" file="/home/p0ntan/dbwebb-kurser/mvc/me/report/tests/Blackjack/RulesBlackjackTest.php" line="99" assertions="5" time="0.001894"/>
        <testcase name="testRuleSplit" class="App\Blackjack\RulesBlackjackTest" classname="App.Blackjack.RulesBlackjackTest" file="/home/p0ntan/dbwebb-kurser/mvc/me/report/tests/Blackjack/RulesBlackjackTest.php" line="131" assertions="5" time="0.001519"/>
        <testcase name="testComputerRules16" class="App\Blackjack\RulesBlackjackTest" classname="App.Blackjack.RulesBlackjackTest" file="/home/p0ntan/dbwebb-kurser/mvc/me/report/tests/Blackjack/RulesBlackjackTest.php" line="159" assertions="1" time="0.001349"/>
        <testcase name="testComputerRules18" class="App\Blackjack\RulesBlackjackTest" classname="App.Blackjack.RulesBlackjackTest" file="/home/p0ntan/dbwebb-kurser/mvc/me/report/tests/Blackjack/RulesBlackjackTest.php" line="179" assertions="1" time="0.001700"/>
        <testcase name="testComputerRulesAces" class="App\Blackjack\RulesBlackjackTest" classname="App.Blackjack.RulesBlackjackTest" file="/home/p0ntan/dbwebb-kurser/mvc/me/report/tests/Blackjack/RulesBlackjackTest.php" line="199" assertions="1" time="0.001406"/>
        <testcase name="testComputerRulesBust" class="App\Blackjack\RulesBlackjackTest" classname="App.Blackjack.RulesBlackjackTest" file="/home/p0ntan/dbwebb-kurser/mvc/me/report/tests/Blackjack/RulesBlackjackTest.php" line="219" assertions="1" time="0.001388"/>
      </testsuite>
      <testsuite name="App\Card\CardGraphicTest" file="/home/p0ntan/dbwebb-kurser/mvc/me/report/tests/Card/CardGraphicTest.php" tests="3" assertions="8" errors="0" warnings="0" failures="0" skipped="0" time="0.002511">
        <testcase name="testCreateCardGraphicNoArgument" class="App\Card\CardGraphicTest" classname="App.Card.CardGraphicTest" file="/home/p0ntan/dbwebb-kurser/mvc/me/report/tests/Card/CardGraphicTest.php" line="16" assertions="3" time="0.001421"/>
        <testcase name="testGetClassName" class="App\Card\CardGraphicTest" classname="App.Card.CardGraphicTest" file="/home/p0ntan/dbwebb-kurser/mvc/me/report/tests/Card/CardGraphicTest.php" line="34" assertions="2" time="0.000577"/>
        <testcase name="testGetAsGraphicString" class="App\Card\CardGraphicTest" classname="App.Card.CardGraphicTest" file="/home/p0ntan/dbwebb-kurser/mvc/me/report/tests/Card/CardGraphicTest.php" line="51" assertions="3" time="0.000513"/>
      </testsuite>
      <testsuite name="App\Card\CardHandTest" file="/home/p0ntan/dbwebb-kurser/mvc/me/report/tests/Card/CardHandTest.php" tests="10" assertions="36" errors="0" warnings="0" failures="0" skipped="0" time="0.007538">
        <testcase name="testCreateCardHand" class="App\Card\CardHandTest" classname="App.Card.CardHandTest" file="/home/p0ntan/dbwebb-kurser/mvc/me/report/tests/Card/CardHandTest.php" line="16" assertions="6" time="0.000549"/>
        <testcase name="testAddAndGetCard" class="App\Card\CardHandTest" classname="App.Card.CardHandTest" file="/home/p0ntan/dbwebb-kurser/mvc/me/report/tests/Card/CardHandTest.php" line="36" assertions="3" time="0.000498"/>
        <testcase name="testAddAndGetMultipleCards" class="App\Card\CardHandTest" classname="App.Card.CardHandTest" file="/home/p0ntan/dbwebb-kurser/mvc/me/report/tests/Card/CardHandTest.php" line="52" assertions="6" time="0.000533"/>
        <testcase name="testRemoveLastCard" class="App\Card\CardHandTest" classname="App.Card.CardHandTest" file="/home/p0ntan/dbwebb-kurser/mvc/me/report/tests/Card/CardHandTest.php" line="70" assertions="5" time="0.001776"/>
        <testcase name="testRemoveLastCardEmptyHand" class="App\Card\CardHandTest" classname="App.Card.CardHandTest" file="/home/p0ntan/dbwebb-kurser/mvc/me/report/tests/Card/CardHandTest.php" line="93" assertions="3" time="0.001030"/>
        <testcase name="testSetAndGetOutcome" class="App\Card\CardHandTest" classname="App.Card.CardHandTest" file="/home/p0ntan/dbwebb-kurser/mvc/me/report/tests/Card/CardHandTest.php" line="110" assertions="3" time="0.000547"/>
        <testcase name="testSetAndGetIsDone" class="App\Card\CardHandTest" classname="App.Card.CardHandTest" file="/home/p0ntan/dbwebb-kurser/mvc/me/report/tests/Card/CardHandTest.php" line="131" assertions="2" time="0.000669"/>
        <testcase name="testSetAndGetPoints" class="App\Card\CardHandTest" classname="App.Card.CardHandTest" file="/home/p0ntan/dbwebb-kurser/mvc/me/report/tests/Card/CardHandTest.php" line="147" assertions="2" time="0.000477"/>
        <testcase name="testSetAndGetBet" class="App\Card\CardHandTest" classname="App.Card.CardHandTest" file="/home/p0ntan/dbwebb-kurser/mvc/me/report/tests/Card/CardHandTest.php" line="163" assertions="2" time="0.000468"/>
        <testcase name="testGetAsJson" class="App\Card\CardHandTest" classname="App.Card.CardHandTest" file="/home/p0ntan/dbwebb-kurser/mvc/me/report/tests/Card/CardHandTest.php" line="179" assertions="4" time="0.000991"/>
      </testsuite>
      <testsuite name="App\Card\CardTest" file="/home/p0ntan/dbwebb-kurser/mvc/me/report/tests/Card/CardTest.php" tests="4" assertions="10" errors="0" warnings="0" failures="0" skipped="0" time="0.001954">
        <testcase name="testCreateCardNoArgument" class="App\Card\CardTest" classname="App.Card.CardTest" file="/home/p0ntan/dbwebb-kurser/mvc/me/report/tests/Card/CardTest.php" line="16" assertions="3" time="0.000487"/>
        <testcase name="testCreateCardWithArgument" class="App\Card\CardTest" classname="App.Card.CardTest" file="/home/p0ntan/dbwebb-kurser/mvc/me/report/tests/Card/CardTest.php" line="35" assertions="3" time="0.000497"/>
        <testcase name="testGetAsString" class="App\Card\CardTest" classname="App.Card.CardTest" file="/home/p0ntan/dbwebb-kurser/mvc/me/report/tests/Card/CardTest.php" line="53" assertions="2" time="0.000481"/>
        <testcase name="testGetAsJson" class="App\Card\CardTest" classname="App.Card.CardTest" file="/home/p0ntan/dbwebb-kurser/mvc/me/report/tests/Card/CardTest.php" line="69" assertions="2" time="0.000488"/>
      </testsuite>
      <testsuite name="App\Card\DeckFactoryTest" file="/home/p0ntan/dbwebb-kurser/mvc/me/report/tests/Card/DeckFactoryTest.php" tests="2" assertions="12" errors="0" warnings="0" failures="0" skipped="0" time="0.002389">
        <testcase name="testCreateCardDeck" class="App\Card\DeckFactoryTest" classname="App.Card.DeckFactoryTest" file="/home/p0ntan/dbwebb-kurser/mvc/me/report/tests/Card/DeckFactoryTest.php" line="16" assertions="6" time="0.001400"/>
        <testcase name="testCreateCardGraphicDeck" class="App\Card\DeckFactoryTest" classname="App.Card.DeckFactoryTest" file="/home/p0ntan/dbwebb-kurser/mvc/me/report/tests/Card/DeckFactoryTest.php" line="39" assertions="6" time="0.000989"/>
      </testsuite>
      <testsuite name="App\Card\DeckOfCardsTest" file="/home/p0ntan/dbwebb-kurser/mvc/me/report/tests/Card/DeckOfCardsTest.php" tests="10" assertions="42" errors="0" warnings="0" failures="0" skipped="0" time="0.010756">
        <testcase name="testCreateDeckOfCards" class="App\Card\DeckOfCardsTest" classname="App.Card.DeckOfCardsTest" file="/home/p0ntan/dbwebb-kurser/mvc/me/report/tests/Card/DeckOfCardsTest.php" line="16" assertions="4" time="0.000526"/>
        <testcase name="testAddCardToDeck" class="App\Card\DeckOfCardsTest" classname="App.Card.DeckOfCardsTest" file="/home/p0ntan/dbwebb-kurser/mvc/me/report/tests/Card/DeckOfCardsTest.php" line="32" assertions="10" time="0.000592"/>
        <testcase name="testShuffleDeck" class="App\Card\DeckOfCardsTest" classname="App.Card.DeckOfCardsTest" file="/home/p0ntan/dbwebb-kurser/mvc/me/report/tests/Card/DeckOfCardsTest.php" line="55" assertions="3" time="0.003905"/>
        <testcase name="testGetAsJson" class="App\Card\DeckOfCardsTest" classname="App.Card.DeckOfCardsTest" file="/home/p0ntan/dbwebb-kurser/mvc/me/report/tests/Card/DeckOfCardsTest.php" line="84" assertions="2" time="0.001143"/>
        <testcase name="testDrawCards" class="App\Card\DeckOfCardsTest" classname="App.Card.DeckOfCardsTest" file="/home/p0ntan/dbwebb-kurser/mvc/me/report/tests/Card/DeckOfCardsTest.php" line="111" assertions="6" time="0.000597"/>
        <testcase name="testDrawCardsEmptyDeck" class="App\Card\DeckOfCardsTest" classname="App.Card.DeckOfCardsTest" file="/home/p0ntan/dbwebb-kurser/mvc/me/report/tests/Card/DeckOfCardsTest.php" line="149" assertions="7" time="0.000527"/>
        <testcase name="testDrawAndGetAsJson" class="App\Card\DeckOfCardsTest" classname="App.Card.DeckOfCardsTest" file="/home/p0ntan/dbwebb-kurser/mvc/me/report/tests/Card/DeckOfCardsTest.php" line="177" assertions="2" time="0.001269"/>
        <testcase name="testGiveCards" class="App\Card\DeckOfCardsTest" classname="App.Card.DeckOfCardsTest" file="/home/p0ntan/dbwebb-kurser/mvc/me/report/tests/Card/DeckOfCardsTest.php" line="213" assertions="6" time="0.000600"/>
        <testcase name="testGiveCardsException" class="App\Card\DeckOfCardsTest" classname="App.Card.DeckOfCardsTest" file="/home/p0ntan/dbwebb-kurser/mvc/me/report/tests/Card/DeckOfCardsTest.php" line="251" assertions="1" time="0.000508"/>
        <testcase name="testGetAsString" class="App\Card\DeckOfCardsTest" classname="App.Card.DeckOfCardsTest" file="/home/p0ntan/dbwebb-kurser/mvc/me/report/tests/Card/DeckOfCardsTest.php" line="269" assertions="1" time="0.001088"/>
      </testsuite>
      <testsuite name="App\Controller\ApiCardControllerTest" file="/home/p0ntan/dbwebb-kurser/mvc/me/report/tests/Controller/ApiCardControllerTest.php" tests="6" assertions="18" errors="0" warnings="0" failures="0" skipped="0" time="3.970714">
        <testcase name="testApiDeck" class="App\Controller\ApiCardControllerTest" classname="App.Controller.ApiCardControllerTest" file="/home/p0ntan/dbwebb-kurser/mvc/me/report/tests/Controller/ApiCardControllerTest.php" line="12" assertions="3" time="3.876113"/>
        <testcase name="testApiShuffle" class="App\Controller\ApiCardControllerTest" classname="App.Controller.ApiCardControllerTest" file="/home/p0ntan/dbwebb-kurser/mvc/me/report/tests/Controller/ApiCardControllerTest.php" line="27" assertions="3" time="0.020300"/>
        <testcase name="testApiDrawOne" class="App\Controller\ApiCardControllerTest" classname="App.Controller.ApiCardControllerTest" file="/home/p0ntan/dbwebb-kurser/mvc/me/report/tests/Controller/ApiCardControllerTest.php" line="42" assertions="3" time="0.015349"/>
        <testcase name="testApiDrawTen" class="App\Controller\ApiCardControllerTest" classname="App.Controller.ApiCardControllerTest" file="/home/p0ntan/dbwebb-kurser/mvc/me/report/tests/Controller/ApiCardControllerTest.php" line="55" assertions="3" time="0.025539"/>
        <testcase name="testApiDrawDeal" class="App\Controller\ApiCardControllerTest" classname="App.Controller.ApiCardControllerTest" file="/home/p0ntan/dbwebb-kurser/mvc/me/report/tests/Controller/ApiCardControllerTest.php" line="68" assertions="3" time="0.018397"/>
        <testcase name="testApiDrawDealTooMany" class="App\Controller\ApiCardControllerTest" classname="App.Controller.ApiCardControllerTest" file="/home/p0ntan/dbwebb-kurser/mvc/me/report/tests/Controller/ApiCardControllerTest.php" line="81" assertions="3" time="0.015017"/>
      </testsuite>
      <testsuite name="App\Controller\ApiControllerTest" file="/home/p0ntan/dbwebb-kurser/mvc/me/report/tests/Controller/ApiControllerTest.php" tests="5" assertions="15" errors="0" warnings="0" failures="0" skipped="0" time="0.377136">
        <testcase name="testApiStart" class="App\Controller\ApiControllerTest" classname="App.Controller.ApiControllerTest" file="/home/p0ntan/dbwebb-kurser/mvc/me/report/tests/Controller/ApiControllerTest.php" line="12" assertions="3" time="0.137013"/>
        <testcase name="testApiQuote" class="App\Controller\ApiControllerTest" classname="App.Controller.ApiControllerTest" file="/home/p0ntan/dbwebb-kurser/mvc/me/report/tests/Controller/ApiControllerTest.php" line="20" assertions="3" time="0.012169"/>
        <testcase name="testApiGameUninitialized" class="App\Controller\ApiControllerTest" classname="App.Controller.ApiControllerTest" file="/home/p0ntan/dbwebb-kurser/mvc/me/report/tests/Controller/ApiControllerTest.php" line="32" assertions="3" time="0.011343"/>
        <testcase name="testApiLibrary" class="App\Controller\ApiControllerTest" classname="App.Controller.ApiControllerTest" file="/home/p0ntan/dbwebb-kurser/mvc/me/report/tests/Controller/ApiControllerTest.php" line="43" assertions="3" time="0.197517"/>
        <testcase name="testApiLibrarySingleBookNoMatch" class="App\Controller\ApiControllerTest" classname="App.Controller.ApiControllerTest" file="/home/p0ntan/dbwebb-kurser/mvc/me/report/tests/Controller/ApiControllerTest.php" line="54" assertions="3" time="0.019093"/>
      </testsuite>
      <testsuite name="App\Controller\BlackjackControllerTest" file="/home/p0ntan/dbwebb-kurser/mvc/me/report/tests/Controller/BlackjackControllerTest.php" tests="5" assertions="28" errors="0" warnings="0" failures="0" skipped="0" time="0.241070">
        <testcase name="testLandingpage" class="App\Controller\BlackjackControllerTest" classname="App.Controller.BlackjackControllerTest" file="/home/p0ntan/dbwebb-kurser/mvc/me/report/tests/Controller/BlackjackControllerTest.php" line="15" assertions="6" time="0.025421"/>
        <testcase name="testAboutGame" class="App\Controller\BlackjackControllerTest" classname="App.Controller.BlackjackControllerTest" file="/home/p0ntan/dbwebb-kurser/mvc/me/report/tests/Controller/BlackjackControllerTest.php" line="27" assertions="6" time="0.024776"/>
        <testcase name="testInitGame" class="App\Controller\BlackjackControllerTest" classname="App.Controller.BlackjackControllerTest" file="/home/p0ntan/dbwebb-kurser/mvc/me/report/tests/Controller/BlackjackControllerTest.php" line="39" assertions="3" time="0.041736"/>
        <testcase name="testInitAndBet" class="App\Controller\BlackjackControllerTest" classname="App.Controller.BlackjackControllerTest" file="/home/p0ntan/dbwebb-kurser/mvc/me/report/tests/Controller/BlackjackControllerTest.php" line="50" assertions="4" time="0.061779"/>
        <testcase name="testInitBetPlay" class="App\Controller\BlackjackControllerTest" classname="App.Controller.BlackjackControllerTest" file="/home/p0ntan/dbwebb-kurser/mvc/me/report/tests/Controller/BlackjackControllerTest.php" line="63" assertions="9" time="0.087357"/>
      </testsuite>
      <testsuite name="App\Controller\CardGameControllerTest" file="/home/p0ntan/dbwebb-kurser/mvc/me/report/tests/Controller/CardGameControllerTest.php" tests="7" assertions="30" errors="0" warnings="0" failures="0" skipped="0" time="0.203257">
        <testcase name="testCardLandingpage" class="App\Controller\CardGameControllerTest" classname="App.Controller.CardGameControllerTest" file="/home/p0ntan/dbwebb-kurser/mvc/me/report/tests/Controller/CardGameControllerTest.php" line="12" assertions="6" time="0.028514"/>
        <testcase name="testDeckPage" class="App\Controller\CardGameControllerTest" classname="App.Controller.CardGameControllerTest" file="/home/p0ntan/dbwebb-kurser/mvc/me/report/tests/Controller/CardGameControllerTest.php" line="24" assertions="4" time="0.037293"/>
        <testcase name="testShufflePage" class="App\Controller\CardGameControllerTest" classname="App.Controller.CardGameControllerTest" file="/home/p0ntan/dbwebb-kurser/mvc/me/report/tests/Controller/CardGameControllerTest.php" line="38" assertions="4" time="0.029848"/>
        <testcase name="testDrawOnePage" class="App\Controller\CardGameControllerTest" classname="App.Controller.CardGameControllerTest" file="/home/p0ntan/dbwebb-kurser/mvc/me/report/tests/Controller/CardGameControllerTest.php" line="52" assertions="4" time="0.028374"/>
        <testcase name="testDrawMultiNoCards" class="App\Controller\CardGameControllerTest" classname="App.Controller.CardGameControllerTest" file="/home/p0ntan/dbwebb-kurser/mvc/me/report/tests/Controller/CardGameControllerTest.php" line="66" assertions="4" time="0.023097"/>
        <testcase name="testDrawMultiFive" class="App\Controller\CardGameControllerTest" classname="App.Controller.CardGameControllerTest" file="/home/p0ntan/dbwebb-kurser/mvc/me/report/tests/Controller/CardGameControllerTest.php" line="80" assertions="4" time="0.024313"/>
        <testcase name="testDealAndDraw" class="App\Controller\CardGameControllerTest" classname="App.Controller.CardGameControllerTest" file="/home/p0ntan/dbwebb-kurser/mvc/me/report/tests/Controller/CardGameControllerTest.php" line="94" assertions="4" time="0.031819"/>
      </testsuite>
      <testsuite name="App\Controller\MainControllerTest" file="/home/p0ntan/dbwebb-kurser/mvc/me/report/tests/Controller/MainControllerTwigTest.php" tests="5" assertions="21" errors="0" warnings="0" failures="0" skipped="0" time="0.152720">
        <testcase name="testLandingPage" class="App\Controller\MainControllerTest" classname="App.Controller.MainControllerTest" file="/home/p0ntan/dbwebb-kurser/mvc/me/report/tests/Controller/MainControllerTwigTest.php" line="12" assertions="3" time="0.023676"/>
        <testcase name="testAboutPage" class="App\Controller\MainControllerTest" classname="App.Controller.MainControllerTest" file="/home/p0ntan/dbwebb-kurser/mvc/me/report/tests/Controller/MainControllerTwigTest.php" line="20" assertions="5" time="0.021694"/>
        <testcase name="testReportPage" class="App\Controller\MainControllerTest" classname="App.Controller.MainControllerTest" file="/home/p0ntan/dbwebb-kurser/mvc/me/report/tests/Controller/MainControllerTwigTest.php" line="29" assertions="5" time="0.045721"/>
        <testcase name="testLuckyPage" class="App\Controller\MainControllerTest" classname="App.Controller.MainControllerTest" file="/home/p0ntan/dbwebb-kurser/mvc/me/report/tests/Controller/MainControllerTwigTest.php" line="38" assertions="3" time="0.023801"/>
        <testcase name="testMetricsPage" class="App\Controller\MainControllerTest" classname="App.Controller.MainControllerTest" file="/home/p0ntan/dbwebb-kurser/mvc/me/report/tests/Controller/MainControllerTwigTest.php" line="46" assertions="5" time="0.037827"/>
      </testsuite>
      <testsuite name="App\EscapeGame\ActionsTest" file="/home/p0ntan/dbwebb-kurser/mvc/me/report/tests/EscapeGame/ActionsTest.php" tests="5" assertions="10" errors="0" warnings="0" failures="0" skipped="0" time="0.006259">
        <testcase name="testActionPickUp" class="App\EscapeGame\ActionsTest" classname="App.EscapeGame.ActionsTest" file="/home/p0ntan/dbwebb-kurser/mvc/me/report/tests/EscapeGame/ActionsTest.php" line="12" assertions="1" time="0.003501"/>
        <testcase name="testActionLookCloser" class="App\EscapeGame\ActionsTest" classname="App.EscapeGame.ActionsTest" file="/home/p0ntan/dbwebb-kurser/mvc/me/report/tests/EscapeGame/ActionsTest.php" line="25" assertions="1" time="0.000831"/>
        <testcase name="testActionMoveDown" class="App\EscapeGame\ActionsTest" classname="App.EscapeGame.ActionsTest" file="/home/p0ntan/dbwebb-kurser/mvc/me/report/tests/EscapeGame/ActionsTest.php" line="36" assertions="2" time="0.000545"/>
        <testcase name="testActionOpenDoor" class="App\EscapeGame\ActionsTest" classname="App.EscapeGame.ActionsTest" file="/home/p0ntan/dbwebb-kurser/mvc/me/report/tests/EscapeGame/ActionsTest.php" line="62" assertions="3" time="0.000770"/>
        <testcase name="testActionTakeKey" class="App\EscapeGame\ActionsTest" classname="App.EscapeGame.ActionsTest" file="/home/p0ntan/dbwebb-kurser/mvc/me/report/tests/EscapeGame/ActionsTest.php" line="79" assertions="3" time="0.000613"/>
      </testsuite>
      <testsuite name="App\EscapeGame\EscapeDirectionTest" file="/home/p0ntan/dbwebb-kurser/mvc/me/report/tests/EscapeGame/EscapeDirectionTest.php" tests="5" assertions="5" errors="0" warnings="0" failures="0" skipped="0" time="0.002777">
        <testcase name="testGetFromRoom" class="App\EscapeGame\EscapeDirectionTest" classname="App.EscapeGame.EscapeDirectionTest" file="/home/p0ntan/dbwebb-kurser/mvc/me/report/tests/EscapeGame/EscapeDirectionTest.php" line="43" assertions="1" time="0.000518"/>
        <testcase name="testGetToRoom" class="App\EscapeGame\EscapeDirectionTest" classname="App.EscapeGame.EscapeDirectionTest" file="/home/p0ntan/dbwebb-kurser/mvc/me/report/tests/EscapeGame/EscapeDirectionTest.php" line="51" assertions="1" time="0.000507"/>
        <testcase name="testGetPosX" class="App\EscapeGame\EscapeDirectionTest" classname="App.EscapeGame.EscapeDirectionTest" file="/home/p0ntan/dbwebb-kurser/mvc/me/report/tests/EscapeGame/EscapeDirectionTest.php" line="59" assertions="1" time="0.000701"/>
        <testcase name="testGetPosY" class="App\EscapeGame\EscapeDirectionTest" classname="App.EscapeGame.EscapeDirectionTest" file="/home/p0ntan/dbwebb-kurser/mvc/me/report/tests/EscapeGame/EscapeDirectionTest.php" line="67" assertions="1" time="0.000534"/>
        <testcase name="testGetDirection" class="App\EscapeGame\EscapeDirectionTest" classname="App.EscapeGame.EscapeDirectionTest" file="/home/p0ntan/dbwebb-kurser/mvc/me/report/tests/EscapeGame/EscapeDirectionTest.php" line="75" assertions="1" time="0.000516"/>
      </testsuite>
      <testsuite name="App\EscapeGame\EscapeGameInitalizerTest" file="/home/p0ntan/dbwebb-kurser/mvc/me/report/tests/EscapeGame/EscapeGameInitalizerTest.php" tests="1" assertions="5" errors="0" warnings="0" failures="0" skipped="0" time="0.028832">
        <testcase name="testInitGame" class="App\EscapeGame\EscapeGameInitalizerTest" classname="App.EscapeGame.EscapeGameInitalizerTest" file="/home/p0ntan/dbwebb-kurser/mvc/me/report/tests/EscapeGame/EscapeGameInitalizerTest.php" line="102" assertions="5" time="0.028832"/>
      </testsuite>
      <testsuite name="App\EscapeGame\EscapeGameTest" file="/home/p0ntan/dbwebb-kurser/mvc/me/report/tests/EscapeGame/EscapeGameTest.php" tests="10" assertions="17" errors="0" warnings="0" failures="0" skipped="0" time="0.011876">
        <testcase name="testIsGameOver" class="App\EscapeGame\EscapeGameTest" classname="App.EscapeGame.EscapeGameTest" file="/home/p0ntan/dbwebb-kurser/mvc/me/report/tests/EscapeGame/EscapeGameTest.php" line="38" assertions="2" time="0.000764"/>
        <testcase name="testAddRoom" class="App\EscapeGame\EscapeGameTest" classname="App.EscapeGame.EscapeGameTest" file="/home/p0ntan/dbwebb-kurser/mvc/me/report/tests/EscapeGame/EscapeGameTest.php" line="49" assertions="3" time="0.002311"/>
        <testcase name="testSetAndGetInventory" class="App\EscapeGame\EscapeGameTest" classname="App.EscapeGame.EscapeGameTest" file="/home/p0ntan/dbwebb-kurser/mvc/me/report/tests/EscapeGame/EscapeGameTest.php" line="75" assertions="1" time="0.001067"/>
        <testcase name="testSetAndGetGameOver" class="App\EscapeGame\EscapeGameTest" classname="App.EscapeGame.EscapeGameTest" file="/home/p0ntan/dbwebb-kurser/mvc/me/report/tests/EscapeGame/EscapeGameTest.php" line="88" assertions="2" time="0.000573"/>
        <testcase name="testPickUpActionOnObject" class="App\EscapeGame\EscapeGameTest" classname="App.EscapeGame.EscapeGameTest" file="/home/p0ntan/dbwebb-kurser/mvc/me/report/tests/EscapeGame/EscapeGameTest.php" line="103" assertions="2" time="0.001015"/>
        <testcase name="testGetCurrentRoom" class="App\EscapeGame\EscapeGameTest" classname="App.EscapeGame.EscapeGameTest" file="/home/p0ntan/dbwebb-kurser/mvc/me/report/tests/EscapeGame/EscapeGameTest.php" line="126" assertions="2" time="0.001033"/>
        <testcase name="testGetCurrentRoomFail" class="App\EscapeGame\EscapeGameTest" classname="App.EscapeGame.EscapeGameTest" file="/home/p0ntan/dbwebb-kurser/mvc/me/report/tests/EscapeGame/EscapeGameTest.php" line="146" assertions="1" time="0.000874"/>
        <testcase name="testCurrentGetRoomObject" class="App\EscapeGame\EscapeGameTest" classname="App.EscapeGame.EscapeGameTest" file="/home/p0ntan/dbwebb-kurser/mvc/me/report/tests/EscapeGame/EscapeGameTest.php" line="164" assertions="2" time="0.001140"/>
        <testcase name="testWithRightCombination" class="App\EscapeGame\EscapeGameTest" classname="App.EscapeGame.EscapeGameTest" file="/home/p0ntan/dbwebb-kurser/mvc/me/report/tests/EscapeGame/EscapeGameTest.php" line="181" assertions="1" time="0.002571"/>
        <testcase name="testWithWrongCombination" class="App\EscapeGame\EscapeGameTest" classname="App.EscapeGame.EscapeGameTest" file="/home/p0ntan/dbwebb-kurser/mvc/me/report/tests/EscapeGame/EscapeGameTest.php" line="211" assertions="1" time="0.000530"/>
      </testsuite>
      <testsuite name="App\EscapeGame\EscapeObjectTest" file="/home/p0ntan/dbwebb-kurser/mvc/me/report/tests/EscapeGame/EscapeObjectTest.php" tests="10" assertions="23" errors="0" warnings="0" failures="0" skipped="0" time="0.006390">
        <testcase name="testEscapeObject" class="App\EscapeGame\EscapeObjectTest" classname="App.EscapeGame.EscapeObjectTest" file="/home/p0ntan/dbwebb-kurser/mvc/me/report/tests/EscapeGame/EscapeObjectTest.php" line="51" assertions="3" time="0.000565"/>
        <testcase name="testGetIdNameInfo" class="App\EscapeGame\EscapeObjectTest" classname="App.EscapeGame.EscapeObjectTest" file="/home/p0ntan/dbwebb-kurser/mvc/me/report/tests/EscapeGame/EscapeObjectTest.php" line="63" assertions="3" time="0.000550"/>
        <testcase name="testGetAction" class="App\EscapeGame\EscapeObjectTest" classname="App.EscapeGame.EscapeObjectTest" file="/home/p0ntan/dbwebb-kurser/mvc/me/report/tests/EscapeGame/EscapeObjectTest.php" line="86" assertions="4" time="0.001187"/>
        <testcase name="testGetInnerInfo" class="App\EscapeGame\EscapeObjectTest" classname="App.EscapeGame.EscapeObjectTest" file="/home/p0ntan/dbwebb-kurser/mvc/me/report/tests/EscapeGame/EscapeObjectTest.php" line="120" assertions="1" time="0.000547"/>
        <testcase name="testSetAndGetPosition" class="App\EscapeGame\EscapeObjectTest" classname="App.EscapeGame.EscapeObjectTest" file="/home/p0ntan/dbwebb-kurser/mvc/me/report/tests/EscapeGame/EscapeObjectTest.php" line="130" assertions="4" time="0.000570"/>
        <testcase name="testGetSize" class="App\EscapeGame\EscapeObjectTest" classname="App.EscapeGame.EscapeObjectTest" file="/home/p0ntan/dbwebb-kurser/mvc/me/report/tests/EscapeGame/EscapeObjectTest.php" line="149" assertions="2" time="0.000563"/>
        <testcase name="testGetUrl" class="App\EscapeGame\EscapeObjectTest" classname="App.EscapeGame.EscapeObjectTest" file="/home/p0ntan/dbwebb-kurser/mvc/me/report/tests/EscapeGame/EscapeObjectTest.php" line="162" assertions="1" time="0.000543"/>
        <testcase name="testGetInRoom" class="App\EscapeGame\EscapeObjectTest" classname="App.EscapeGame.EscapeObjectTest" file="/home/p0ntan/dbwebb-kurser/mvc/me/report/tests/EscapeGame/EscapeObjectTest.php" line="176" assertions="1" time="0.000540"/>
        <testcase name="testSetAndGetInnerObject" class="App\EscapeGame\EscapeObjectTest" classname="App.EscapeGame.EscapeObjectTest" file="/home/p0ntan/dbwebb-kurser/mvc/me/report/tests/EscapeGame/EscapeObjectTest.php" line="188" assertions="3" time="0.000768"/>
        <testcase name="testToJson" class="App\EscapeGame\EscapeObjectTest" classname="App.EscapeGame.EscapeObjectTest" file="/home/p0ntan/dbwebb-kurser/mvc/me/report/tests/EscapeGame/EscapeObjectTest.php" line="208" assertions="1" time="0.000556"/>
      </testsuite>
      <testsuite name="App\EscapeGame\EscapeRoomTest" file="/home/p0ntan/dbwebb-kurser/mvc/me/report/tests/EscapeGame/EscapeRoomTest.php" tests="9" assertions="22" errors="0" warnings="0" failures="0" skipped="0" time="0.008682">
        <testcase name="testEscapeFirstRoom" class="App\EscapeGame\EscapeRoomTest" classname="App.EscapeGame.EscapeRoomTest" file="/home/p0ntan/dbwebb-kurser/mvc/me/report/tests/EscapeGame/EscapeRoomTest.php" line="45" assertions="2" time="0.000544"/>
        <testcase name="testGetIdAndInfo" class="App\EscapeGame\EscapeRoomTest" classname="App.EscapeGame.EscapeRoomTest" file="/home/p0ntan/dbwebb-kurser/mvc/me/report/tests/EscapeGame/EscapeRoomTest.php" line="56" assertions="2" time="0.000538"/>
        <testcase name="testSetAndGetCurrentRoom" class="App\EscapeGame\EscapeRoomTest" classname="App.EscapeGame.EscapeRoomTest" file="/home/p0ntan/dbwebb-kurser/mvc/me/report/tests/EscapeGame/EscapeRoomTest.php" line="70" assertions="2" time="0.000586"/>
        <testcase name="testGetImg" class="App\EscapeGame\EscapeRoomTest" classname="App.EscapeGame.EscapeRoomTest" file="/home/p0ntan/dbwebb-kurser/mvc/me/report/tests/EscapeGame/EscapeRoomTest.php" line="85" assertions="1" time="0.000521"/>
        <testcase name="testAddMultipleObjects" class="App\EscapeGame\EscapeRoomTest" classname="App.EscapeGame.EscapeRoomTest" file="/home/p0ntan/dbwebb-kurser/mvc/me/report/tests/EscapeGame/EscapeRoomTest.php" line="97" assertions="5" time="0.001053"/>
        <testcase name="testAddObject" class="App\EscapeGame\EscapeRoomTest" classname="App.EscapeGame.EscapeRoomTest" file="/home/p0ntan/dbwebb-kurser/mvc/me/report/tests/EscapeGame/EscapeRoomTest.php" line="119" assertions="3" time="0.000766"/>
        <testcase name="testGetObjectById" class="App\EscapeGame\EscapeRoomTest" classname="App.EscapeGame.EscapeRoomTest" file="/home/p0ntan/dbwebb-kurser/mvc/me/report/tests/EscapeGame/EscapeRoomTest.php" line="136" assertions="2" time="0.001307"/>
        <testcase name="testGetObjectByIdFail" class="App\EscapeGame\EscapeRoomTest" classname="App.EscapeGame.EscapeRoomTest" file="/home/p0ntan/dbwebb-kurser/mvc/me/report/tests/EscapeGame/EscapeRoomTest.php" line="158" assertions="1" time="0.001693"/>
        <testcase name="testAddAndGetDirections" class="App\EscapeGame\EscapeRoomTest" classname="App.EscapeGame.EscapeRoomTest" file="/home/p0ntan/dbwebb-kurser/mvc/me/report/tests/EscapeGame/EscapeRoomTest.php" line="177" assertions="4" time="0.001675"/>
      </testsuite>
      <testsuite name="App\EscapeGame\InventoryTest" file="/home/p0ntan/dbwebb-kurser/mvc/me/report/tests/EscapeGame/InventoryTest.php" tests="3" assertions="10" errors="0" warnings="0" failures="0" skipped="0" time="0.002379">
        <testcase name="testEmptyInventory" class="App\EscapeGame\InventoryTest" classname="App.EscapeGame.InventoryTest" file="/home/p0ntan/dbwebb-kurser/mvc/me/report/tests/EscapeGame/InventoryTest.php" line="15" assertions="3" time="0.000536"/>
        <testcase name="testAddAndGetItem" class="App\EscapeGame\InventoryTest" classname="App.EscapeGame.InventoryTest" file="/home/p0ntan/dbwebb-kurser/mvc/me/report/tests/EscapeGame/InventoryTest.php" line="29" assertions="4" time="0.001071"/>
        <testcase name="testAddItemUsingActionPickUp" class="App\EscapeGame\InventoryTest" classname="App.EscapeGame.InventoryTest" file="/home/p0ntan/dbwebb-kurser/mvc/me/report/tests/EscapeGame/InventoryTest.php" line="49" assertions="3" time="0.000772"/>
      </testsuite>
      <testsuite name="App\Card\DeckOfCardsTestPart2" file="/home/p0ntan/dbwebb-kurser/mvc/me/report/tests/Card/DeckOfCardsTest2.php" tests="4" assertions="7" errors="0" warnings="0" failures="0" skipped="0" time="0.003438">
        <testcase name="testGetSortedDeck" class="App\Card\DeckOfCardsTestPart2" classname="App.Card.DeckOfCardsTestPart2" file="/home/p0ntan/dbwebb-kurser/mvc/me/report/tests/Card/DeckOfCardsTest2.php" line="15" assertions="1" time="0.000829"/>
        <testcase name="testGetSortedDeckJson" class="App\Card\DeckOfCardsTestPart2" classname="App.Card.DeckOfCardsTestPart2" file="/home/p0ntan/dbwebb-kurser/mvc/me/report/tests/Card/DeckOfCardsTest2.php" line="38" assertions="1" time="0.001365"/>
        <testcase name="testGiveCardToPlayers" class="App\Card\DeckOfCardsTestPart2" classname="App.Card.DeckOfCardsTestPart2" file="/home/p0ntan/dbwebb-kurser/mvc/me/report/tests/Card/DeckOfCardsTest2.php" line="87" assertions="3" time="0.000664"/>
        <testcase name="testGiveCardToPlayersFail" class="App\Card\DeckOfCardsTestPart2" classname="App.Card.DeckOfCardsTestPart2" file="/home/p0ntan/dbwebb-kurser/mvc/me/report/tests/Card/DeckOfCardsTest2.php" line="110" assertions="2" time="0.000579"/>
      </testsuite>
      <testsuite name="App\Blackjack\GameBlackjackTest2" file="/home/p0ntan/dbwebb-kurser/mvc/me/report/tests/Blackjack/GameBlackjackTest2.php" tests="4" assertions="9" errors="0" warnings="0" failures="0" skipped="0" time="0.005691">
        <testcase name="testPlayComputerWins" class="App\Blackjack\GameBlackjackTest2" classname="App.Blackjack.GameBlackjackTest2" file="/home/p0ntan/dbwebb-kurser/mvc/me/report/tests/Blackjack/GameBlackjackTest2.php" line="17" assertions="3" time="0.001372"/>
        <testcase name="testPlayComputerLoses" class="App\Blackjack\GameBlackjackTest2" classname="App.Blackjack.GameBlackjackTest2" file="/home/p0ntan/dbwebb-kurser/mvc/me/report/tests/Blackjack/GameBlackjackTest2.php" line="52" assertions="2" time="0.001363"/>
        <testcase name="testPlayComputerDraw" class="App\Blackjack\GameBlackjackTest2" classname="App.Blackjack.GameBlackjackTest2" file="/home/p0ntan/dbwebb-kurser/mvc/me/report/tests/Blackjack/GameBlackjackTest2.php" line="84" assertions="2" time="0.001821"/>
        <testcase name="testGetAsJson" class="App\Blackjack\GameBlackjackTest2" classname="App.Blackjack.GameBlackjackTest2" file="/home/p0ntan/dbwebb-kurser/mvc/me/report/tests/Blackjack/GameBlackjackTest2.php" line="116" assertions="2" time="0.001135"/>
      </testsuite>
      <testsuite name="App\Blackjack\RulesBlackjackTest2" file="/home/p0ntan/dbwebb-kurser/mvc/me/report/tests/Blackjack/RulesBlackjackTest2.php" tests="5" assertions="7" errors="0" warnings="0" failures="0" skipped="0" time="0.018025">
        <testcase name="testFindWinner" class="App\Blackjack\RulesBlackjackTest2" classname="App.Blackjack.RulesBlackjackTest2" file="/home/p0ntan/dbwebb-kurser/mvc/me/report/tests/Blackjack/RulesBlackjackTest2.php" line="17" assertions="1" time="0.003591"/>
        <testcase name="testFindWinnerTwoHands" class="App\Blackjack\RulesBlackjackTest2" classname="App.Blackjack.RulesBlackjackTest2" file="/home/p0ntan/dbwebb-kurser/mvc/me/report/tests/Blackjack/RulesBlackjackTest2.php" line="52" assertions="2" time="0.004705"/>
        <testcase name="testFindWinnerTwoHandsBlackjack" class="App\Blackjack\RulesBlackjackTest2" classname="App.Blackjack.RulesBlackjackTest2" file="/home/p0ntan/dbwebb-kurser/mvc/me/report/tests/Blackjack/RulesBlackjackTest2.php" line="94" assertions="2" time="0.003344"/>
        <testcase name="testFindWinnerComputerBust" class="App\Blackjack\RulesBlackjackTest2" classname="App.Blackjack.RulesBlackjackTest2" file="/home/p0ntan/dbwebb-kurser/mvc/me/report/tests/Blackjack/RulesBlackjackTest2.php" line="135" assertions="1" time="0.002570"/>
        <testcase name="testFindWinnerDraw" class="App\Blackjack\RulesBlackjackTest2" classname="App.Blackjack.RulesBlackjackTest2" file="/home/p0ntan/dbwebb-kurser/mvc/me/report/tests/Blackjack/RulesBlackjackTest2.php" line="170" assertions="1" time="0.003816"/>
      </testsuite>
      <testsuite name="App\EscapeGame\EscapeObjectTestTwo" file="/home/p0ntan/dbwebb-kurser/mvc/me/report/tests/EscapeGame/EscapeObjectTestTwo.php" tests="4" assertions="8" errors="0" warnings="0" failures="0" skipped="0" time="0.003989">
        <testcase name="testSetAndGetInnerOneObject" class="App\EscapeGame\EscapeObjectTestTwo" classname="App.EscapeGame.EscapeObjectTestTwo" file="/home/p0ntan/dbwebb-kurser/mvc/me/report/tests/EscapeGame/EscapeObjectTestTwo.php" line="51" assertions="2" time="0.001013"/>
        <testcase name="testSetAndGetInnerObjectFail" class="App\EscapeGame\EscapeObjectTestTwo" classname="App.EscapeGame.EscapeObjectTestTwo" file="/home/p0ntan/dbwebb-kurser/mvc/me/report/tests/EscapeGame/EscapeObjectTestTwo.php" line="72" assertions="3" time="0.001008"/>
        <testcase name="testSetAndGetIsHidden" class="App\EscapeGame\EscapeObjectTestTwo" classname="App.EscapeGame.EscapeObjectTestTwo" file="/home/p0ntan/dbwebb-kurser/mvc/me/report/tests/EscapeGame/EscapeObjectTestTwo.php" line="90" assertions="2" time="0.000654"/>
        <testcase name="testGetInObject" class="App\EscapeGame\EscapeObjectTestTwo" classname="App.EscapeGame.EscapeObjectTestTwo" file="/home/p0ntan/dbwebb-kurser/mvc/me/report/tests/EscapeGame/EscapeObjectTestTwo.php" line="105" assertions="1" time="0.001315"/>
      </testsuite>
      <testsuite name="App\EscapeGame\EscapeGameTestTwo" file="/home/p0ntan/dbwebb-kurser/mvc/me/report/tests/EscapeGame/EscapeGameTestTwo.php" tests="5" assertions="6" errors="0" warnings="0" failures="0" skipped="0" time="0.004924">
        <testcase name="testChangeCurrentRoom" class="App\EscapeGame\EscapeGameTestTwo" classname="App.EscapeGame.EscapeGameTestTwo" file="/home/p0ntan/dbwebb-kurser/mvc/me/report/tests/EscapeGame/EscapeGameTestTwo.php" line="38" assertions="2" time="0.000587"/>
        <testcase name="testGetObjectFail" class="App\EscapeGame\EscapeGameTestTwo" classname="App.EscapeGame.EscapeGameTestTwo" file="/home/p0ntan/dbwebb-kurser/mvc/me/report/tests/EscapeGame/EscapeGameTestTwo.php" line="68" assertions="1" time="0.001703"/>
        <testcase name="testActionOpenDoor" class="App\EscapeGame\EscapeGameTestTwo" classname="App.EscapeGame.EscapeGameTestTwo" file="/home/p0ntan/dbwebb-kurser/mvc/me/report/tests/EscapeGame/EscapeGameTestTwo.php" line="88" assertions="1" time="0.000951"/>
        <testcase name="testActionMoveDown" class="App\EscapeGame\EscapeGameTestTwo" classname="App.EscapeGame.EscapeGameTestTwo" file="/home/p0ntan/dbwebb-kurser/mvc/me/report/tests/EscapeGame/EscapeGameTestTwo.php" line="107" assertions="1" time="0.000583"/>
        <testcase name="testActionTakeKey" class="App\EscapeGame\EscapeGameTestTwo" classname="App.EscapeGame.EscapeGameTestTwo" file="/home/p0ntan/dbwebb-kurser/mvc/me/report/tests/EscapeGame/EscapeGameTestTwo.php" line="136" assertions="1" time="0.001101"/>
      </testsuite>
    </testsuite>
  </testsuite>
</testsuites>
