<?xml version="1.0" encoding="UTF-8"?>
<testsuites>
  <testsuite name="" tests="127" assertions="379" errors="0" warnings="0" failures="0" skipped="0" time="6.327501">
    <testsuite name="Project Test Suite" tests="127" assertions="379" errors="0" warnings="0" failures="0" skipped="0" time="6.327501">
      <testsuite name="App\Blackjack\GameBlackjackTest" file="/home/p0ntan/dbwebb-kurser/mvc/me/report/tests/Blackjack/GameBlackjackTest.php" tests="8" assertions="22" errors="0" warnings="0" failures="0" skipped="0" time="0.052181">
        <testcase name="testCreateAndInitGame" class="App\Blackjack\GameBlackjackTest" classname="App.Blackjack.GameBlackjackTest" file="/home/p0ntan/dbwebb-kurser/mvc/me/report/tests/Blackjack/GameBlackjackTest.php" line="18" assertions="4" time="0.040041"/>
        <testcase name="testPlaceBet" class="App\Blackjack\GameBlackjackTest" classname="App.Blackjack.GameBlackjackTest" file="/home/p0ntan/dbwebb-kurser/mvc/me/report/tests/Blackjack/GameBlackjackTest.php" line="36" assertions="2" time="0.001664"/>
        <testcase name="testCheckOptionsBlackjack" class="App\Blackjack\GameBlackjackTest" classname="App.Blackjack.GameBlackjackTest" file="/home/p0ntan/dbwebb-kurser/mvc/me/report/tests/Blackjack/GameBlackjackTest.php" line="60" assertions="2" time="0.003726"/>
        <testcase name="testCheckOptionsBust" class="App\Blackjack\GameBlackjackTest" classname="App.Blackjack.GameBlackjackTest" file="/home/p0ntan/dbwebb-kurser/mvc/me/report/tests/Blackjack/GameBlackjackTest.php" line="84" assertions="2" time="0.000997"/>
        <testcase name="testCheckOptionsHighBet" class="App\Blackjack\GameBlackjackTest" classname="App.Blackjack.GameBlackjackTest" file="/home/p0ntan/dbwebb-kurser/mvc/me/report/tests/Blackjack/GameBlackjackTest.php" line="113" assertions="2" time="0.000830"/>
        <testcase name="testDoubleDown" class="App\Blackjack\GameBlackjackTest" classname="App.Blackjack.GameBlackjackTest" file="/home/p0ntan/dbwebb-kurser/mvc/me/report/tests/Blackjack/GameBlackjackTest.php" line="139" assertions="4" time="0.001460"/>
        <testcase name="testSplit" class="App\Blackjack\GameBlackjackTest" classname="App.Blackjack.GameBlackjackTest" file="/home/p0ntan/dbwebb-kurser/mvc/me/report/tests/Blackjack/GameBlackjackTest.php" line="165" assertions="4" time="0.001588"/>
        <testcase name="testPlayerAddCard" class="App\Blackjack\GameBlackjackTest" classname="App.Blackjack.GameBlackjackTest" file="/home/p0ntan/dbwebb-kurser/mvc/me/report/tests/Blackjack/GameBlackjackTest.php" line="205" assertions="2" time="0.001875"/>
      </testsuite>
      <testsuite name="App\Blackjack\PlayerBlackjackTest" file="/home/p0ntan/dbwebb-kurser/mvc/me/report/tests/Blackjack/PlayerBlackjackTest.php" tests="9" assertions="27" errors="0" warnings="0" failures="0" skipped="0" time="0.019595">
        <testcase name="testCreatePlayer" class="App\Blackjack\PlayerBlackjackTest" classname="App.Blackjack.PlayerBlackjackTest" file="/home/p0ntan/dbwebb-kurser/mvc/me/report/tests/Blackjack/PlayerBlackjackTest.php" line="18" assertions="3" time="0.000504"/>
        <testcase name="testAddAndResetHand" class="App\Blackjack\PlayerBlackjackTest" classname="App.Blackjack.PlayerBlackjackTest" file="/home/p0ntan/dbwebb-kurser/mvc/me/report/tests/Blackjack/PlayerBlackjackTest.php" line="34" assertions="3" time="0.000480"/>
        <testcase name="testAddAndResetMultipleHands" class="App\Blackjack\PlayerBlackjackTest" classname="App.Blackjack.PlayerBlackjackTest" file="/home/p0ntan/dbwebb-kurser/mvc/me/report/tests/Blackjack/PlayerBlackjackTest.php" line="54" assertions="6" time="0.000533"/>
        <testcase name="testAddAndGetCurrentHand" class="App\Blackjack\PlayerBlackjackTest" classname="App.Blackjack.PlayerBlackjackTest" file="/home/p0ntan/dbwebb-kurser/mvc/me/report/tests/Blackjack/PlayerBlackjackTest.php" line="78" assertions="4" time="0.002847"/>
        <testcase name="testAddAndGetCurrentHandException" class="App\Blackjack\PlayerBlackjackTest" classname="App.Blackjack.PlayerBlackjackTest" file="/home/p0ntan/dbwebb-kurser/mvc/me/report/tests/Blackjack/PlayerBlackjackTest.php" line="99" assertions="3" time="0.002442"/>
        <testcase name="testSetAndGetMoney" class="App\Blackjack\PlayerBlackjackTest" classname="App.Blackjack.PlayerBlackjackTest" file="/home/p0ntan/dbwebb-kurser/mvc/me/report/tests/Blackjack/PlayerBlackjackTest.php" line="123" assertions="2" time="0.000519"/>
        <testcase name="testGetTotalBet" class="App\Blackjack\PlayerBlackjackTest" classname="App.Blackjack.PlayerBlackjackTest" file="/home/p0ntan/dbwebb-kurser/mvc/me/report/tests/Blackjack/PlayerBlackjackTest.php" line="139" assertions="1" time="0.010231"/>
        <testcase name="testSplitHand" class="App\Blackjack\PlayerBlackjackTest" classname="App.Blackjack.PlayerBlackjackTest" file="/home/p0ntan/dbwebb-kurser/mvc/me/report/tests/Blackjack/PlayerBlackjackTest.php" line="157" assertions="4" time="0.001508"/>
        <testcase name="testSplitHandEmpty" class="App\Blackjack\PlayerBlackjackTest" classname="App.Blackjack.PlayerBlackjackTest" file="/home/p0ntan/dbwebb-kurser/mvc/me/report/tests/Blackjack/PlayerBlackjackTest.php" line="187" assertions="1" time="0.000530"/>
      </testsuite>
      <testsuite name="App\Blackjack\RulesBlackjackTest" file="/home/p0ntan/dbwebb-kurser/mvc/me/report/tests/Blackjack/RulesBlackjackTest.php" tests="9" assertions="25" errors="0" warnings="0" failures="0" skipped="0" time="0.014435">
        <testcase name="testGetHighestValue" class="App\Blackjack\RulesBlackjackTest" classname="App.Blackjack.RulesBlackjackTest" file="/home/p0ntan/dbwebb-kurser/mvc/me/report/tests/Blackjack/RulesBlackjackTest.php" line="17" assertions="1" time="0.001220"/>
        <testcase name="testRuleBlackjack" class="App\Blackjack\RulesBlackjackTest" classname="App.Blackjack.RulesBlackjackTest" file="/home/p0ntan/dbwebb-kurser/mvc/me/report/tests/Blackjack/RulesBlackjackTest.php" line="37" assertions="5" time="0.001678"/>
        <testcase name="testRuleSoftBlackjack" class="App\Blackjack\RulesBlackjackTest" classname="App.Blackjack.RulesBlackjackTest" file="/home/p0ntan/dbwebb-kurser/mvc/me/report/tests/Blackjack/RulesBlackjackTest.php" line="67" assertions="5" time="0.001840"/>
        <testcase name="testRuleBust" class="App\Blackjack\RulesBlackjackTest" classname="App.Blackjack.RulesBlackjackTest" file="/home/p0ntan/dbwebb-kurser/mvc/me/report/tests/Blackjack/RulesBlackjackTest.php" line="99" assertions="5" time="0.001886"/>
        <testcase name="testRuleSplit" class="App\Blackjack\RulesBlackjackTest" classname="App.Blackjack.RulesBlackjackTest" file="/home/p0ntan/dbwebb-kurser/mvc/me/report/tests/Blackjack/RulesBlackjackTest.php" line="131" assertions="5" time="0.002066"/>
        <testcase name="testComputerRules16" class="App\Blackjack\RulesBlackjackTest" classname="App.Blackjack.RulesBlackjackTest" file="/home/p0ntan/dbwebb-kurser/mvc/me/report/tests/Blackjack/RulesBlackjackTest.php" line="159" assertions="1" time="0.001442"/>
        <testcase name="testComputerRules18" class="App\Blackjack\RulesBlackjackTest" classname="App.Blackjack.RulesBlackjackTest" file="/home/p0ntan/dbwebb-kurser/mvc/me/report/tests/Blackjack/RulesBlackjackTest.php" line="179" assertions="1" time="0.001427"/>
        <testcase name="testComputerRulesAces" class="App\Blackjack\RulesBlackjackTest" classname="App.Blackjack.RulesBlackjackTest" file="/home/p0ntan/dbwebb-kurser/mvc/me/report/tests/Blackjack/RulesBlackjackTest.php" line="199" assertions="1" time="0.001417"/>
        <testcase name="testComputerRulesBust" class="App\Blackjack\RulesBlackjackTest" classname="App.Blackjack.RulesBlackjackTest" file="/home/p0ntan/dbwebb-kurser/mvc/me/report/tests/Blackjack/RulesBlackjackTest.php" line="219" assertions="1" time="0.001459"/>
      </testsuite>
      <testsuite name="App\Card\CardGraphicTest" file="/home/p0ntan/dbwebb-kurser/mvc/me/report/tests/Card/CardGraphicTest.php" tests="3" assertions="8" errors="0" warnings="0" failures="0" skipped="0" time="0.003000">
        <testcase name="testCreateCardGraphicNoArgument" class="App\Card\CardGraphicTest" classname="App.Card.CardGraphicTest" file="/home/p0ntan/dbwebb-kurser/mvc/me/report/tests/Card/CardGraphicTest.php" line="16" assertions="3" time="0.001728"/>
        <testcase name="testGetClassName" class="App\Card\CardGraphicTest" classname="App.Card.CardGraphicTest" file="/home/p0ntan/dbwebb-kurser/mvc/me/report/tests/Card/CardGraphicTest.php" line="34" assertions="2" time="0.000748"/>
        <testcase name="testGetAsGraphicString" class="App\Card\CardGraphicTest" classname="App.Card.CardGraphicTest" file="/home/p0ntan/dbwebb-kurser/mvc/me/report/tests/Card/CardGraphicTest.php" line="51" assertions="3" time="0.000525"/>
      </testsuite>
      <testsuite name="App\Card\CardHandTest" file="/home/p0ntan/dbwebb-kurser/mvc/me/report/tests/Card/CardHandTest.php" tests="10" assertions="36" errors="0" warnings="0" failures="0" skipped="0" time="0.007599">
        <testcase name="testCreateCardHand" class="App\Card\CardHandTest" classname="App.Card.CardHandTest" file="/home/p0ntan/dbwebb-kurser/mvc/me/report/tests/Card/CardHandTest.php" line="16" assertions="6" time="0.000543"/>
        <testcase name="testAddAndGetCard" class="App\Card\CardHandTest" classname="App.Card.CardHandTest" file="/home/p0ntan/dbwebb-kurser/mvc/me/report/tests/Card/CardHandTest.php" line="36" assertions="3" time="0.000494"/>
        <testcase name="testAddAndGetMultipleCards" class="App\Card\CardHandTest" classname="App.Card.CardHandTest" file="/home/p0ntan/dbwebb-kurser/mvc/me/report/tests/Card/CardHandTest.php" line="52" assertions="6" time="0.000537"/>
        <testcase name="testRemoveLastCard" class="App\Card\CardHandTest" classname="App.Card.CardHandTest" file="/home/p0ntan/dbwebb-kurser/mvc/me/report/tests/Card/CardHandTest.php" line="70" assertions="5" time="0.001882"/>
        <testcase name="testRemoveLastCardEmptyHand" class="App\Card\CardHandTest" classname="App.Card.CardHandTest" file="/home/p0ntan/dbwebb-kurser/mvc/me/report/tests/Card/CardHandTest.php" line="93" assertions="3" time="0.001053"/>
        <testcase name="testSetAndGetOutcome" class="App\Card\CardHandTest" classname="App.Card.CardHandTest" file="/home/p0ntan/dbwebb-kurser/mvc/me/report/tests/Card/CardHandTest.php" line="110" assertions="3" time="0.000482"/>
        <testcase name="testSetAndGetIsDone" class="App\Card\CardHandTest" classname="App.Card.CardHandTest" file="/home/p0ntan/dbwebb-kurser/mvc/me/report/tests/Card/CardHandTest.php" line="131" assertions="2" time="0.000624"/>
        <testcase name="testSetAndGetPoints" class="App\Card\CardHandTest" classname="App.Card.CardHandTest" file="/home/p0ntan/dbwebb-kurser/mvc/me/report/tests/Card/CardHandTest.php" line="147" assertions="2" time="0.000520"/>
        <testcase name="testSetAndGetBet" class="App\Card\CardHandTest" classname="App.Card.CardHandTest" file="/home/p0ntan/dbwebb-kurser/mvc/me/report/tests/Card/CardHandTest.php" line="163" assertions="2" time="0.000473"/>
        <testcase name="testGetAsJson" class="App\Card\CardHandTest" classname="App.Card.CardHandTest" file="/home/p0ntan/dbwebb-kurser/mvc/me/report/tests/Card/CardHandTest.php" line="179" assertions="4" time="0.000991"/>
      </testsuite>
      <testsuite name="App\Card\CardTest" file="/home/p0ntan/dbwebb-kurser/mvc/me/report/tests/Card/CardTest.php" tests="4" assertions="10" errors="0" warnings="0" failures="0" skipped="0" time="0.002467">
        <testcase name="testCreateCardNoArgument" class="App\Card\CardTest" classname="App.Card.CardTest" file="/home/p0ntan/dbwebb-kurser/mvc/me/report/tests/Card/CardTest.php" line="16" assertions="3" time="0.000521"/>
        <testcase name="testCreateCardWithArgument" class="App\Card\CardTest" classname="App.Card.CardTest" file="/home/p0ntan/dbwebb-kurser/mvc/me/report/tests/Card/CardTest.php" line="35" assertions="3" time="0.000500"/>
        <testcase name="testGetAsString" class="App\Card\CardTest" classname="App.Card.CardTest" file="/home/p0ntan/dbwebb-kurser/mvc/me/report/tests/Card/CardTest.php" line="53" assertions="2" time="0.000953"/>
        <testcase name="testGetAsJson" class="App\Card\CardTest" classname="App.Card.CardTest" file="/home/p0ntan/dbwebb-kurser/mvc/me/report/tests/Card/CardTest.php" line="69" assertions="2" time="0.000493"/>
      </testsuite>
      <testsuite name="App\Card\DeckFactoryTest" file="/home/p0ntan/dbwebb-kurser/mvc/me/report/tests/Card/DeckFactoryTest.php" tests="2" assertions="12" errors="0" warnings="0" failures="0" skipped="0" time="0.003514">
        <testcase name="testCreateCardDeck" class="App\Card\DeckFactoryTest" classname="App.Card.DeckFactoryTest" file="/home/p0ntan/dbwebb-kurser/mvc/me/report/tests/Card/DeckFactoryTest.php" line="16" assertions="6" time="0.002432"/>
        <testcase name="testCreateCardGraphicDeck" class="App\Card\DeckFactoryTest" classname="App.Card.DeckFactoryTest" file="/home/p0ntan/dbwebb-kurser/mvc/me/report/tests/Card/DeckFactoryTest.php" line="39" assertions="6" time="0.001082"/>
      </testsuite>
      <testsuite name="App\Card\DeckOfCardsTest" file="/home/p0ntan/dbwebb-kurser/mvc/me/report/tests/Card/DeckOfCardsTest.php" tests="10" assertions="42" errors="0" warnings="0" failures="0" skipped="0" time="0.012827">
        <testcase name="testCreateDeckOfCards" class="App\Card\DeckOfCardsTest" classname="App.Card.DeckOfCardsTest" file="/home/p0ntan/dbwebb-kurser/mvc/me/report/tests/Card/DeckOfCardsTest.php" line="16" assertions="4" time="0.000542"/>
        <testcase name="testAddCardToDeck" class="App\Card\DeckOfCardsTest" classname="App.Card.DeckOfCardsTest" file="/home/p0ntan/dbwebb-kurser/mvc/me/report/tests/Card/DeckOfCardsTest.php" line="32" assertions="10" time="0.000757"/>
        <testcase name="testShuffleDeck" class="App\Card\DeckOfCardsTest" classname="App.Card.DeckOfCardsTest" file="/home/p0ntan/dbwebb-kurser/mvc/me/report/tests/Card/DeckOfCardsTest.php" line="55" assertions="3" time="0.005429"/>
        <testcase name="testGetAsJson" class="App\Card\DeckOfCardsTest" classname="App.Card.DeckOfCardsTest" file="/home/p0ntan/dbwebb-kurser/mvc/me/report/tests/Card/DeckOfCardsTest.php" line="84" assertions="2" time="0.001115"/>
        <testcase name="testDrawCards" class="App\Card\DeckOfCardsTest" classname="App.Card.DeckOfCardsTest" file="/home/p0ntan/dbwebb-kurser/mvc/me/report/tests/Card/DeckOfCardsTest.php" line="111" assertions="6" time="0.000601"/>
        <testcase name="testDrawCardsEmptyDeck" class="App\Card\DeckOfCardsTest" classname="App.Card.DeckOfCardsTest" file="/home/p0ntan/dbwebb-kurser/mvc/me/report/tests/Card/DeckOfCardsTest.php" line="149" assertions="7" time="0.000534"/>
        <testcase name="testDrawAndGetAsJson" class="App\Card\DeckOfCardsTest" classname="App.Card.DeckOfCardsTest" file="/home/p0ntan/dbwebb-kurser/mvc/me/report/tests/Card/DeckOfCardsTest.php" line="177" assertions="2" time="0.001421"/>
        <testcase name="testGiveCards" class="App\Card\DeckOfCardsTest" classname="App.Card.DeckOfCardsTest" file="/home/p0ntan/dbwebb-kurser/mvc/me/report/tests/Card/DeckOfCardsTest.php" line="213" assertions="6" time="0.000821"/>
        <testcase name="testGiveCardsException" class="App\Card\DeckOfCardsTest" classname="App.Card.DeckOfCardsTest" file="/home/p0ntan/dbwebb-kurser/mvc/me/report/tests/Card/DeckOfCardsTest.php" line="251" assertions="1" time="0.000504"/>
        <testcase name="testGetAsString" class="App\Card\DeckOfCardsTest" classname="App.Card.DeckOfCardsTest" file="/home/p0ntan/dbwebb-kurser/mvc/me/report/tests/Card/DeckOfCardsTest.php" line="269" assertions="1" time="0.001102"/>
      </testsuite>
      <testsuite name="App\Controller\ApiCardControllerTest" file="/home/p0ntan/dbwebb-kurser/mvc/me/report/tests/Controller/ApiCardControllerTest.php" tests="6" assertions="18" errors="0" warnings="0" failures="0" skipped="0" time="5.347472">
        <testcase name="testApiDeck" class="App\Controller\ApiCardControllerTest" classname="App.Controller.ApiCardControllerTest" file="/home/p0ntan/dbwebb-kurser/mvc/me/report/tests/Controller/ApiCardControllerTest.php" line="12" assertions="3" time="5.258396"/>
        <testcase name="testApiShuffle" class="App\Controller\ApiCardControllerTest" classname="App.Controller.ApiCardControllerTest" file="/home/p0ntan/dbwebb-kurser/mvc/me/report/tests/Controller/ApiCardControllerTest.php" line="27" assertions="3" time="0.020469"/>
        <testcase name="testApiDrawOne" class="App\Controller\ApiCardControllerTest" classname="App.Controller.ApiCardControllerTest" file="/home/p0ntan/dbwebb-kurser/mvc/me/report/tests/Controller/ApiCardControllerTest.php" line="42" assertions="3" time="0.018808"/>
        <testcase name="testApiDrawTen" class="App\Controller\ApiCardControllerTest" classname="App.Controller.ApiCardControllerTest" file="/home/p0ntan/dbwebb-kurser/mvc/me/report/tests/Controller/ApiCardControllerTest.php" line="55" assertions="3" time="0.016463"/>
        <testcase name="testApiDrawDeal" class="App\Controller\ApiCardControllerTest" classname="App.Controller.ApiCardControllerTest" file="/home/p0ntan/dbwebb-kurser/mvc/me/report/tests/Controller/ApiCardControllerTest.php" line="68" assertions="3" time="0.016687"/>
        <testcase name="testApiDrawDealTooMany" class="App\Controller\ApiCardControllerTest" classname="App.Controller.ApiCardControllerTest" file="/home/p0ntan/dbwebb-kurser/mvc/me/report/tests/Controller/ApiCardControllerTest.php" line="81" assertions="3" time="0.016649"/>
      </testsuite>
      <testsuite name="App\Controller\ApiControllerTest" file="/home/p0ntan/dbwebb-kurser/mvc/me/report/tests/Controller/ApiControllerTest.php" tests="3" assertions="9" errors="0" warnings="0" failures="0" skipped="0" time="0.162059">
        <testcase name="testApiStart" class="App\Controller\ApiControllerTest" classname="App.Controller.ApiControllerTest" file="/home/p0ntan/dbwebb-kurser/mvc/me/report/tests/Controller/ApiControllerTest.php" line="12" assertions="3" time="0.137495"/>
        <testcase name="testApiQuote" class="App\Controller\ApiControllerTest" classname="App.Controller.ApiControllerTest" file="/home/p0ntan/dbwebb-kurser/mvc/me/report/tests/Controller/ApiControllerTest.php" line="20" assertions="3" time="0.012583"/>
        <testcase name="testApiGameUninitialized" class="App\Controller\ApiControllerTest" classname="App.Controller.ApiControllerTest" file="/home/p0ntan/dbwebb-kurser/mvc/me/report/tests/Controller/ApiControllerTest.php" line="32" assertions="3" time="0.011981"/>
      </testsuite>
      <testsuite name="App\Controller\BlackjackControllerTest" file="/home/p0ntan/dbwebb-kurser/mvc/me/report/tests/Controller/BlackjackControllerTest.php" tests="5" assertions="28" errors="0" warnings="0" failures="0" skipped="0" time="0.262319">
        <testcase name="testLandingpage" class="App\Controller\BlackjackControllerTest" classname="App.Controller.BlackjackControllerTest" file="/home/p0ntan/dbwebb-kurser/mvc/me/report/tests/Controller/BlackjackControllerTest.php" line="15" assertions="6" time="0.030586"/>
        <testcase name="testAboutGame" class="App\Controller\BlackjackControllerTest" classname="App.Controller.BlackjackControllerTest" file="/home/p0ntan/dbwebb-kurser/mvc/me/report/tests/Controller/BlackjackControllerTest.php" line="27" assertions="6" time="0.024374"/>
        <testcase name="testInitGame" class="App\Controller\BlackjackControllerTest" classname="App.Controller.BlackjackControllerTest" file="/home/p0ntan/dbwebb-kurser/mvc/me/report/tests/Controller/BlackjackControllerTest.php" line="39" assertions="3" time="0.049416"/>
        <testcase name="testInitAndBet" class="App\Controller\BlackjackControllerTest" classname="App.Controller.BlackjackControllerTest" file="/home/p0ntan/dbwebb-kurser/mvc/me/report/tests/Controller/BlackjackControllerTest.php" line="50" assertions="4" time="0.074199"/>
        <testcase name="testInitBetPlay" class="App\Controller\BlackjackControllerTest" classname="App.Controller.BlackjackControllerTest" file="/home/p0ntan/dbwebb-kurser/mvc/me/report/tests/Controller/BlackjackControllerTest.php" line="63" assertions="9" time="0.083745"/>
      </testsuite>
      <testsuite name="App\Controller\CardGameControllerTest" file="/home/p0ntan/dbwebb-kurser/mvc/me/report/tests/Controller/CardGameControllerTest.php" tests="7" assertions="30" errors="0" warnings="0" failures="0" skipped="0" time="0.209099">
        <testcase name="testCardLandingpage" class="App\Controller\CardGameControllerTest" classname="App.Controller.CardGameControllerTest" file="/home/p0ntan/dbwebb-kurser/mvc/me/report/tests/Controller/CardGameControllerTest.php" line="12" assertions="6" time="0.028405"/>
        <testcase name="testDeckPage" class="App\Controller\CardGameControllerTest" classname="App.Controller.CardGameControllerTest" file="/home/p0ntan/dbwebb-kurser/mvc/me/report/tests/Controller/CardGameControllerTest.php" line="24" assertions="4" time="0.039080"/>
        <testcase name="testShufflePage" class="App\Controller\CardGameControllerTest" classname="App.Controller.CardGameControllerTest" file="/home/p0ntan/dbwebb-kurser/mvc/me/report/tests/Controller/CardGameControllerTest.php" line="38" assertions="4" time="0.030604"/>
        <testcase name="testDrawOnePage" class="App\Controller\CardGameControllerTest" classname="App.Controller.CardGameControllerTest" file="/home/p0ntan/dbwebb-kurser/mvc/me/report/tests/Controller/CardGameControllerTest.php" line="52" assertions="4" time="0.031556"/>
        <testcase name="testDrawMultiNoCards" class="App\Controller\CardGameControllerTest" classname="App.Controller.CardGameControllerTest" file="/home/p0ntan/dbwebb-kurser/mvc/me/report/tests/Controller/CardGameControllerTest.php" line="66" assertions="4" time="0.023748"/>
        <testcase name="testDrawMultiFive" class="App\Controller\CardGameControllerTest" classname="App.Controller.CardGameControllerTest" file="/home/p0ntan/dbwebb-kurser/mvc/me/report/tests/Controller/CardGameControllerTest.php" line="80" assertions="4" time="0.024839"/>
        <testcase name="testDealAndDraw" class="App\Controller\CardGameControllerTest" classname="App.Controller.CardGameControllerTest" file="/home/p0ntan/dbwebb-kurser/mvc/me/report/tests/Controller/CardGameControllerTest.php" line="94" assertions="4" time="0.030867"/>
      </testsuite>
      <testsuite name="App\Controller\MainControllerTest" file="/home/p0ntan/dbwebb-kurser/mvc/me/report/tests/Controller/MainControllerTwigTest.php" tests="5" assertions="21" errors="0" warnings="0" failures="0" skipped="0" time="0.174595">
        <testcase name="testLandingPage" class="App\Controller\MainControllerTest" classname="App.Controller.MainControllerTest" file="/home/p0ntan/dbwebb-kurser/mvc/me/report/tests/Controller/MainControllerTwigTest.php" line="12" assertions="3" time="0.025384"/>
        <testcase name="testAboutPage" class="App\Controller\MainControllerTest" classname="App.Controller.MainControllerTest" file="/home/p0ntan/dbwebb-kurser/mvc/me/report/tests/Controller/MainControllerTwigTest.php" line="20" assertions="5" time="0.023979"/>
        <testcase name="testReportPage" class="App\Controller\MainControllerTest" classname="App.Controller.MainControllerTest" file="/home/p0ntan/dbwebb-kurser/mvc/me/report/tests/Controller/MainControllerTwigTest.php" line="29" assertions="5" time="0.043951"/>
        <testcase name="testLuckyPage" class="App\Controller\MainControllerTest" classname="App.Controller.MainControllerTest" file="/home/p0ntan/dbwebb-kurser/mvc/me/report/tests/Controller/MainControllerTwigTest.php" line="38" assertions="3" time="0.036360"/>
        <testcase name="testMetricsPage" class="App\Controller\MainControllerTest" classname="App.Controller.MainControllerTest" file="/home/p0ntan/dbwebb-kurser/mvc/me/report/tests/Controller/MainControllerTwigTest.php" line="46" assertions="5" time="0.044921"/>
      </testsuite>
      <testsuite name="App\EscapeGame\EscapeDirectionTest" file="/home/p0ntan/dbwebb-kurser/mvc/me/report/tests/EscapeGame/EscapeDirectionTest.php" tests="5" assertions="5" errors="0" warnings="0" failures="0" skipped="0" time="0.003144">
        <testcase name="testGetFromRoom" class="App\EscapeGame\EscapeDirectionTest" classname="App.EscapeGame.EscapeDirectionTest" file="/home/p0ntan/dbwebb-kurser/mvc/me/report/tests/EscapeGame/EscapeDirectionTest.php" line="43" assertions="1" time="0.000761"/>
        <testcase name="testGetToRoom" class="App\EscapeGame\EscapeDirectionTest" classname="App.EscapeGame.EscapeDirectionTest" file="/home/p0ntan/dbwebb-kurser/mvc/me/report/tests/EscapeGame/EscapeDirectionTest.php" line="51" assertions="1" time="0.000627"/>
        <testcase name="testGetPosX" class="App\EscapeGame\EscapeDirectionTest" classname="App.EscapeGame.EscapeDirectionTest" file="/home/p0ntan/dbwebb-kurser/mvc/me/report/tests/EscapeGame/EscapeDirectionTest.php" line="59" assertions="1" time="0.000536"/>
        <testcase name="testGetPosY" class="App\EscapeGame\EscapeDirectionTest" classname="App.EscapeGame.EscapeDirectionTest" file="/home/p0ntan/dbwebb-kurser/mvc/me/report/tests/EscapeGame/EscapeDirectionTest.php" line="67" assertions="1" time="0.000664"/>
        <testcase name="testGetDirection" class="App\EscapeGame\EscapeDirectionTest" classname="App.EscapeGame.EscapeDirectionTest" file="/home/p0ntan/dbwebb-kurser/mvc/me/report/tests/EscapeGame/EscapeDirectionTest.php" line="75" assertions="1" time="0.000556"/>
      </testsuite>
      <testsuite name="App\EscapeGame\EscapeGameTest" file="/home/p0ntan/dbwebb-kurser/mvc/me/report/tests/EscapeGame/EscapeGameTest.php" tests="8" assertions="15" errors="0" warnings="0" failures="0" skipped="0" time="0.012093">
        <testcase name="testIsGameOver" class="App\EscapeGame\EscapeGameTest" classname="App.EscapeGame.EscapeGameTest" file="/home/p0ntan/dbwebb-kurser/mvc/me/report/tests/EscapeGame/EscapeGameTest.php" line="38" assertions="2" time="0.000572"/>
        <testcase name="testAddRoom" class="App\EscapeGame\EscapeGameTest" classname="App.EscapeGame.EscapeGameTest" file="/home/p0ntan/dbwebb-kurser/mvc/me/report/tests/EscapeGame/EscapeGameTest.php" line="49" assertions="3" time="0.002951"/>
        <testcase name="testSetAndGetInventory" class="App\EscapeGame\EscapeGameTest" classname="App.EscapeGame.EscapeGameTest" file="/home/p0ntan/dbwebb-kurser/mvc/me/report/tests/EscapeGame/EscapeGameTest.php" line="75" assertions="1" time="0.001267"/>
        <testcase name="testSetAndGetGameOver" class="App\EscapeGame\EscapeGameTest" classname="App.EscapeGame.EscapeGameTest" file="/home/p0ntan/dbwebb-kurser/mvc/me/report/tests/EscapeGame/EscapeGameTest.php" line="88" assertions="2" time="0.000569"/>
        <testcase name="testPickUpActionOnObject" class="App\EscapeGame\EscapeGameTest" classname="App.EscapeGame.EscapeGameTest" file="/home/p0ntan/dbwebb-kurser/mvc/me/report/tests/EscapeGame/EscapeGameTest.php" line="103" assertions="2" time="0.002874"/>
        <testcase name="testGetCurrentRoom" class="App\EscapeGame\EscapeGameTest" classname="App.EscapeGame.EscapeGameTest" file="/home/p0ntan/dbwebb-kurser/mvc/me/report/tests/EscapeGame/EscapeGameTest.php" line="126" assertions="2" time="0.001718"/>
        <testcase name="testGetCurrentRoomFail" class="App\EscapeGame\EscapeGameTest" classname="App.EscapeGame.EscapeGameTest" file="/home/p0ntan/dbwebb-kurser/mvc/me/report/tests/EscapeGame/EscapeGameTest.php" line="146" assertions="1" time="0.000907"/>
        <testcase name="testCurrentGetRoomObject" class="App\EscapeGame\EscapeGameTest" classname="App.EscapeGame.EscapeGameTest" file="/home/p0ntan/dbwebb-kurser/mvc/me/report/tests/EscapeGame/EscapeGameTest.php" line="164" assertions="2" time="0.001234"/>
      </testsuite>
      <testsuite name="App\EscapeGame\EscapeObjectTest" file="/home/p0ntan/dbwebb-kurser/mvc/me/report/tests/EscapeGame/EscapeObjectTest.php" tests="9" assertions="20" errors="0" warnings="0" failures="0" skipped="0" time="0.007134">
        <testcase name="testEscapeObject" class="App\EscapeGame\EscapeObjectTest" classname="App.EscapeGame.EscapeObjectTest" file="/home/p0ntan/dbwebb-kurser/mvc/me/report/tests/EscapeGame/EscapeObjectTest.php" line="50" assertions="3" time="0.000589"/>
        <testcase name="testGetIdNameInfo" class="App\EscapeGame\EscapeObjectTest" classname="App.EscapeGame.EscapeObjectTest" file="/home/p0ntan/dbwebb-kurser/mvc/me/report/tests/EscapeGame/EscapeObjectTest.php" line="62" assertions="3" time="0.000560"/>
        <testcase name="testGetAction" class="App\EscapeGame\EscapeObjectTest" classname="App.EscapeGame.EscapeObjectTest" file="/home/p0ntan/dbwebb-kurser/mvc/me/report/tests/EscapeGame/EscapeObjectTest.php" line="85" assertions="4" time="0.002300"/>
        <testcase name="testGetPosition" class="App\EscapeGame\EscapeObjectTest" classname="App.EscapeGame.EscapeObjectTest" file="/home/p0ntan/dbwebb-kurser/mvc/me/report/tests/EscapeGame/EscapeObjectTest.php" line="117" assertions="2" time="0.000559"/>
        <testcase name="testGetSize" class="App\EscapeGame\EscapeObjectTest" classname="App.EscapeGame.EscapeObjectTest" file="/home/p0ntan/dbwebb-kurser/mvc/me/report/tests/EscapeGame/EscapeObjectTest.php" line="130" assertions="2" time="0.000556"/>
        <testcase name="testGetUrl" class="App\EscapeGame\EscapeObjectTest" classname="App.EscapeGame.EscapeObjectTest" file="/home/p0ntan/dbwebb-kurser/mvc/me/report/tests/EscapeGame/EscapeObjectTest.php" line="143" assertions="1" time="0.000530"/>
        <testcase name="testGetInRoom" class="App\EscapeGame\EscapeObjectTest" classname="App.EscapeGame.EscapeObjectTest" file="/home/p0ntan/dbwebb-kurser/mvc/me/report/tests/EscapeGame/EscapeObjectTest.php" line="157" assertions="1" time="0.000567"/>
        <testcase name="testSetAndGetInnerObject" class="App\EscapeGame\EscapeObjectTest" classname="App.EscapeGame.EscapeObjectTest" file="/home/p0ntan/dbwebb-kurser/mvc/me/report/tests/EscapeGame/EscapeObjectTest.php" line="169" assertions="3" time="0.000779"/>
        <testcase name="testToJson" class="App\EscapeGame\EscapeObjectTest" classname="App.EscapeGame.EscapeObjectTest" file="/home/p0ntan/dbwebb-kurser/mvc/me/report/tests/EscapeGame/EscapeObjectTest.php" line="186" assertions="1" time="0.000694"/>
      </testsuite>
      <testsuite name="App\EscapeGame\EscapeRoomTest" file="/home/p0ntan/dbwebb-kurser/mvc/me/report/tests/EscapeGame/EscapeRoomTest.php" tests="8" assertions="18" errors="0" warnings="0" failures="0" skipped="0" time="0.007399">
        <testcase name="testEscapeFirstRoom" class="App\EscapeGame\EscapeRoomTest" classname="App.EscapeGame.EscapeRoomTest" file="/home/p0ntan/dbwebb-kurser/mvc/me/report/tests/EscapeGame/EscapeRoomTest.php" line="45" assertions="2" time="0.000555"/>
        <testcase name="testGetIdAndInfo" class="App\EscapeGame\EscapeRoomTest" classname="App.EscapeGame.EscapeRoomTest" file="/home/p0ntan/dbwebb-kurser/mvc/me/report/tests/EscapeGame/EscapeRoomTest.php" line="56" assertions="2" time="0.000551"/>
        <testcase name="testSetAndGetCurrentRoom" class="App\EscapeGame\EscapeRoomTest" classname="App.EscapeGame.EscapeRoomTest" file="/home/p0ntan/dbwebb-kurser/mvc/me/report/tests/EscapeGame/EscapeRoomTest.php" line="70" assertions="2" time="0.000542"/>
        <testcase name="testGetImg" class="App\EscapeGame\EscapeRoomTest" classname="App.EscapeGame.EscapeRoomTest" file="/home/p0ntan/dbwebb-kurser/mvc/me/report/tests/EscapeGame/EscapeRoomTest.php" line="85" assertions="1" time="0.000521"/>
        <testcase name="testAddMultipleObjects" class="App\EscapeGame\EscapeRoomTest" classname="App.EscapeGame.EscapeRoomTest" file="/home/p0ntan/dbwebb-kurser/mvc/me/report/tests/EscapeGame/EscapeRoomTest.php" line="97" assertions="5" time="0.000899"/>
        <testcase name="testAddObject" class="App\EscapeGame\EscapeRoomTest" classname="App.EscapeGame.EscapeRoomTest" file="/home/p0ntan/dbwebb-kurser/mvc/me/report/tests/EscapeGame/EscapeRoomTest.php" line="119" assertions="3" time="0.000751"/>
        <testcase name="testGetObjectById" class="App\EscapeGame\EscapeRoomTest" classname="App.EscapeGame.EscapeRoomTest" file="/home/p0ntan/dbwebb-kurser/mvc/me/report/tests/EscapeGame/EscapeRoomTest.php" line="136" assertions="2" time="0.002155"/>
        <testcase name="testGetObjectByIdFail" class="App\EscapeGame\EscapeRoomTest" classname="App.EscapeGame.EscapeRoomTest" file="/home/p0ntan/dbwebb-kurser/mvc/me/report/tests/EscapeGame/EscapeRoomTest.php" line="158" assertions="1" time="0.001425"/>
      </testsuite>
      <testsuite name="App\EscapeGame\InventoryTest" file="/home/p0ntan/dbwebb-kurser/mvc/me/report/tests/EscapeGame/InventoryTest.php" tests="3" assertions="10" errors="0" warnings="0" failures="0" skipped="0" time="0.002176">
        <testcase name="testEmptyInventory" class="App\EscapeGame\InventoryTest" classname="App.EscapeGame.InventoryTest" file="/home/p0ntan/dbwebb-kurser/mvc/me/report/tests/EscapeGame/InventoryTest.php" line="15" assertions="3" time="0.000565"/>
        <testcase name="testAddAndGetItem" class="App\EscapeGame\InventoryTest" classname="App.EscapeGame.InventoryTest" file="/home/p0ntan/dbwebb-kurser/mvc/me/report/tests/EscapeGame/InventoryTest.php" line="29" assertions="4" time="0.000842"/>
        <testcase name="testAddItemUsingActionPickUp" class="App\EscapeGame\InventoryTest" classname="App.EscapeGame.InventoryTest" file="/home/p0ntan/dbwebb-kurser/mvc/me/report/tests/EscapeGame/InventoryTest.php" line="49" assertions="3" time="0.000770"/>
      </testsuite>
      <testsuite name="App\Card\DeckOfCardsTestPart2" file="/home/p0ntan/dbwebb-kurser/mvc/me/report/tests/Card/DeckOfCardsTest2.php" tests="4" assertions="7" errors="0" warnings="0" failures="0" skipped="0" time="0.002904">
        <testcase name="testGetSortedDeck" class="App\Card\DeckOfCardsTestPart2" classname="App.Card.DeckOfCardsTestPart2" file="/home/p0ntan/dbwebb-kurser/mvc/me/report/tests/Card/DeckOfCardsTest2.php" line="15" assertions="1" time="0.000765"/>
        <testcase name="testGetSortedDeckJson" class="App\Card\DeckOfCardsTestPart2" classname="App.Card.DeckOfCardsTestPart2" file="/home/p0ntan/dbwebb-kurser/mvc/me/report/tests/Card/DeckOfCardsTest2.php" line="38" assertions="1" time="0.000890"/>
        <testcase name="testGiveCardToPlayers" class="App\Card\DeckOfCardsTestPart2" classname="App.Card.DeckOfCardsTestPart2" file="/home/p0ntan/dbwebb-kurser/mvc/me/report/tests/Card/DeckOfCardsTest2.php" line="87" assertions="3" time="0.000667"/>
        <testcase name="testGiveCardToPlayersFail" class="App\Card\DeckOfCardsTestPart2" classname="App.Card.DeckOfCardsTestPart2" file="/home/p0ntan/dbwebb-kurser/mvc/me/report/tests/Card/DeckOfCardsTest2.php" line="110" assertions="2" time="0.000582"/>
      </testsuite>
      <testsuite name="App\Blackjack\GameBlackjackTest2" file="/home/p0ntan/dbwebb-kurser/mvc/me/report/tests/Blackjack/GameBlackjackTest2.php" tests="4" assertions="9" errors="0" warnings="0" failures="0" skipped="0" time="0.005421">
        <testcase name="testPlayComputerWins" class="App\Blackjack\GameBlackjackTest2" classname="App.Blackjack.GameBlackjackTest2" file="/home/p0ntan/dbwebb-kurser/mvc/me/report/tests/Blackjack/GameBlackjackTest2.php" line="17" assertions="3" time="0.001446"/>
        <testcase name="testPlayComputerLoses" class="App\Blackjack\GameBlackjackTest2" classname="App.Blackjack.GameBlackjackTest2" file="/home/p0ntan/dbwebb-kurser/mvc/me/report/tests/Blackjack/GameBlackjackTest2.php" line="52" assertions="2" time="0.001397"/>
        <testcase name="testPlayComputerDraw" class="App\Blackjack\GameBlackjackTest2" classname="App.Blackjack.GameBlackjackTest2" file="/home/p0ntan/dbwebb-kurser/mvc/me/report/tests/Blackjack/GameBlackjackTest2.php" line="84" assertions="2" time="0.001709"/>
        <testcase name="testGetAsJson" class="App\Blackjack\GameBlackjackTest2" classname="App.Blackjack.GameBlackjackTest2" file="/home/p0ntan/dbwebb-kurser/mvc/me/report/tests/Blackjack/GameBlackjackTest2.php" line="116" assertions="2" time="0.000868"/>
      </testsuite>
      <testsuite name="App\Blackjack\RulesBlackjackTest2" file="/home/p0ntan/dbwebb-kurser/mvc/me/report/tests/Blackjack/RulesBlackjackTest2.php" tests="5" assertions="7" errors="0" warnings="0" failures="0" skipped="0" time="0.016066">
        <testcase name="testFindWinner" class="App\Blackjack\RulesBlackjackTest2" classname="App.Blackjack.RulesBlackjackTest2" file="/home/p0ntan/dbwebb-kurser/mvc/me/report/tests/Blackjack/RulesBlackjackTest2.php" line="17" assertions="1" time="0.003778"/>
        <testcase name="testFindWinnerTwoHands" class="App\Blackjack\RulesBlackjackTest2" classname="App.Blackjack.RulesBlackjackTest2" file="/home/p0ntan/dbwebb-kurser/mvc/me/report/tests/Blackjack/RulesBlackjackTest2.php" line="52" assertions="2" time="0.003679"/>
        <testcase name="testFindWinnerTwoHandsBlackjack" class="App\Blackjack\RulesBlackjackTest2" classname="App.Blackjack.RulesBlackjackTest2" file="/home/p0ntan/dbwebb-kurser/mvc/me/report/tests/Blackjack/RulesBlackjackTest2.php" line="94" assertions="2" time="0.003356"/>
        <testcase name="testFindWinnerComputerBust" class="App\Blackjack\RulesBlackjackTest2" classname="App.Blackjack.RulesBlackjackTest2" file="/home/p0ntan/dbwebb-kurser/mvc/me/report/tests/Blackjack/RulesBlackjackTest2.php" line="135" assertions="1" time="0.002797"/>
        <testcase name="testFindWinnerDraw" class="App\Blackjack\RulesBlackjackTest2" classname="App.Blackjack.RulesBlackjackTest2" file="/home/p0ntan/dbwebb-kurser/mvc/me/report/tests/Blackjack/RulesBlackjackTest2.php" line="170" assertions="1" time="0.002457"/>
      </testsuite>
    </testsuite>
  </testsuite>
</testsuites>
